mode: set
github.com/zpenka/grit/core/filter.go:12.61,13.17 1 1
github.com/zpenka/grit/core/filter.go:13.17,15.3 1 1
github.com/zpenka/grit/core/filter.go:16.2,18.28 3 1
github.com/zpenka/grit/core/filter.go:18.28,21.54 1 1
github.com/zpenka/grit/core/filter.go:21.54,23.4 1 1
github.com/zpenka/grit/core/filter.go:25.2,25.12 1 1
github.com/zpenka/grit/core/filter.go:31.70,32.18 1 1
github.com/zpenka/grit/core/filter.go:32.18,34.3 1 1
github.com/zpenka/grit/core/filter.go:35.2,36.28 2 1
github.com/zpenka/grit/core/filter.go:36.28,37.42 1 1
github.com/zpenka/grit/core/filter.go:37.42,39.4 1 1
github.com/zpenka/grit/core/filter.go:41.2,41.12 1 1
github.com/zpenka/grit/core/filter.go:47.62,48.15 1 1
github.com/zpenka/grit/core/filter.go:48.15,50.3 1 1
github.com/zpenka/grit/core/filter.go:51.2,52.28 2 1
github.com/zpenka/grit/core/filter.go:52.28,53.33 1 1
github.com/zpenka/grit/core/filter.go:53.33,55.4 1 1
github.com/zpenka/grit/core/filter.go:57.2,57.12 1 1
github.com/zpenka/grit/core/filter.go:63.47,69.22 4 1
github.com/zpenka/grit/core/filter.go:69.22,71.3 1 0
github.com/zpenka/grit/core/filter.go:73.2,74.16 2 1
github.com/zpenka/grit/core/filter.go:74.16,76.3 1 0
github.com/zpenka/grit/core/filter.go:78.2,80.14 3 1
github.com/zpenka/grit/core/filter.go:81.13,82.18 1 1
github.com/zpenka/grit/core/filter.go:83.14,84.22 1 1
github.com/zpenka/grit/core/filter.go:85.15,86.23 1 0
github.com/zpenka/grit/core/filter.go:87.14,88.24 1 0
github.com/zpenka/grit/core/filter.go:89.10,90.15 1 0
github.com/zpenka/grit/core/filter.go:93.2,93.26 1 1
github.com/zpenka/grit/core/filter.go:98.63,100.16 2 1
github.com/zpenka/grit/core/filter.go:100.16,102.3 1 1
github.com/zpenka/grit/core/filter.go:104.2,105.28 2 1
github.com/zpenka/grit/core/filter.go:105.28,106.32 1 1
github.com/zpenka/grit/core/filter.go:106.32,108.4 1 1
github.com/zpenka/grit/core/filter.go:110.2,110.15 1 1
github.com/zpenka/grit/core/filter.go:115.75,117.28 2 0
github.com/zpenka/grit/core/filter.go:117.28,119.49 2 0
github.com/zpenka/grit/core/filter.go:119.49,121.4 1 0
github.com/zpenka/grit/core/filter.go:123.2,123.15 1 0
github.com/zpenka/grit/core/filter.go:128.63,130.28 2 1
github.com/zpenka/grit/core/filter.go:130.28,131.39 1 1
github.com/zpenka/grit/core/filter.go:131.39,133.4 1 1
github.com/zpenka/grit/core/filter.go:135.2,135.17 1 1
github.com/zpenka/grit/core/filter.go:140.36,142.20 2 0
github.com/zpenka/grit/core/filter.go:142.20,144.3 1 0
github.com/zpenka/grit/core/filter.go:145.2,146.13 2 0
github.com/zpenka/grit/core/filter.go:150.67,153.28 3 1
github.com/zpenka/grit/core/filter.go:153.28,155.24 2 1
github.com/zpenka/grit/core/filter.go:155.24,157.4 1 0
github.com/zpenka/grit/core/filter.go:157.9,157.33 1 1
github.com/zpenka/grit/core/filter.go:157.33,159.4 1 1
github.com/zpenka/grit/core/filter.go:159.9,159.33 1 0
github.com/zpenka/grit/core/filter.go:159.33,161.22 2 0
github.com/zpenka/grit/core/filter.go:161.22,163.5 1 0
github.com/zpenka/grit/core/filter.go:165.3,165.48 1 1
github.com/zpenka/grit/core/filter.go:168.2,168.29 1 1
github.com/zpenka/grit/core/filter.go:168.29,173.3 1 1
github.com/zpenka/grit/core/filter.go:174.2,174.15 1 1
github.com/zpenka/grit/core/parser.go:11.42,12.17 1 1
github.com/zpenka/grit/core/parser.go:12.17,14.3 1 1
github.com/zpenka/grit/core/parser.go:15.2,15.36 1 1
github.com/zpenka/grit/core/parser.go:15.36,17.3 1 1
github.com/zpenka/grit/core/parser.go:19.2,20.50 2 1
github.com/zpenka/grit/core/parser.go:20.50,21.17 1 1
github.com/zpenka/grit/core/parser.go:21.17,22.12 1 1
github.com/zpenka/grit/core/parser.go:25.3,26.21 2 1
github.com/zpenka/grit/core/parser.go:26.21,27.12 1 1
github.com/zpenka/grit/core/parser.go:30.3,36.5 1 1
github.com/zpenka/grit/core/parser.go:39.2,39.23 1 1
github.com/zpenka/grit/core/parser.go:39.23,41.3 1 0
github.com/zpenka/grit/core/parser.go:42.2,42.16 1 1
github.com/zpenka/grit/core/parser.go:48.40,50.49 2 1
github.com/zpenka/grit/core/parser.go:50.49,51.21 1 1
github.com/zpenka/grit/core/parser.go:51.21,52.12 1 0
github.com/zpenka/grit/core/parser.go:55.3,58.18 3 1
github.com/zpenka/grit/core/parser.go:59.12,61.19 2 1
github.com/zpenka/grit/core/parser.go:62.12,64.19 2 1
github.com/zpenka/grit/core/parser.go:65.12,66.19 1 1
github.com/zpenka/grit/core/parser.go:67.22,68.19 1 0
github.com/zpenka/grit/core/parser.go:71.3,71.58 1 1
github.com/zpenka/grit/core/parser.go:73.2,73.14 1 1
github.com/zpenka/grit/core/parser.go:79.50,81.28 2 1
github.com/zpenka/grit/core/parser.go:81.28,86.3 1 1
github.com/zpenka/grit/core/parser.go:87.2,87.14 1 1
github.com/zpenka/grit/core/utils.go:12.41,14.14 2 1
github.com/zpenka/grit/core/utils.go:14.14,16.3 1 1
github.com/zpenka/grit/core/utils.go:17.2,17.19 1 1
github.com/zpenka/grit/core/utils.go:17.19,19.3 1 1
github.com/zpenka/grit/core/utils.go:20.2,20.14 1 1
github.com/zpenka/grit/core/utils.go:20.14,22.3 1 1
github.com/zpenka/grit/core/utils.go:23.2,23.34 1 1
github.com/zpenka/grit/core/utils.go:28.33,29.40 1 1
github.com/zpenka/grit/core/utils.go:29.40,31.3 1 1
github.com/zpenka/grit/core/utils.go:32.2,32.10 1 1
github.com/zpenka/grit/core/utils.go:38.31,39.13 1 1
github.com/zpenka/grit/core/utils.go:39.13,41.3 1 1
github.com/zpenka/grit/core/utils.go:42.2,43.26 2 1
github.com/zpenka/grit/core/utils.go:43.26,45.3 1 1
github.com/zpenka/grit/core/utils.go:46.2,46.13 1 1
github.com/zpenka/grit/core/utils.go:46.13,48.3 1 1
github.com/zpenka/grit/core/utils.go:49.2,49.10 1 1
github.com/zpenka/grit/core/utils.go:55.46,60.32 5 1
github.com/zpenka/grit/core/utils.go:60.32,61.40 1 1
github.com/zpenka/grit/core/utils.go:61.40,64.4 2 1
github.com/zpenka/grit/core/utils.go:66.2,66.13 1 1
github.com/zpenka/grit/core/utils.go:72.44,74.70 2 1
github.com/zpenka/grit/core/utils.go:74.70,76.17 2 1
github.com/zpenka/grit/core/utils.go:76.17,77.12 1 0
github.com/zpenka/grit/core/utils.go:79.3,80.37 2 1
github.com/zpenka/grit/core/utils.go:80.37,81.12 1 0
github.com/zpenka/grit/core/utils.go:83.3,83.36 1 1
github.com/zpenka/grit/core/utils.go:85.2,85.17 1 1
github.com/zpenka/grit/core/utils.go:91.47,92.70 1 1
github.com/zpenka/grit/core/utils.go:92.70,93.36 1 1
github.com/zpenka/grit/core/utils.go:93.36,95.4 1 1
github.com/zpenka/grit/core/utils.go:97.2,97.11 1 1
github.com/zpenka/grit/core/utils.go:103.52,106.45 3 1
github.com/zpenka/grit/core/utils.go:106.45,108.3 1 1
github.com/zpenka/grit/core/utils.go:109.2,110.19 2 1
github.com/zpenka/grit/core/utils.go:110.19,112.3 1 0
github.com/zpenka/grit/core/utils.go:113.2,114.19 2 1
github.com/zpenka/grit/core/utils.go:114.19,116.3 1 0
github.com/zpenka/grit/core/utils.go:118.2,119.16 2 1
github.com/zpenka/grit/core/utils.go:119.16,121.3 1 0
github.com/zpenka/grit/core/utils.go:122.2,125.26 4 1
github.com/zpenka/grit/core/utils.go:125.26,127.3 1 1
github.com/zpenka/grit/core/utils.go:127.8,127.32 1 0
github.com/zpenka/grit/core/utils.go:127.32,129.3 1 0
github.com/zpenka/grit/core/utils.go:130.2,136.9 1 1
github.com/zpenka/grit/core/utils.go:142.44,144.51 2 1
github.com/zpenka/grit/core/utils.go:144.51,145.41 1 1
github.com/zpenka/grit/core/utils.go:145.41,147.4 1 1
github.com/zpenka/grit/core/utils.go:149.2,149.14 1 1
github.com/zpenka/grit/core/utils.go:155.43,156.29 1 1
github.com/zpenka/grit/core/utils.go:156.29,157.45 1 1
github.com/zpenka/grit/core/utils.go:157.45,159.4 1 1
github.com/zpenka/grit/core/utils.go:160.3,160.67 1 1
github.com/zpenka/grit/core/utils.go:160.67,162.4 1 1
github.com/zpenka/grit/core/utils.go:164.2,164.14 1 1
github.com/zpenka/grit/engine.go:61.36,71.2 1 1
github.com/zpenka/grit/engine.go:796.38,801.2 1 1
github.com/zpenka/grit/engine.go:806.43,808.70 2 1
github.com/zpenka/grit/engine.go:808.70,809.36 1 1
github.com/zpenka/grit/engine.go:809.36,810.12 1 1
github.com/zpenka/grit/engine.go:812.3,813.21 2 1
github.com/zpenka/grit/engine.go:813.21,814.12 1 1
github.com/zpenka/grit/engine.go:816.3,822.5 1 1
github.com/zpenka/grit/engine.go:824.2,824.16 1 1
github.com/zpenka/grit/engine.go:828.51,832.70 3 0
github.com/zpenka/grit/engine.go:832.70,833.36 1 0
github.com/zpenka/grit/engine.go:833.36,834.12 1 0
github.com/zpenka/grit/engine.go:836.3,837.21 2 0
github.com/zpenka/grit/engine.go:837.21,838.12 1 0
github.com/zpenka/grit/engine.go:842.3,842.36 1 0
github.com/zpenka/grit/engine.go:842.36,844.4 1 0
github.com/zpenka/grit/engine.go:847.3,856.14 7 0
github.com/zpenka/grit/engine.go:858.2,858.16 1 0
github.com/zpenka/grit/engine.go:862.39,864.48 2 1
github.com/zpenka/grit/engine.go:864.48,866.10 2 1
github.com/zpenka/grit/engine.go:867.38,868.19 1 1
github.com/zpenka/grit/engine.go:876.38,877.19 1 1
github.com/zpenka/grit/engine.go:878.37,879.20 1 1
github.com/zpenka/grit/engine.go:880.37,881.22 1 1
github.com/zpenka/grit/engine.go:882.11,883.22 1 1
github.com/zpenka/grit/engine.go:885.3,885.46 1 1
github.com/zpenka/grit/engine.go:887.2,887.14 1 1
github.com/zpenka/grit/engine.go:891.79,894.29 2 0
github.com/zpenka/grit/engine.go:894.29,898.25 2 0
github.com/zpenka/grit/engine.go:898.25,900.31 2 0
github.com/zpenka/grit/engine.go:900.31,901.38 1 0
github.com/zpenka/grit/engine.go:901.38,903.6 1 0
github.com/zpenka/grit/engine.go:909.2,910.33 2 0
github.com/zpenka/grit/engine.go:910.33,911.36 1 0
github.com/zpenka/grit/engine.go:911.36,913.4 1 0
github.com/zpenka/grit/engine.go:916.2,916.16 1 0
github.com/zpenka/grit/engine.go:921.41,923.14 2 1
github.com/zpenka/grit/engine.go:923.14,925.3 1 1
github.com/zpenka/grit/engine.go:926.2,926.19 1 1
github.com/zpenka/grit/engine.go:926.19,928.3 1 1
github.com/zpenka/grit/engine.go:929.2,929.14 1 1
github.com/zpenka/grit/engine.go:929.14,931.3 1 1
github.com/zpenka/grit/engine.go:932.2,932.34 1 1
github.com/zpenka/grit/engine.go:936.33,937.40 1 1
github.com/zpenka/grit/engine.go:937.40,939.3 1 1
github.com/zpenka/grit/engine.go:940.2,940.10 1 1
github.com/zpenka/grit/engine.go:944.36,945.33 1 1
github.com/zpenka/grit/engine.go:945.33,948.3 2 1
github.com/zpenka/grit/engine.go:949.2,949.10 1 1
github.com/zpenka/grit/engine.go:953.34,954.18 1 1
github.com/zpenka/grit/engine.go:954.18,957.3 2 1
github.com/zpenka/grit/engine.go:958.2,958.10 1 1
github.com/zpenka/grit/engine.go:962.43,964.16 2 1
github.com/zpenka/grit/engine.go:964.16,966.3 1 1
github.com/zpenka/grit/engine.go:967.2,968.27 2 1
github.com/zpenka/grit/engine.go:968.27,970.3 1 1
github.com/zpenka/grit/engine.go:971.2,971.10 1 1
github.com/zpenka/grit/engine.go:975.41,977.22 2 1
github.com/zpenka/grit/engine.go:977.22,979.3 1 1
github.com/zpenka/grit/engine.go:980.2,980.10 1 1
github.com/zpenka/grit/engine.go:984.33,985.26 1 1
github.com/zpenka/grit/engine.go:985.26,987.3 1 1
github.com/zpenka/grit/engine.go:987.8,989.3 1 1
github.com/zpenka/grit/engine.go:990.2,990.10 1 1
github.com/zpenka/grit/engine.go:994.41,996.12 2 1
github.com/zpenka/grit/engine.go:996.12,998.3 1 1
github.com/zpenka/grit/engine.go:999.2,999.12 1 1
github.com/zpenka/grit/engine.go:999.12,1001.3 1 1
github.com/zpenka/grit/engine.go:1002.2,1002.10 1 1
github.com/zpenka/grit/engine.go:1006.41,1008.2 1 1
github.com/zpenka/grit/engine.go:1012.35,1014.11 2 1
github.com/zpenka/grit/engine.go:1014.11,1016.3 1 1
github.com/zpenka/grit/engine.go:1017.2,1017.10 1 1
github.com/zpenka/grit/engine.go:1022.58,1024.29 2 1
github.com/zpenka/grit/engine.go:1024.29,1025.76 1 1
github.com/zpenka/grit/engine.go:1025.76,1026.12 1 1
github.com/zpenka/grit/engine.go:1028.3,1029.21 2 1
github.com/zpenka/grit/engine.go:1029.21,1030.12 1 0
github.com/zpenka/grit/engine.go:1032.3,1033.58 2 1
github.com/zpenka/grit/engine.go:1035.2,1035.14 1 1
github.com/zpenka/grit/engine.go:1040.61,1041.17 1 1
github.com/zpenka/grit/engine.go:1041.17,1043.3 1 1
github.com/zpenka/grit/engine.go:1044.2,1046.28 3 1
github.com/zpenka/grit/engine.go:1046.28,1049.54 1 1
github.com/zpenka/grit/engine.go:1049.54,1051.4 1 1
github.com/zpenka/grit/engine.go:1053.2,1053.12 1 1
github.com/zpenka/grit/engine.go:1057.90,1058.17 1 1
github.com/zpenka/grit/engine.go:1058.17,1060.3 1 0
github.com/zpenka/grit/engine.go:1063.2,1063.50 1 1
github.com/zpenka/grit/engine.go:1063.50,1066.3 2 1
github.com/zpenka/grit/engine.go:1069.2,1073.48 3 1
github.com/zpenka/grit/engine.go:1073.48,1076.3 2 1
github.com/zpenka/grit/engine.go:1078.2,1078.15 1 1
github.com/zpenka/grit/engine.go:1083.39,1086.23 2 1
github.com/zpenka/grit/engine.go:1086.23,1088.3 1 0
github.com/zpenka/grit/engine.go:1090.2,1090.26 1 1
github.com/zpenka/grit/engine.go:1090.26,1092.3 1 0
github.com/zpenka/grit/engine.go:1094.2,1095.15 2 1
github.com/zpenka/grit/engine.go:1099.51,1102.16 3 1
github.com/zpenka/grit/engine.go:1102.16,1104.3 1 0
github.com/zpenka/grit/engine.go:1105.2,1105.27 1 1
github.com/zpenka/grit/engine.go:1105.27,1107.3 1 1
github.com/zpenka/grit/engine.go:1108.2,1108.22 1 1
github.com/zpenka/grit/engine.go:1108.22,1110.3 1 1
github.com/zpenka/grit/engine.go:1111.2,1111.10 1 1
github.com/zpenka/grit/engine.go:1116.36,1118.18 2 1
github.com/zpenka/grit/engine.go:1118.18,1120.3 1 1
github.com/zpenka/grit/engine.go:1121.2,1121.10 1 1
github.com/zpenka/grit/engine.go:1126.44,1128.70 2 1
github.com/zpenka/grit/engine.go:1128.70,1130.17 2 1
github.com/zpenka/grit/engine.go:1130.17,1131.12 1 1
github.com/zpenka/grit/engine.go:1133.3,1134.37 2 1
github.com/zpenka/grit/engine.go:1134.37,1135.12 1 1
github.com/zpenka/grit/engine.go:1137.3,1137.36 1 1
github.com/zpenka/grit/engine.go:1139.2,1139.17 1 1
github.com/zpenka/grit/engine.go:1144.47,1145.70 1 1
github.com/zpenka/grit/engine.go:1145.70,1146.36 1 1
github.com/zpenka/grit/engine.go:1146.36,1148.4 1 1
github.com/zpenka/grit/engine.go:1150.2,1150.11 1 1
github.com/zpenka/grit/engine.go:1155.52,1158.45 3 1
github.com/zpenka/grit/engine.go:1158.45,1160.3 1 1
github.com/zpenka/grit/engine.go:1161.2,1162.19 2 1
github.com/zpenka/grit/engine.go:1162.19,1164.3 1 1
github.com/zpenka/grit/engine.go:1165.2,1166.19 2 1
github.com/zpenka/grit/engine.go:1166.19,1168.3 1 0
github.com/zpenka/grit/engine.go:1170.2,1171.16 2 1
github.com/zpenka/grit/engine.go:1171.16,1173.3 1 0
github.com/zpenka/grit/engine.go:1174.2,1177.26 4 1
github.com/zpenka/grit/engine.go:1177.26,1179.3 1 1
github.com/zpenka/grit/engine.go:1179.8,1179.32 1 1
github.com/zpenka/grit/engine.go:1179.32,1181.3 1 0
github.com/zpenka/grit/engine.go:1182.2,1188.9 1 1
github.com/zpenka/grit/engine.go:1193.44,1195.51 2 1
github.com/zpenka/grit/engine.go:1195.51,1196.41 1 1
github.com/zpenka/grit/engine.go:1196.41,1198.4 1 1
github.com/zpenka/grit/engine.go:1200.2,1200.14 1 1
github.com/zpenka/grit/engine.go:1206.34,1207.27 1 1
github.com/zpenka/grit/engine.go:1207.27,1209.3 1 1
github.com/zpenka/grit/engine.go:1210.2,1211.33 2 1
github.com/zpenka/grit/engine.go:1211.33,1212.33 1 1
github.com/zpenka/grit/engine.go:1212.33,1214.4 1 1
github.com/zpenka/grit/engine.go:1216.2,1216.12 1 1
github.com/zpenka/grit/engine.go:1221.31,1222.13 1 1
github.com/zpenka/grit/engine.go:1222.13,1224.3 1 1
github.com/zpenka/grit/engine.go:1225.2,1226.26 2 1
github.com/zpenka/grit/engine.go:1226.26,1228.3 1 1
github.com/zpenka/grit/engine.go:1229.2,1229.13 1 1
github.com/zpenka/grit/engine.go:1229.13,1231.3 1 1
github.com/zpenka/grit/engine.go:1232.2,1232.10 1 1
github.com/zpenka/grit/engine.go:1237.38,1239.19 2 1
github.com/zpenka/grit/engine.go:1239.19,1241.3 1 1
github.com/zpenka/grit/engine.go:1242.2,1242.10 1 1
github.com/zpenka/grit/engine.go:1247.70,1248.18 1 1
github.com/zpenka/grit/engine.go:1248.18,1250.3 1 1
github.com/zpenka/grit/engine.go:1251.2,1252.28 2 1
github.com/zpenka/grit/engine.go:1252.28,1253.42 1 1
github.com/zpenka/grit/engine.go:1253.42,1255.4 1 1
github.com/zpenka/grit/engine.go:1257.2,1257.12 1 1
github.com/zpenka/grit/engine.go:1263.62,1264.15 1 1
github.com/zpenka/grit/engine.go:1264.15,1266.3 1 1
github.com/zpenka/grit/engine.go:1267.2,1268.28 2 1
github.com/zpenka/grit/engine.go:1268.28,1269.33 1 1
github.com/zpenka/grit/engine.go:1269.33,1271.4 1 1
github.com/zpenka/grit/engine.go:1273.2,1273.12 1 1
github.com/zpenka/grit/engine.go:1278.47,1284.22 4 1
github.com/zpenka/grit/engine.go:1284.22,1286.3 1 0
github.com/zpenka/grit/engine.go:1288.2,1289.16 2 1
github.com/zpenka/grit/engine.go:1289.16,1291.3 1 0
github.com/zpenka/grit/engine.go:1293.2,1295.14 3 1
github.com/zpenka/grit/engine.go:1296.13,1297.18 1 1
github.com/zpenka/grit/engine.go:1298.14,1299.22 1 0
github.com/zpenka/grit/engine.go:1300.15,1301.23 1 0
github.com/zpenka/grit/engine.go:1302.14,1303.24 1 0
github.com/zpenka/grit/engine.go:1304.10,1305.15 1 0
github.com/zpenka/grit/engine.go:1308.2,1308.26 1 1
github.com/zpenka/grit/engine.go:1313.42,1315.26 2 1
github.com/zpenka/grit/engine.go:1315.26,1317.3 1 1
github.com/zpenka/grit/engine.go:1318.2,1318.23 1 1
github.com/zpenka/grit/engine.go:1318.23,1320.3 1 1
github.com/zpenka/grit/engine.go:1321.2,1321.23 1 1
github.com/zpenka/grit/engine.go:1321.23,1323.3 1 1
github.com/zpenka/grit/engine.go:1324.2,1324.49 1 1
github.com/zpenka/grit/engine.go:1328.51,1330.43 1 1
github.com/zpenka/grit/engine.go:1330.43,1332.3 1 0
github.com/zpenka/grit/engine.go:1333.2,1335.10 3 1
github.com/zpenka/grit/engine.go:1339.37,1340.25 1 1
github.com/zpenka/grit/engine.go:1340.25,1343.3 2 1
github.com/zpenka/grit/engine.go:1344.2,1344.10 1 1
github.com/zpenka/grit/engine.go:1348.40,1349.43 1 1
github.com/zpenka/grit/engine.go:1349.43,1352.3 2 1
github.com/zpenka/grit/engine.go:1353.2,1353.10 1 1
github.com/zpenka/grit/engine.go:1358.53,1360.29 2 1
github.com/zpenka/grit/engine.go:1360.29,1361.74 1 1
github.com/zpenka/grit/engine.go:1361.74,1363.4 1 1
github.com/zpenka/grit/engine.go:1364.3,1364.29 1 1
github.com/zpenka/grit/engine.go:1364.29,1366.4 1 1
github.com/zpenka/grit/engine.go:1367.3,1367.31 1 1
github.com/zpenka/grit/engine.go:1367.31,1369.4 1 1
github.com/zpenka/grit/engine.go:1371.2,1371.14 1 1
github.com/zpenka/grit/engine.go:1375.70,1381.29 5 1
github.com/zpenka/grit/engine.go:1381.29,1382.51 1 1
github.com/zpenka/grit/engine.go:1382.51,1384.4 1 1
github.com/zpenka/grit/engine.go:1385.3,1385.55 1 1
github.com/zpenka/grit/engine.go:1385.55,1387.4 1 1
github.com/zpenka/grit/engine.go:1389.3,1390.87 1 1
github.com/zpenka/grit/engine.go:1390.87,1392.4 1 1
github.com/zpenka/grit/engine.go:1395.2,1398.9 3 1
github.com/zpenka/grit/engine.go:1399.17,1400.18 1 1
github.com/zpenka/grit/engine.go:1401.13,1402.15 1 1
github.com/zpenka/grit/engine.go:1403.44,1404.20 1 1
github.com/zpenka/grit/engine.go:1405.10,1406.18 1 1
github.com/zpenka/grit/engine.go:1409.2,1410.17 2 1
github.com/zpenka/grit/engine.go:1410.17,1412.3 1 1
github.com/zpenka/grit/engine.go:1413.2,1413.16 1 1
github.com/zpenka/grit/engine.go:1413.16,1415.3 1 1
github.com/zpenka/grit/engine.go:1416.2,1418.12 2 1
github.com/zpenka/grit/engine.go:1423.46,1424.20 1 1
github.com/zpenka/grit/engine.go:1424.20,1426.3 1 1
github.com/zpenka/grit/engine.go:1427.2,1428.51 2 1
github.com/zpenka/grit/engine.go:1428.51,1430.3 1 0
github.com/zpenka/grit/engine.go:1431.2,1431.50 1 1
github.com/zpenka/grit/engine.go:1431.50,1433.3 1 1
github.com/zpenka/grit/engine.go:1434.2,1434.30 1 1
github.com/zpenka/grit/engine.go:1438.39,1439.17 1 1
github.com/zpenka/grit/engine.go:1439.17,1441.3 1 0
github.com/zpenka/grit/engine.go:1442.2,1442.39 1 1
github.com/zpenka/grit/engine.go:1446.36,1447.32 1 1
github.com/zpenka/grit/engine.go:1447.32,1449.3 1 0
github.com/zpenka/grit/engine.go:1450.2,1451.31 2 1
github.com/zpenka/grit/engine.go:1451.31,1454.33 2 0
github.com/zpenka/grit/engine.go:1454.33,1455.17 1 0
github.com/zpenka/grit/engine.go:1455.17,1457.5 1 0
github.com/zpenka/grit/engine.go:1459.3,1459.29 1 0
github.com/zpenka/grit/engine.go:1460.8,1463.3 1 1
github.com/zpenka/grit/engine.go:1464.2,1464.10 1 1
github.com/zpenka/grit/engine.go:1468.42,1469.27 1 1
github.com/zpenka/grit/engine.go:1469.27,1471.3 1 0
github.com/zpenka/grit/engine.go:1472.2,1473.32 2 1
github.com/zpenka/grit/engine.go:1473.32,1474.16 1 1
github.com/zpenka/grit/engine.go:1474.16,1476.4 1 1
github.com/zpenka/grit/engine.go:1478.2,1478.14 1 1
github.com/zpenka/grit/engine.go:1482.40,1483.49 1 1
github.com/zpenka/grit/engine.go:1483.49,1484.25 1 1
github.com/zpenka/grit/engine.go:1484.25,1487.4 2 1
github.com/zpenka/grit/engine.go:1489.2,1489.10 1 0
github.com/zpenka/grit/engine.go:1493.40,1494.37 1 0
github.com/zpenka/grit/engine.go:1494.37,1495.25 1 0
github.com/zpenka/grit/engine.go:1495.25,1498.4 2 0
github.com/zpenka/grit/engine.go:1500.2,1500.10 1 0
github.com/zpenka/grit/engine.go:1504.45,1506.55 2 0
github.com/zpenka/grit/engine.go:1506.55,1508.3 1 0
github.com/zpenka/grit/engine.go:1510.2,1535.34 2 0
github.com/zpenka/grit/engine.go:1535.34,1537.3 1 0
github.com/zpenka/grit/engine.go:1538.2,1538.39 1 0
github.com/zpenka/grit/engine.go:1538.39,1540.3 1 0
github.com/zpenka/grit/engine.go:1543.2,1543.15 1 0
github.com/zpenka/grit/engine.go:1548.65,1549.23 1 1
github.com/zpenka/grit/engine.go:1549.23,1551.3 1 0
github.com/zpenka/grit/engine.go:1552.2,1552.22 1 1
github.com/zpenka/grit/engine.go:1552.22,1554.3 1 0
github.com/zpenka/grit/engine.go:1557.2,1558.30 2 1
github.com/zpenka/grit/engine.go:1558.30,1560.3 1 0
github.com/zpenka/grit/engine.go:1561.2,1561.17 1 1
github.com/zpenka/grit/engine.go:1567.51,1569.28 2 0
github.com/zpenka/grit/engine.go:1569.28,1571.3 1 0
github.com/zpenka/grit/engine.go:1572.2,1572.26 1 0
github.com/zpenka/grit/engine.go:1572.26,1574.3 1 0
github.com/zpenka/grit/engine.go:1575.2,1575.25 1 0
github.com/zpenka/grit/engine.go:1575.25,1577.3 1 0
github.com/zpenka/grit/engine.go:1578.2,1578.21 1 0
github.com/zpenka/grit/engine.go:1578.21,1580.3 1 0
github.com/zpenka/grit/engine.go:1581.2,1581.33 1 0
github.com/zpenka/grit/engine.go:1586.34,1587.16 1 0
github.com/zpenka/grit/engine.go:1587.16,1589.3 1 0
github.com/zpenka/grit/engine.go:1590.2,1590.11 1 0
github.com/zpenka/grit/engine.go:1597.53,1599.28 2 1
github.com/zpenka/grit/engine.go:1599.28,1600.80 1 1
github.com/zpenka/grit/engine.go:1600.80,1602.4 1 1
github.com/zpenka/grit/engine.go:1603.3,1603.106 1 1
github.com/zpenka/grit/engine.go:1603.106,1605.4 1 0
github.com/zpenka/grit/engine.go:1607.2,1607.11 1 1
github.com/zpenka/grit/engine.go:1614.56,1619.29 5 1
github.com/zpenka/grit/engine.go:1619.29,1622.3 2 1
github.com/zpenka/grit/engine.go:1623.2,1623.20 1 1
github.com/zpenka/grit/engine.go:1629.46,1634.32 5 1
github.com/zpenka/grit/engine.go:1634.32,1635.40 1 1
github.com/zpenka/grit/engine.go:1635.40,1638.4 2 1
github.com/zpenka/grit/engine.go:1640.2,1640.13 1 1
github.com/zpenka/grit/engine.go:1647.43,1648.29 1 1
github.com/zpenka/grit/engine.go:1648.29,1649.45 1 1
github.com/zpenka/grit/engine.go:1649.45,1651.4 1 1
github.com/zpenka/grit/engine.go:1652.3,1652.67 1 1
github.com/zpenka/grit/engine.go:1652.67,1654.4 1 1
github.com/zpenka/grit/engine.go:1656.2,1656.14 1 1
github.com/zpenka/grit/engine.go:1663.49,1664.29 1 1
github.com/zpenka/grit/engine.go:1664.29,1665.45 1 1
github.com/zpenka/grit/engine.go:1665.45,1667.23 2 1
github.com/zpenka/grit/engine.go:1667.23,1669.5 1 1
github.com/zpenka/grit/engine.go:1672.2,1672.12 1 1
github.com/zpenka/grit/engine.go:1684.42,1689.29 4 1
github.com/zpenka/grit/engine.go:1689.29,1690.28 1 1
github.com/zpenka/grit/engine.go:1690.28,1691.21 1 1
github.com/zpenka/grit/engine.go:1691.21,1693.5 1 1
github.com/zpenka/grit/engine.go:1694.4,1699.15 2 1
github.com/zpenka/grit/engine.go:1700.9,1700.27 1 1
github.com/zpenka/grit/engine.go:1700.27,1702.4 1 1
github.com/zpenka/grit/engine.go:1704.2,1704.19 1 1
github.com/zpenka/grit/engine.go:1704.19,1706.3 1 1
github.com/zpenka/grit/engine.go:1707.2,1707.14 1 1
github.com/zpenka/grit/engine.go:1713.68,1714.23 1 0
github.com/zpenka/grit/engine.go:1714.23,1716.3 1 0
github.com/zpenka/grit/engine.go:1717.2,1717.19 1 0
github.com/zpenka/grit/engine.go:1717.19,1719.3 1 0
github.com/zpenka/grit/engine.go:1719.8,1721.3 1 0
github.com/zpenka/grit/engine.go:1722.2,1722.10 1 0
github.com/zpenka/grit/engine.go:1728.59,1730.2 1 0
github.com/zpenka/grit/engine.go:1735.67,1736.17 1 1
github.com/zpenka/grit/engine.go:1736.17,1738.3 1 1
github.com/zpenka/grit/engine.go:1741.2,1741.35 1 1
github.com/zpenka/grit/engine.go:1741.35,1743.22 2 1
github.com/zpenka/grit/engine.go:1743.22,1745.4 1 0
github.com/zpenka/grit/engine.go:1746.3,1748.33 3 1
github.com/zpenka/grit/engine.go:1748.33,1750.4 1 0
github.com/zpenka/grit/engine.go:1751.3,1751.27 1 1
github.com/zpenka/grit/engine.go:1755.2,1756.16 2 1
github.com/zpenka/grit/engine.go:1756.16,1758.3 1 1
github.com/zpenka/grit/engine.go:1759.2,1759.24 1 1
github.com/zpenka/grit/engine.go:1766.66,1767.16 1 1
github.com/zpenka/grit/engine.go:1767.16,1769.3 1 1
github.com/zpenka/grit/engine.go:1772.2,1772.19 1 1
github.com/zpenka/grit/engine.go:1778.40,1780.51 2 1
github.com/zpenka/grit/engine.go:1780.51,1782.17 2 1
github.com/zpenka/grit/engine.go:1782.17,1783.12 1 1
github.com/zpenka/grit/engine.go:1786.3,1787.22 2 1
github.com/zpenka/grit/engine.go:1787.22,1790.36 2 1
github.com/zpenka/grit/engine.go:1790.36,1792.5 1 1
github.com/zpenka/grit/engine.go:1795.2,1795.13 1 1
github.com/zpenka/grit/engine.go:1801.74,1803.27 2 0
github.com/zpenka/grit/engine.go:1803.27,1805.3 1 0
github.com/zpenka/grit/engine.go:1806.2,1806.14 1 0
github.com/zpenka/grit/engine.go:1810.48,1812.2 1 0
github.com/zpenka/grit/engine.go:1815.52,1816.26 1 0
github.com/zpenka/grit/engine.go:1816.26,1818.3 1 0
github.com/zpenka/grit/engine.go:1819.2,1819.11 1 0
github.com/zpenka/grit/engine.go:1823.57,1825.14 2 1
github.com/zpenka/grit/engine.go:1825.14,1828.3 2 0
github.com/zpenka/grit/engine.go:1829.2,1829.10 1 1
github.com/zpenka/grit/engine.go:1833.59,1834.23 1 0
github.com/zpenka/grit/engine.go:1834.23,1835.39 1 0
github.com/zpenka/grit/engine.go:1835.39,1837.4 1 0
github.com/zpenka/grit/engine.go:1839.2,1839.11 1 0
github.com/zpenka/grit/engine.go:1845.53,1847.28 2 1
github.com/zpenka/grit/engine.go:1847.28,1854.60 2 1
github.com/zpenka/grit/engine.go:1854.60,1856.4 1 0
github.com/zpenka/grit/engine.go:1858.3,1859.30 2 1
github.com/zpenka/grit/engine.go:1861.2,1861.14 1 1
github.com/zpenka/grit/engine.go:1865.48,1869.28 3 0
github.com/zpenka/grit/engine.go:1869.28,1870.60 1 0
github.com/zpenka/grit/engine.go:1870.60,1872.9 2 0
github.com/zpenka/grit/engine.go:1875.2,1875.14 1 0
github.com/zpenka/grit/engine.go:1875.14,1877.3 1 0
github.com/zpenka/grit/engine.go:1877.8,1879.3 1 0
github.com/zpenka/grit/engine.go:1880.2,1880.17 1 0
github.com/zpenka/grit/engine.go:1885.49,1886.21 1 0
github.com/zpenka/grit/engine.go:1886.21,1888.3 1 0
github.com/zpenka/grit/engine.go:1889.2,1890.29 2 0
github.com/zpenka/grit/engine.go:1890.29,1892.19 2 0
github.com/zpenka/grit/engine.go:1892.19,1894.4 1 0
github.com/zpenka/grit/engine.go:1895.3,1896.20 2 0
github.com/zpenka/grit/engine.go:1896.20,1898.4 1 0
github.com/zpenka/grit/engine.go:1899.3,1899.59 1 0
github.com/zpenka/grit/engine.go:1901.2,1904.4 1 0
github.com/zpenka/grit/engine.go:1908.82,1909.21 1 1
github.com/zpenka/grit/engine.go:1909.21,1911.3 1 0
github.com/zpenka/grit/engine.go:1912.2,1912.19 1 1
github.com/zpenka/grit/engine.go:1913.14,1914.32 1 1
github.com/zpenka/grit/engine.go:1914.32,1916.4 1 1
github.com/zpenka/grit/engine.go:1917.12,1918.21 1 1
github.com/zpenka/grit/engine.go:1918.21,1920.4 1 1
github.com/zpenka/grit/engine.go:1922.2,1922.19 1 0
github.com/zpenka/grit/engine.go:1926.67,1930.2 2 0
github.com/zpenka/grit/engine.go:1935.63,1936.16 1 1
github.com/zpenka/grit/engine.go:1936.16,1938.3 1 0
github.com/zpenka/grit/engine.go:1940.2,1940.19 1 1
github.com/zpenka/grit/engine.go:1944.74,1945.23 1 1
github.com/zpenka/grit/engine.go:1945.23,1947.3 1 0
github.com/zpenka/grit/engine.go:1948.2,1949.28 2 1
github.com/zpenka/grit/engine.go:1949.28,1951.3 1 1
github.com/zpenka/grit/engine.go:1952.2,1955.4 1 1
github.com/zpenka/grit/engine.go:1959.72,1963.2 2 0
github.com/zpenka/grit/engine.go:1966.72,1967.16 1 1
github.com/zpenka/grit/engine.go:1967.16,1969.3 1 0
github.com/zpenka/grit/engine.go:1970.2,1971.28 2 1
github.com/zpenka/grit/engine.go:1971.28,1972.43 1 1
github.com/zpenka/grit/engine.go:1972.43,1974.4 1 0
github.com/zpenka/grit/engine.go:1976.2,1976.15 1 1
github.com/zpenka/grit/engine.go:1980.53,1983.2 1 1
github.com/zpenka/grit/engine.go:1988.49,1990.51 2 1
github.com/zpenka/grit/engine.go:1990.51,1992.17 2 1
github.com/zpenka/grit/engine.go:1992.17,1993.12 1 1
github.com/zpenka/grit/engine.go:1996.3,1997.22 2 1
github.com/zpenka/grit/engine.go:1997.22,2003.29 5 1
github.com/zpenka/grit/engine.go:2003.29,2005.5 1 1
github.com/zpenka/grit/engine.go:2006.4,2010.6 1 1
github.com/zpenka/grit/engine.go:2013.2,2013.16 1 1
github.com/zpenka/grit/engine.go:2017.47,2019.51 2 1
github.com/zpenka/grit/engine.go:2019.51,2021.17 2 1
github.com/zpenka/grit/engine.go:2021.17,2022.12 1 1
github.com/zpenka/grit/engine.go:2025.3,2026.22 2 1
github.com/zpenka/grit/engine.go:2026.22,2032.29 6 1
github.com/zpenka/grit/engine.go:2032.29,2034.5 1 1
github.com/zpenka/grit/engine.go:2035.4,2035.29 1 1
github.com/zpenka/grit/engine.go:2035.29,2037.5 1 1
github.com/zpenka/grit/engine.go:2038.4,2042.6 1 1
github.com/zpenka/grit/engine.go:2045.2,2045.16 1 1
github.com/zpenka/grit/engine.go:2050.62,2052.28 2 1
github.com/zpenka/grit/engine.go:2052.28,2054.3 1 1
github.com/zpenka/grit/engine.go:2056.2,2061.33 2 1
github.com/zpenka/grit/engine.go:2065.64,2067.28 2 1
github.com/zpenka/grit/engine.go:2067.28,2069.3 1 1
github.com/zpenka/grit/engine.go:2071.2,2075.33 2 1
github.com/zpenka/grit/engine.go:2079.49,2087.2 1 1
github.com/zpenka/grit/engine.go:2090.51,2098.2 1 1
github.com/zpenka/grit/engine.go:2101.52,2105.2 3 1
github.com/zpenka/grit/engine.go:2108.66,2109.36 1 0
github.com/zpenka/grit/engine.go:2109.36,2111.3 1 0
github.com/zpenka/grit/engine.go:2112.2,2112.22 1 0
github.com/zpenka/grit/engine.go:2118.50,2119.13 1 1
github.com/zpenka/grit/engine.go:2120.11,2121.24 1 1
github.com/zpenka/grit/engine.go:2122.11,2123.28 1 1
github.com/zpenka/grit/engine.go:2124.12,2126.25 2 1
github.com/zpenka/grit/engine.go:2127.11,2129.22 2 1
github.com/zpenka/grit/engine.go:2130.11,2131.33 1 1
github.com/zpenka/grit/engine.go:2132.11,2133.34 1 1
github.com/zpenka/grit/engine.go:2134.11,2136.45 2 1
github.com/zpenka/grit/engine.go:2136.45,2138.4 1 1
github.com/zpenka/grit/engine.go:2139.11,2140.24 1 1
github.com/zpenka/grit/engine.go:2141.11,2143.51 2 1
github.com/zpenka/grit/engine.go:2143.51,2145.4 1 1
github.com/zpenka/grit/engine.go:2146.11,2147.43 1 1
github.com/zpenka/grit/engine.go:2148.11,2150.22 2 1
github.com/zpenka/grit/engine.go:2150.22,2153.4 2 1
github.com/zpenka/grit/engine.go:2155.11,2156.28 1 0
github.com/zpenka/grit/engine.go:2156.28,2158.4 1 0
github.com/zpenka/grit/engine.go:2158.9,2161.4 2 0
github.com/zpenka/grit/engine.go:2162.11,2164.51 2 0
github.com/zpenka/grit/engine.go:2164.51,2166.4 1 0
github.com/zpenka/grit/engine.go:2167.11,2168.21 1 0
github.com/zpenka/grit/engine.go:2168.21,2170.4 1 0
github.com/zpenka/grit/engine.go:2171.3,2171.35 1 0
github.com/zpenka/grit/engine.go:2173.11,2175.55 2 0
github.com/zpenka/grit/engine.go:2175.55,2177.4 1 0
github.com/zpenka/grit/engine.go:2178.11,2180.45 2 0
github.com/zpenka/grit/engine.go:2180.45,2182.4 1 0
github.com/zpenka/grit/engine.go:2183.11,2185.50 2 0
github.com/zpenka/grit/engine.go:2185.50,2186.32 1 0
github.com/zpenka/grit/engine.go:2186.32,2189.5 2 0
github.com/zpenka/grit/engine.go:2191.11,2193.53 2 0
github.com/zpenka/grit/engine.go:2193.53,2195.4 1 0
github.com/zpenka/grit/engine.go:2196.11,2198.52 2 0
github.com/zpenka/grit/engine.go:2198.52,2200.4 1 0
github.com/zpenka/grit/engine.go:2202.11,2204.64 2 0
github.com/zpenka/grit/engine.go:2204.64,2206.4 1 0
github.com/zpenka/grit/engine.go:2207.11,2209.65 2 0
github.com/zpenka/grit/engine.go:2209.65,2211.4 1 0
github.com/zpenka/grit/engine.go:2212.11,2214.59 2 0
github.com/zpenka/grit/engine.go:2214.59,2216.4 1 0
github.com/zpenka/grit/engine.go:2217.11,2219.52 2 0
github.com/zpenka/grit/engine.go:2219.52,2221.4 1 0
github.com/zpenka/grit/engine.go:2223.11,2224.31 1 0
github.com/zpenka/grit/engine.go:2224.31,2226.4 1 0
github.com/zpenka/grit/engine.go:2226.9,2228.4 1 0
github.com/zpenka/grit/engine.go:2229.11,2230.27 1 0
github.com/zpenka/grit/engine.go:2230.27,2233.4 2 0
github.com/zpenka/grit/engine.go:2233.9,2235.4 1 0
github.com/zpenka/grit/engine.go:2236.11,2238.58 2 0
github.com/zpenka/grit/engine.go:2238.58,2240.4 1 0
github.com/zpenka/grit/engine.go:2242.11,2244.47 2 0
github.com/zpenka/grit/engine.go:2244.47,2246.4 1 0
github.com/zpenka/grit/engine.go:2247.11,2249.49 2 0
github.com/zpenka/grit/engine.go:2249.49,2251.4 1 0
github.com/zpenka/grit/engine.go:2252.11,2253.43 1 0
github.com/zpenka/grit/engine.go:2254.11,2255.33 1 0
github.com/zpenka/grit/engine.go:2256.11,2258.49 2 0
github.com/zpenka/grit/engine.go:2258.49,2260.4 1 0
github.com/zpenka/grit/engine.go:2262.11,2264.59 2 0
github.com/zpenka/grit/engine.go:2264.59,2266.4 1 0
github.com/zpenka/grit/engine.go:2267.11,2269.51 2 0
github.com/zpenka/grit/engine.go:2269.51,2271.4 1 0
github.com/zpenka/grit/engine.go:2272.11,2274.42 2 0
github.com/zpenka/grit/engine.go:2274.42,2276.4 1 0
github.com/zpenka/grit/engine.go:2277.11,2279.62 2 0
github.com/zpenka/grit/engine.go:2279.62,2281.4 1 0
github.com/zpenka/grit/engine.go:2282.11,2284.51 2 0
github.com/zpenka/grit/engine.go:2284.51,2286.4 1 0
github.com/zpenka/grit/engine.go:2288.11,2290.48 2 0
github.com/zpenka/grit/engine.go:2290.48,2292.4 1 0
github.com/zpenka/grit/engine.go:2293.11,2295.47 2 0
github.com/zpenka/grit/engine.go:2295.47,2297.4 1 0
github.com/zpenka/grit/engine.go:2298.11,2299.35 1 0
github.com/zpenka/grit/engine.go:2300.11,2302.53 2 1
github.com/zpenka/grit/engine.go:2302.53,2304.4 1 1
github.com/zpenka/grit/engine.go:2305.10,2307.83 1 1
github.com/zpenka/grit/engine.go:2307.83,2309.35 2 1
github.com/zpenka/grit/engine.go:2309.35,2310.28 1 1
github.com/zpenka/grit/engine.go:2310.28,2312.6 1 1
github.com/zpenka/grit/engine.go:2313.10,2314.28 1 0
github.com/zpenka/grit/engine.go:2314.28,2316.6 1 0
github.com/zpenka/grit/engine.go:2320.2,2320.10 1 1
github.com/zpenka/grit/engine.go:2324.54,2325.15 1 0
github.com/zpenka/grit/engine.go:2325.15,2327.3 1 0
github.com/zpenka/grit/engine.go:2328.2,2328.33 1 0
github.com/zpenka/grit/engine.go:2334.67,2335.23 1 0
github.com/zpenka/grit/engine.go:2335.23,2337.3 1 0
github.com/zpenka/grit/engine.go:2338.2,2339.14 2 0
github.com/zpenka/grit/engine.go:2344.52,2346.35 2 0
github.com/zpenka/grit/engine.go:2346.35,2347.31 1 0
github.com/zpenka/grit/engine.go:2347.31,2348.27 1 0
github.com/zpenka/grit/engine.go:2348.27,2350.10 2 0
github.com/zpenka/grit/engine.go:2355.2,2360.33 2 0
github.com/zpenka/grit/engine.go:2364.49,2365.29 1 0
github.com/zpenka/grit/engine.go:2365.29,2367.3 1 0
github.com/zpenka/grit/engine.go:2368.2,2368.40 1 0
github.com/zpenka/grit/engine.go:2372.48,2373.20 1 0
github.com/zpenka/grit/engine.go:2374.15,2375.43 1 0
github.com/zpenka/grit/engine.go:2376.16,2377.50 1 0
github.com/zpenka/grit/engine.go:2378.10,2379.12 1 0
github.com/zpenka/grit/engine.go:2384.69,2386.72 2 0
github.com/zpenka/grit/engine.go:2386.72,2389.19 3 0
github.com/zpenka/grit/engine.go:2389.19,2391.4 1 0
github.com/zpenka/grit/engine.go:2392.3,2392.30 1 0
github.com/zpenka/grit/engine.go:2394.2,2397.4 1 0
github.com/zpenka/grit/engine.go:2401.38,2405.2 3 0
github.com/zpenka/grit/engine.go:2408.37,2412.2 3 0
github.com/zpenka/grit/engine.go:2417.40,2423.2 1 1
github.com/zpenka/grit/engine.go:2426.56,2427.40 1 1
github.com/zpenka/grit/engine.go:2427.40,2429.33 2 1
github.com/zpenka/grit/engine.go:2429.33,2433.4 3 1
github.com/zpenka/grit/engine.go:2435.2,2435.22 1 1
github.com/zpenka/grit/engine.go:2439.57,2441.8 2 1
github.com/zpenka/grit/engine.go:2441.8,2443.3 1 1
github.com/zpenka/grit/engine.go:2444.2,2444.18 1 1
github.com/zpenka/grit/engine.go:2448.40,2450.2 1 1
github.com/zpenka/grit/engine.go:2453.40,2459.2 1 1
github.com/zpenka/grit/engine.go:2462.82,2463.35 1 1
github.com/zpenka/grit/engine.go:2463.35,2466.3 2 1
github.com/zpenka/grit/engine.go:2467.2,2469.32 3 1
github.com/zpenka/grit/engine.go:2469.32,2473.3 3 0
github.com/zpenka/grit/engine.go:2474.2,2475.14 2 1
github.com/zpenka/grit/engine.go:2479.40,2481.2 1 0
github.com/zpenka/grit/engine.go:2484.42,2489.2 1 1
github.com/zpenka/grit/engine.go:2492.71,2493.36 1 1
github.com/zpenka/grit/engine.go:2493.36,2496.3 2 1
github.com/zpenka/grit/engine.go:2497.2,2498.16 2 1
github.com/zpenka/grit/engine.go:2498.16,2500.3 1 0
github.com/zpenka/grit/engine.go:2501.2,2501.31 1 1
github.com/zpenka/grit/engine.go:2501.31,2503.3 1 1
github.com/zpenka/grit/engine.go:2504.2,2504.16 1 1
github.com/zpenka/grit/engine.go:2510.34,2511.56 1 0
github.com/zpenka/grit/engine.go:2511.56,2513.3 1 0
github.com/zpenka/grit/engine.go:2514.2,2514.10 1 0
github.com/zpenka/grit/engine.go:2518.35,2519.51 1 1
github.com/zpenka/grit/engine.go:2519.51,2521.3 1 0
github.com/zpenka/grit/engine.go:2522.2,2522.10 1 1
github.com/zpenka/grit/engine.go:2526.46,2528.2 1 0
github.com/zpenka/grit/engine.go:2533.49,2534.30 1 0
github.com/zpenka/grit/engine.go:2534.30,2536.3 1 0
github.com/zpenka/grit/engine.go:2537.2,2537.43 1 0
github.com/zpenka/grit/engine.go:2541.57,2542.20 1 1
github.com/zpenka/grit/engine.go:2542.20,2544.3 1 1
github.com/zpenka/grit/engine.go:2545.2,2545.34 1 0
github.com/zpenka/grit/engine.go:2553.55,2555.28 2 1
github.com/zpenka/grit/engine.go:2555.28,2561.3 1 1
github.com/zpenka/grit/engine.go:2562.2,2562.12 1 1
github.com/zpenka/grit/engine.go:2566.61,2567.62 1 1
github.com/zpenka/grit/engine.go:2567.62,2569.3 1 0
github.com/zpenka/grit/engine.go:2570.2,2570.16 1 1
github.com/zpenka/grit/engine.go:2570.16,2572.3 1 1
github.com/zpenka/grit/engine.go:2573.2,2575.24 3 1
github.com/zpenka/grit/engine.go:2575.24,2576.16 1 1
github.com/zpenka/grit/engine.go:2576.16,2577.12 1 1
github.com/zpenka/grit/engine.go:2579.3,2579.27 1 1
github.com/zpenka/grit/engine.go:2579.27,2582.4 2 1
github.com/zpenka/grit/engine.go:2582.9,2582.34 1 1
github.com/zpenka/grit/engine.go:2582.34,2585.4 2 1
github.com/zpenka/grit/engine.go:2585.9,2587.4 1 1
github.com/zpenka/grit/engine.go:2589.2,2589.15 1 1
github.com/zpenka/grit/engine.go:2593.55,2594.32 1 1
github.com/zpenka/grit/engine.go:2594.32,2596.3 1 1
github.com/zpenka/grit/engine.go:2597.2,2597.12 1 1
github.com/zpenka/grit/engine.go:2601.54,2602.32 1 1
github.com/zpenka/grit/engine.go:2602.32,2604.3 1 1
github.com/zpenka/grit/engine.go:2605.2,2605.12 1 1
github.com/zpenka/grit/engine.go:2609.43,2612.25 3 1
github.com/zpenka/grit/engine.go:2612.25,2614.20 2 1
github.com/zpenka/grit/engine.go:2614.20,2616.4 1 0
github.com/zpenka/grit/engine.go:2617.3,2617.82 1 1
github.com/zpenka/grit/engine.go:2619.2,2619.20 1 1
github.com/zpenka/grit/engine.go:2625.51,2627.37 2 1
github.com/zpenka/grit/engine.go:2627.37,2628.16 1 1
github.com/zpenka/grit/engine.go:2628.16,2631.9 3 1
github.com/zpenka/grit/engine.go:2634.2,2634.12 1 1
github.com/zpenka/grit/engine.go:2634.12,2636.3 1 1
github.com/zpenka/grit/engine.go:2637.2,2637.10 1 1
github.com/zpenka/grit/engine.go:2641.65,2644.29 3 1
github.com/zpenka/grit/engine.go:2644.29,2645.29 1 1
github.com/zpenka/grit/engine.go:2645.29,2646.45 1 1
github.com/zpenka/grit/engine.go:2646.45,2648.22 2 1
github.com/zpenka/grit/engine.go:2648.22,2650.6 1 0
github.com/zpenka/grit/engine.go:2651.5,2652.10 2 1
github.com/zpenka/grit/engine.go:2656.2,2656.20 1 1
github.com/zpenka/grit/engine.go:2662.46,2663.16 1 1
github.com/zpenka/grit/engine.go:2663.16,2665.3 1 0
github.com/zpenka/grit/engine.go:2666.2,2666.53 1 1
github.com/zpenka/grit/engine.go:2672.39,2674.2 1 1
github.com/zpenka/grit/engine.go:2679.53,2680.31 1 1
github.com/zpenka/grit/engine.go:2680.31,2683.3 2 1
github.com/zpenka/grit/engine.go:2684.2,2684.10 1 1
github.com/zpenka/grit/engine.go:2692.60,2694.28 2 1
github.com/zpenka/grit/engine.go:2694.28,2696.3 1 1
github.com/zpenka/grit/engine.go:2697.2,2697.14 1 1
github.com/zpenka/grit/engine.go:2702.64,2704.2 1 0
github.com/zpenka/grit/engine.go:2709.58,2711.28 2 1
github.com/zpenka/grit/engine.go:2711.28,2713.38 1 0
github.com/zpenka/grit/engine.go:2713.38,2715.4 1 0
github.com/zpenka/grit/engine.go:2715.9,2715.46 1 0
github.com/zpenka/grit/engine.go:2715.46,2717.4 1 0
github.com/zpenka/grit/engine.go:2717.9,2719.4 1 0
github.com/zpenka/grit/engine.go:2721.2,2721.14 1 1
github.com/zpenka/grit/engine.go:2725.55,2727.28 2 0
github.com/zpenka/grit/engine.go:2727.28,2729.38 1 0
github.com/zpenka/grit/engine.go:2729.38,2731.4 1 0
github.com/zpenka/grit/engine.go:2733.2,2733.15 1 0
github.com/zpenka/grit/engine.go:2737.62,2739.2 1 0
github.com/zpenka/grit/engine.go:2744.48,2748.32 4 1
github.com/zpenka/grit/engine.go:2748.32,2749.21 1 1
github.com/zpenka/grit/engine.go:2749.21,2751.4 1 1
github.com/zpenka/grit/engine.go:2753.2,2753.18 1 1
github.com/zpenka/grit/engine.go:2759.48,2763.32 4 1
github.com/zpenka/grit/engine.go:2763.32,2764.21 1 1
github.com/zpenka/grit/engine.go:2764.21,2766.4 1 1
github.com/zpenka/grit/engine.go:2768.2,2768.18 1 1
github.com/zpenka/grit/engine.go:2774.69,2776.23 2 0
github.com/zpenka/grit/engine.go:2776.23,2778.3 1 0
github.com/zpenka/grit/engine.go:2779.2,2781.16 3 0
github.com/zpenka/grit/engine.go:2785.82,2787.2 1 0
github.com/zpenka/grit/engine.go:2792.48,2793.32 1 0
github.com/zpenka/grit/engine.go:2793.32,2795.3 1 0
github.com/zpenka/grit/engine.go:2796.2,2796.40 1 0
github.com/zpenka/grit/engine.go:2800.54,2804.35 3 0
github.com/zpenka/grit/engine.go:2804.35,2806.3 1 0
github.com/zpenka/grit/engine.go:2808.2,2809.39 2 0
github.com/zpenka/grit/engine.go:2809.39,2811.3 1 0
github.com/zpenka/grit/engine.go:2813.2,2813.54 1 0
github.com/zpenka/grit/engine.go:2820.36,2821.48 1 0
github.com/zpenka/grit/engine.go:2821.48,2827.44 6 0
github.com/zpenka/grit/engine.go:2827.44,2829.4 1 0
github.com/zpenka/grit/engine.go:2830.3,2831.24 2 0
github.com/zpenka/grit/engine.go:2833.2,2833.10 1 0
github.com/zpenka/grit/engine.go:2836.36,2837.57 1 0
github.com/zpenka/grit/engine.go:2837.57,2839.3 1 0
github.com/zpenka/grit/engine.go:2840.2,2840.10 1 0
github.com/zpenka/grit/engine.go:2843.35,2844.57 1 0
github.com/zpenka/grit/engine.go:2844.57,2846.3 1 0
github.com/zpenka/grit/engine.go:2847.2,2847.10 1 0
github.com/zpenka/grit/engine.go:2850.78,2851.58 1 0
github.com/zpenka/grit/engine.go:2851.58,2853.3 1 0
github.com/zpenka/grit/engine.go:2854.2,2855.25 2 0
github.com/zpenka/grit/engine.go:2855.25,2857.3 1 0
github.com/zpenka/grit/engine.go:2858.2,2859.24 2 0
github.com/zpenka/grit/engine.go:2859.24,2861.3 1 0
github.com/zpenka/grit/engine.go:2862.2,2862.41 1 0
github.com/zpenka/grit/engine.go:2862.41,2863.31 1 0
github.com/zpenka/grit/engine.go:2863.31,2864.12 1 0
github.com/zpenka/grit/engine.go:2866.3,2866.30 1 0
github.com/zpenka/grit/engine.go:2866.30,2867.12 1 0
github.com/zpenka/grit/engine.go:2869.3,2869.25 1 0
github.com/zpenka/grit/engine.go:2871.2,2871.22 1 0
github.com/zpenka/grit/engine.go:2871.22,2873.3 1 0
github.com/zpenka/grit/engine.go:2874.2,2874.11 1 0
github.com/zpenka/grit/engine.go:2880.48,2888.2 2 0
github.com/zpenka/grit/engine.go:2890.53,2892.21 2 1
github.com/zpenka/grit/engine.go:2892.21,2894.3 1 1
github.com/zpenka/grit/engine.go:2895.2,2896.21 2 1
github.com/zpenka/grit/engine.go:2896.21,2899.3 2 1
github.com/zpenka/grit/engine.go:2900.2,2900.14 1 1
github.com/zpenka/grit/engine.go:2905.62,2907.76 2 0
github.com/zpenka/grit/engine.go:2907.76,2908.17 1 0
github.com/zpenka/grit/engine.go:2908.17,2909.12 1 0
github.com/zpenka/grit/engine.go:2911.3,2912.21 2 0
github.com/zpenka/grit/engine.go:2912.21,2913.12 1 0
github.com/zpenka/grit/engine.go:2915.3,2919.47 4 0
github.com/zpenka/grit/engine.go:2919.47,2922.20 3 0
github.com/zpenka/grit/engine.go:2922.20,2925.5 2 0
github.com/zpenka/grit/engine.go:2928.3,2933.5 1 0
github.com/zpenka/grit/engine.go:2935.2,2935.16 1 0
github.com/zpenka/grit/engine.go:2938.42,2941.40 3 0
github.com/zpenka/grit/engine.go:2941.40,2949.3 1 0
github.com/zpenka/grit/engine.go:2950.2,2950.10 1 0
github.com/zpenka/grit/engine.go:2955.54,2958.34 3 0
github.com/zpenka/grit/engine.go:2958.34,2959.55 1 0
github.com/zpenka/grit/engine.go:2959.55,2961.23 2 0
github.com/zpenka/grit/engine.go:2961.23,2964.25 3 0
github.com/zpenka/grit/engine.go:2964.25,2967.6 2 0
github.com/zpenka/grit/engine.go:2968.5,2974.7 1 0
github.com/zpenka/grit/engine.go:2978.2,2978.16 1 0
github.com/zpenka/grit/engine.go:2982.53,2983.29 1 0
github.com/zpenka/grit/engine.go:2983.29,2985.3 1 0
github.com/zpenka/grit/engine.go:2986.2,2987.35 2 0
github.com/zpenka/grit/engine.go:2987.35,2989.3 1 0
github.com/zpenka/grit/engine.go:2990.2,2993.4 1 0
github.com/zpenka/grit/engine.go:2998.43,3002.2 3 0
github.com/zpenka/grit/engine.go:3004.33,3005.24 1 0
github.com/zpenka/grit/engine.go:3005.24,3007.3 1 0
github.com/zpenka/grit/engine.go:3008.2,3008.10 1 0
github.com/zpenka/grit/engine.go:3012.48,3015.35 3 0
github.com/zpenka/grit/engine.go:3015.35,3017.28 2 0
github.com/zpenka/grit/engine.go:3017.28,3019.4 1 0
github.com/zpenka/grit/engine.go:3020.3,3021.27 2 0
github.com/zpenka/grit/engine.go:3023.2,3028.4 1 0
github.com/zpenka/grit/engine.go:3035.74,3040.28 4 0
github.com/zpenka/grit/engine.go:3040.28,3042.42 2 0
github.com/zpenka/grit/engine.go:3042.42,3044.4 1 0
github.com/zpenka/grit/engine.go:3045.3,3046.21 2 0
github.com/zpenka/grit/engine.go:3046.21,3049.4 2 0
github.com/zpenka/grit/engine.go:3052.2,3052.47 1 0
github.com/zpenka/grit/engine.go:3052.47,3054.22 2 0
github.com/zpenka/grit/engine.go:3054.22,3056.4 1 0
github.com/zpenka/grit/engine.go:3057.3,3063.4 1 0
github.com/zpenka/grit/engine.go:3066.2,3066.18 1 0
github.com/zpenka/grit/engine.go:3069.70,3072.38 3 0
github.com/zpenka/grit/engine.go:3072.38,3073.36 1 0
github.com/zpenka/grit/engine.go:3073.36,3076.4 2 0
github.com/zpenka/grit/engine.go:3078.2,3078.18 1 0
github.com/zpenka/grit/engine.go:3082.55,3084.44 2 0
github.com/zpenka/grit/engine.go:3084.44,3086.3 1 0
github.com/zpenka/grit/engine.go:3087.2,3087.49 1 0
github.com/zpenka/grit/engine.go:3092.53,3097.28 4 0
github.com/zpenka/grit/engine.go:3097.28,3099.21 2 0
github.com/zpenka/grit/engine.go:3099.21,3102.13 3 0
github.com/zpenka/grit/engine.go:3102.13,3104.5 1 0
github.com/zpenka/grit/engine.go:3105.4,3105.39 1 0
github.com/zpenka/grit/engine.go:3105.39,3107.5 1 0
github.com/zpenka/grit/engine.go:3108.4,3108.38 1 0
github.com/zpenka/grit/engine.go:3112.2,3113.41 2 0
github.com/zpenka/grit/engine.go:3113.41,3116.19 3 0
github.com/zpenka/grit/engine.go:3116.19,3118.4 1 0
github.com/zpenka/grit/engine.go:3118.9,3118.25 1 0
github.com/zpenka/grit/engine.go:3118.25,3120.4 1 0
github.com/zpenka/grit/engine.go:3121.3,3128.5 1 0
github.com/zpenka/grit/engine.go:3131.2,3131.17 1 0
github.com/zpenka/grit/engine.go:3134.50,3135.34 1 0
github.com/zpenka/grit/engine.go:3135.34,3137.3 1 0
github.com/zpenka/grit/engine.go:3138.2,3138.33 1 0
github.com/zpenka/grit/engine.go:3138.33,3140.3 1 0
github.com/zpenka/grit/engine.go:3141.2,3141.14 1 0
github.com/zpenka/grit/engine.go:3145.50,3148.31 3 0
github.com/zpenka/grit/engine.go:3148.31,3152.3 3 0
github.com/zpenka/grit/engine.go:3153.2,3158.4 1 0
github.com/zpenka/grit/engine.go:3163.67,3166.15 3 0
github.com/zpenka/grit/engine.go:3166.15,3168.3 1 0
github.com/zpenka/grit/engine.go:3169.2,3174.3 1 0
github.com/zpenka/grit/engine.go:3177.52,3179.23 2 0
github.com/zpenka/grit/engine.go:3179.23,3182.3 2 0
github.com/zpenka/grit/engine.go:3183.2,3183.23 1 0
github.com/zpenka/grit/engine.go:3183.23,3185.3 1 0
github.com/zpenka/grit/engine.go:3186.2,3186.44 1 0
github.com/zpenka/grit/engine.go:3186.44,3188.3 1 0
github.com/zpenka/grit/engine.go:3189.2,3189.97 1 0
github.com/zpenka/grit/engine.go:3189.97,3191.3 1 0
github.com/zpenka/grit/engine.go:3192.2,3192.15 1 0
github.com/zpenka/grit/engine.go:3196.49,3198.42 2 0
github.com/zpenka/grit/engine.go:3198.42,3199.39 1 0
github.com/zpenka/grit/engine.go:3199.39,3201.4 1 0
github.com/zpenka/grit/engine.go:3203.2,3203.58 1 0
github.com/zpenka/grit/engine.go:3208.39,3210.30 2 0
github.com/zpenka/grit/engine.go:3210.30,3213.19 3 0
github.com/zpenka/grit/engine.go:3213.19,3215.4 1 0
github.com/zpenka/grit/engine.go:3216.3,3224.22 3 0
github.com/zpenka/grit/engine.go:3224.22,3226.4 1 0
github.com/zpenka/grit/engine.go:3228.2,3228.10 1 0
github.com/zpenka/grit/engine.go:3231.92,3240.2 1 0
github.com/zpenka/grit/engine.go:3243.54,3245.36 2 0
github.com/zpenka/grit/engine.go:3245.36,3247.3 1 0
github.com/zpenka/grit/engine.go:3248.2,3248.48 1 0
github.com/zpenka/grit/engine.go:3253.39,3255.30 2 0
github.com/zpenka/grit/engine.go:3255.30,3268.3 7 0
github.com/zpenka/grit/engine.go:3269.2,3269.10 1 0
github.com/zpenka/grit/engine.go:3272.58,3274.17 2 0
github.com/zpenka/grit/engine.go:3274.17,3276.3 1 0
github.com/zpenka/grit/engine.go:3277.2,3277.14 1 0
github.com/zpenka/grit/engine.go:3281.52,3283.37 2 0
github.com/zpenka/grit/engine.go:3283.37,3285.3 1 0
github.com/zpenka/grit/engine.go:3286.2,3286.52 1 0
github.com/zpenka/grit/engine.go:3292.76,3294.28 2 0
github.com/zpenka/grit/engine.go:3294.28,3295.75 1 0
github.com/zpenka/grit/engine.go:3295.75,3302.4 1 0
github.com/zpenka/grit/engine.go:3304.2,3304.16 1 0
github.com/zpenka/grit/engine.go:3308.56,3310.44 2 0
github.com/zpenka/grit/engine.go:3310.44,3312.3 1 0
github.com/zpenka/grit/engine.go:3313.2,3313.58 1 0
github.com/zpenka/grit/engine.go:3317.75,3319.28 2 0
github.com/zpenka/grit/engine.go:3319.28,3320.38 1 0
github.com/zpenka/grit/engine.go:3320.38,3326.4 1 0
github.com/zpenka/grit/engine.go:3327.3,3329.27 3 0
github.com/zpenka/grit/engine.go:3331.2,3331.16 1 0
github.com/zpenka/grit/engine.go:3334.48,3337.42 3 0
github.com/zpenka/grit/engine.go:3337.42,3338.23 1 0
github.com/zpenka/grit/engine.go:3338.23,3341.4 2 0
github.com/zpenka/grit/engine.go:3343.2,3343.16 1 0
github.com/zpenka/grit/engine.go:3347.57,3349.51 2 0
github.com/zpenka/grit/engine.go:3349.51,3351.3 1 0
github.com/zpenka/grit/engine.go:3352.2,3352.58 1 0
github.com/zpenka/grit/engine.go:3356.54,3358.28 2 0
github.com/zpenka/grit/engine.go:3358.28,3359.60 1 0
github.com/zpenka/grit/engine.go:3359.60,3367.4 1 0
github.com/zpenka/grit/engine.go:3369.2,3369.17 1 0
github.com/zpenka/grit/engine.go:3373.55,3375.44 2 0
github.com/zpenka/grit/engine.go:3375.44,3377.3 1 0
github.com/zpenka/grit/engine.go:3378.2,3378.49 1 0
github.com/zpenka/grit/engine.go:3382.63,3385.28 3 0
github.com/zpenka/grit/engine.go:3385.28,3387.37 2 0
github.com/zpenka/grit/engine.go:3387.37,3388.40 1 0
github.com/zpenka/grit/engine.go:3388.40,3391.5 2 0
github.com/zpenka/grit/engine.go:3394.2,3394.37 1 0
github.com/zpenka/grit/engine.go:3394.37,3396.35 2 0
github.com/zpenka/grit/engine.go:3396.35,3403.4 1 0
github.com/zpenka/grit/engine.go:3405.2,3405.18 1 0
github.com/zpenka/grit/engine.go:3408.55,3411.26 3 0
github.com/zpenka/grit/engine.go:3411.26,3412.31 1 0
github.com/zpenka/grit/engine.go:3412.31,3414.4 1 0
github.com/zpenka/grit/engine.go:3416.2,3416.14 1 0
github.com/zpenka/grit/engine.go:3420.58,3422.38 2 0
github.com/zpenka/grit/engine.go:3422.38,3425.3 2 0
github.com/zpenka/grit/engine.go:3426.2,3426.52 1 0
github.com/zpenka/grit/engine.go:3432.63,3434.28 2 1
github.com/zpenka/grit/engine.go:3434.28,3435.39 1 1
github.com/zpenka/grit/engine.go:3435.39,3437.4 1 1
github.com/zpenka/grit/engine.go:3439.2,3439.17 1 1
github.com/zpenka/grit/engine.go:3442.55,3445.2 2 0
github.com/zpenka/grit/engine.go:3448.57,3451.39 3 0
github.com/zpenka/grit/engine.go:3451.39,3453.16 2 0
github.com/zpenka/grit/engine.go:3453.16,3455.4 1 0
github.com/zpenka/grit/engine.go:3455.9,3457.4 1 0
github.com/zpenka/grit/engine.go:3459.2,3464.4 1 0
github.com/zpenka/grit/engine.go:3468.67,3471.28 3 0
github.com/zpenka/grit/engine.go:3471.28,3473.24 2 0
github.com/zpenka/grit/engine.go:3473.24,3475.4 1 0
github.com/zpenka/grit/engine.go:3475.9,3475.33 1 0
github.com/zpenka/grit/engine.go:3475.33,3477.22 2 0
github.com/zpenka/grit/engine.go:3477.22,3479.5 1 0
github.com/zpenka/grit/engine.go:3481.3,3481.48 1 0
github.com/zpenka/grit/engine.go:3483.2,3483.37 1 0
github.com/zpenka/grit/engine.go:3483.37,3489.3 1 0
github.com/zpenka/grit/engine.go:3490.2,3490.15 1 0
github.com/zpenka/grit/engine.go:3494.54,3496.35 2 0
github.com/zpenka/grit/engine.go:3496.35,3498.3 1 0
github.com/zpenka/grit/engine.go:3499.2,3499.48 1 0
github.com/zpenka/grit/engine.go:3503.64,3506.29 3 0
github.com/zpenka/grit/engine.go:3506.29,3507.22 1 0
github.com/zpenka/grit/engine.go:3507.22,3509.4 1 0
github.com/zpenka/grit/engine.go:3511.2,3511.17 1 0
github.com/zpenka/grit/engine.go:3515.54,3517.44 2 0
github.com/zpenka/grit/engine.go:3517.44,3518.26 1 0
github.com/zpenka/grit/engine.go:3518.26,3520.4 1 0
github.com/zpenka/grit/engine.go:3522.2,3525.4 1 0
github.com/zpenka/grit/engine.go:3529.66,3531.28 2 0
github.com/zpenka/grit/engine.go:3531.28,3533.59 1 0
github.com/zpenka/grit/engine.go:3533.59,3540.4 1 0
github.com/zpenka/grit/engine.go:3542.2,3542.13 1 0
github.com/zpenka/grit/engine.go:3546.54,3548.40 2 0
github.com/zpenka/grit/engine.go:3548.40,3550.3 1 0
github.com/zpenka/grit/engine.go:3551.2,3551.53 1 0
github.com/zpenka/grit/engine.go:3557.50,3559.51 2 0
github.com/zpenka/grit/engine.go:3559.51,3560.17 1 0
github.com/zpenka/grit/engine.go:3560.17,3561.12 1 0
github.com/zpenka/grit/engine.go:3563.3,3566.5 1 0
github.com/zpenka/grit/engine.go:3568.2,3568.18 1 0
github.com/zpenka/grit/engine.go:3571.49,3574.2 2 0
github.com/zpenka/grit/engine.go:3577.51,3579.33 2 0
github.com/zpenka/grit/engine.go:3579.33,3581.3 1 0
github.com/zpenka/grit/engine.go:3582.2,3582.44 1 0
github.com/zpenka/grit/engine.go:3586.53,3589.34 3 1
github.com/zpenka/grit/engine.go:3589.34,3590.46 1 1
github.com/zpenka/grit/engine.go:3590.46,3596.4 1 1
github.com/zpenka/grit/engine.go:3598.2,3598.13 1 1
github.com/zpenka/grit/engine.go:3602.52,3604.34 2 0
github.com/zpenka/grit/engine.go:3604.34,3606.3 1 0
github.com/zpenka/grit/engine.go:3607.2,3607.45 1 0
github.com/zpenka/grit/engine.go:3611.75,3619.2 2 0
github.com/zpenka/grit/engine.go:3622.54,3624.36 2 0
github.com/zpenka/grit/engine.go:3624.36,3626.3 1 0
github.com/zpenka/grit/engine.go:3627.2,3627.48 1 0
github.com/zpenka/grit/engine.go:3631.92,3639.2 2 0
github.com/zpenka/grit/engine.go:3642.49,3644.37 2 0
github.com/zpenka/grit/engine.go:3644.37,3646.3 1 0
github.com/zpenka/grit/engine.go:3647.2,3647.49 1 0
github.com/zpenka/grit/engine.go:3651.77,3653.51 2 0
github.com/zpenka/grit/engine.go:3653.51,3654.17 1 0
github.com/zpenka/grit/engine.go:3654.17,3655.12 1 0
github.com/zpenka/grit/engine.go:3657.3,3658.22 2 0
github.com/zpenka/grit/engine.go:3658.22,3665.4 2 0
github.com/zpenka/grit/engine.go:3667.2,3667.17 1 0
github.com/zpenka/grit/engine.go:3671.51,3673.39 2 0
github.com/zpenka/grit/engine.go:3673.39,3675.20 2 0
github.com/zpenka/grit/engine.go:3675.20,3677.4 1 0
github.com/zpenka/grit/engine.go:3678.3,3678.29 1 0
github.com/zpenka/grit/engine.go:3680.2,3680.49 1 0
github.com/zpenka/grit/engine.go:3686.69,3688.28 2 0
github.com/zpenka/grit/engine.go:3688.28,3690.3 1 0
github.com/zpenka/grit/engine.go:3691.2,3692.39 2 0
github.com/zpenka/grit/engine.go:3692.39,3699.3 2 0
github.com/zpenka/grit/engine.go:3701.2,3701.36 1 0
github.com/zpenka/grit/engine.go:3701.36,3702.39 1 0
github.com/zpenka/grit/engine.go:3702.39,3703.43 1 0
github.com/zpenka/grit/engine.go:3703.43,3705.5 1 0
github.com/zpenka/grit/engine.go:3708.2,3708.14 1 0
github.com/zpenka/grit/engine.go:3712.52,3714.44 2 0
github.com/zpenka/grit/engine.go:3714.44,3716.3 1 0
github.com/zpenka/grit/engine.go:3717.2,3717.57 1 0
github.com/zpenka/grit/engine.go:3721.54,3724.28 3 0
github.com/zpenka/grit/engine.go:3724.28,3726.3 1 0
github.com/zpenka/grit/engine.go:3727.2,3727.35 1 0
github.com/zpenka/grit/engine.go:3727.35,3732.3 1 0
github.com/zpenka/grit/engine.go:3733.2,3733.17 1 0
github.com/zpenka/grit/engine.go:3737.56,3739.38 2 0
github.com/zpenka/grit/engine.go:3739.38,3741.3 1 0
github.com/zpenka/grit/engine.go:3742.2,3742.43 1 0
github.com/zpenka/grit/engine.go:3746.48,3747.23 1 0
github.com/zpenka/grit/engine.go:3747.23,3749.3 1 0
github.com/zpenka/grit/engine.go:3750.2,3755.36 2 0
github.com/zpenka/grit/engine.go:3755.36,3761.3 1 0
github.com/zpenka/grit/engine.go:3762.2,3762.13 1 0
github.com/zpenka/grit/engine.go:3766.50,3768.23 2 0
github.com/zpenka/grit/engine.go:3768.23,3770.3 1 0
github.com/zpenka/grit/engine.go:3771.2,3774.4 1 0
github.com/zpenka/grit/engine.go:3777.55,3780.38 3 0
github.com/zpenka/grit/engine.go:3780.38,3782.3 1 0
github.com/zpenka/grit/engine.go:3786.49,3788.62 2 0
github.com/zpenka/grit/engine.go:3788.62,3796.3 1 0
github.com/zpenka/grit/engine.go:3797.2,3797.20 1 0
github.com/zpenka/grit/engine.go:3801.58,3802.35 1 0
github.com/zpenka/grit/engine.go:3802.35,3804.3 1 0
github.com/zpenka/grit/engine.go:3805.2,3810.86 3 0
github.com/zpenka/grit/engine.go:3814.60,3816.28 2 0
github.com/zpenka/grit/engine.go:3816.28,3818.27 2 0
github.com/zpenka/grit/engine.go:3818.27,3820.4 1 0
github.com/zpenka/grit/engine.go:3822.2,3823.34 2 0
github.com/zpenka/grit/engine.go:3823.34,3825.16 2 0
github.com/zpenka/grit/engine.go:3825.16,3827.4 1 0
github.com/zpenka/grit/engine.go:3827.9,3827.22 1 0
github.com/zpenka/grit/engine.go:3827.22,3829.4 1 0
github.com/zpenka/grit/engine.go:3830.3,3834.5 1 0
github.com/zpenka/grit/engine.go:3836.2,3836.16 1 0
github.com/zpenka/grit/engine.go:3840.53,3843.35 3 0
github.com/zpenka/grit/engine.go:3843.35,3847.3 3 0
github.com/zpenka/grit/engine.go:3848.2,3853.4 1 0
github.com/zpenka/grit/engine.go:3859.64,3861.28 2 0
github.com/zpenka/grit/engine.go:3861.28,3864.30 2 0
github.com/zpenka/grit/engine.go:3864.30,3865.53 1 0
github.com/zpenka/grit/engine.go:3865.53,3871.10 2 0
github.com/zpenka/grit/engine.go:3875.2,3875.14 1 0
github.com/zpenka/grit/engine.go:3879.49,3881.36 2 0
github.com/zpenka/grit/engine.go:3881.36,3884.3 2 0
github.com/zpenka/grit/engine.go:3885.2,3885.43 1 0
github.com/zpenka/grit/engine.go:3889.60,3891.28 2 0
github.com/zpenka/grit/engine.go:3891.28,3893.30 2 0
github.com/zpenka/grit/engine.go:3893.30,3894.52 1 0
github.com/zpenka/grit/engine.go:3894.52,3900.10 2 0
github.com/zpenka/grit/engine.go:3904.2,3904.16 1 0
github.com/zpenka/grit/engine.go:3908.51,3910.35 2 0
github.com/zpenka/grit/engine.go:3910.35,3912.3 1 0
github.com/zpenka/grit/engine.go:3913.2,3913.45 1 0
github.com/zpenka/grit/engine.go:3917.52,3920.28 3 0
github.com/zpenka/grit/engine.go:3920.28,3922.3 1 0
github.com/zpenka/grit/engine.go:3923.2,3928.3 1 0
github.com/zpenka/grit/engine.go:3932.48,3937.2 2 0
github.com/zpenka/grit/engine.go:3940.53,3943.28 3 0
github.com/zpenka/grit/engine.go:3943.28,3945.3 1 0
github.com/zpenka/grit/engine.go:3946.2,3951.3 1 0
github.com/zpenka/grit/engine.go:3955.64,3958.28 3 1
github.com/zpenka/grit/engine.go:3958.28,3961.30 3 1
github.com/zpenka/grit/engine.go:3961.30,3962.53 1 1
github.com/zpenka/grit/engine.go:3962.53,3964.5 1 0
github.com/zpenka/grit/engine.go:3966.3,3966.22 1 1
github.com/zpenka/grit/engine.go:3966.22,3972.4 1 0
github.com/zpenka/grit/engine.go:3974.2,3974.13 1 1
github.com/zpenka/grit/engine.go:3978.51,3980.40 2 0
github.com/zpenka/grit/engine.go:3980.40,3982.3 1 0
github.com/zpenka/grit/engine.go:3983.2,3983.51 1 0
github.com/zpenka/grit/engine.go:3989.60,3996.2 1 0
github.com/zpenka/grit/engine.go:3999.53,4001.47 2 0
github.com/zpenka/grit/engine.go:4001.47,4006.3 1 0
github.com/zpenka/grit/engine.go:4007.2,4007.18 1 0
github.com/zpenka/grit/engine.go:4011.50,4014.35 3 0
github.com/zpenka/grit/engine.go:4014.35,4016.17 2 0
github.com/zpenka/grit/engine.go:4016.17,4018.4 1 0
github.com/zpenka/grit/engine.go:4018.9,4020.4 1 0
github.com/zpenka/grit/engine.go:4022.2,4027.4 1 0
github.com/zpenka/grit/engine.go:4031.82,4038.2 1 0
github.com/zpenka/grit/engine.go:4041.69,4047.2 1 0
github.com/zpenka/grit/engine.go:4050.91,4056.2 1 0
github.com/zpenka/grit/engine.go:4061.55,4063.28 2 0
github.com/zpenka/grit/engine.go:4063.28,4065.3 1 0
github.com/zpenka/grit/engine.go:4066.2,4067.39 2 0
github.com/zpenka/grit/engine.go:4067.39,4073.3 1 0
github.com/zpenka/grit/engine.go:4074.2,4074.14 1 0
github.com/zpenka/grit/engine.go:4078.90,4086.2 1 0
github.com/zpenka/grit/engine.go:4089.66,4093.24 3 0
github.com/zpenka/grit/engine.go:4093.24,4094.31 1 0
github.com/zpenka/grit/engine.go:4094.31,4096.4 1 0
github.com/zpenka/grit/engine.go:4098.2,4098.47 1 0
github.com/zpenka/grit/engine.go:4098.47,4099.20 1 0
github.com/zpenka/grit/engine.go:4099.20,4106.4 1 0
github.com/zpenka/grit/engine.go:4108.2,4108.20 1 0
github.com/zpenka/grit/engine.go:4112.68,4114.28 2 0
github.com/zpenka/grit/engine.go:4114.28,4115.59 1 0
github.com/zpenka/grit/engine.go:4115.59,4122.4 1 0
github.com/zpenka/grit/engine.go:4124.2,4124.14 1 0
github.com/zpenka/grit/engine.go:4128.57,4130.24 2 0
github.com/zpenka/grit/engine.go:4130.24,4133.3 2 0
github.com/zpenka/grit/engine.go:4134.2,4135.35 2 0
github.com/zpenka/grit/engine.go:4135.35,4141.3 1 0
github.com/zpenka/grit/engine.go:4142.2,4142.17 1 0
github.com/zpenka/grit/engine.go:4148.79,4151.28 3 0
github.com/zpenka/grit/engine.go:4151.28,4152.43 1 0
github.com/zpenka/grit/engine.go:4152.43,4154.4 1 0
github.com/zpenka/grit/engine.go:4156.2,4157.33 2 0
github.com/zpenka/grit/engine.go:4157.33,4159.3 1 0
github.com/zpenka/grit/engine.go:4160.2,4160.26 1 0
github.com/zpenka/grit/engine.go:4160.26,4166.3 1 0
github.com/zpenka/grit/engine.go:4167.2,4167.20 1 0
github.com/zpenka/grit/engine.go:4171.71,4173.55 2 1
github.com/zpenka/grit/engine.go:4173.55,4175.3 1 0
github.com/zpenka/grit/engine.go:4175.8,4175.67 1 1
github.com/zpenka/grit/engine.go:4175.67,4177.3 1 1
github.com/zpenka/grit/engine.go:4177.8,4177.63 1 1
github.com/zpenka/grit/engine.go:4177.63,4179.3 1 0
github.com/zpenka/grit/engine.go:4179.8,4179.63 1 1
github.com/zpenka/grit/engine.go:4179.63,4181.3 1 0
github.com/zpenka/grit/engine.go:4182.2,4187.3 1 1
github.com/zpenka/grit/engine.go:4191.54,4193.28 2 0
github.com/zpenka/grit/engine.go:4193.28,4196.116 2 0
github.com/zpenka/grit/engine.go:4196.116,4203.4 1 0
github.com/zpenka/grit/engine.go:4205.2,4205.18 1 0
github.com/zpenka/grit/engine.go:4209.78,4212.28 3 0
github.com/zpenka/grit/engine.go:4212.28,4213.27 1 0
github.com/zpenka/grit/engine.go:4213.27,4215.9 2 0
github.com/zpenka/grit/engine.go:4218.2,4218.28 1 0
github.com/zpenka/grit/engine.go:4218.28,4219.78 1 0
github.com/zpenka/grit/engine.go:4219.78,4227.4 1 0
github.com/zpenka/grit/engine.go:4229.2,4229.16 1 0
github.com/zpenka/grit/engine.go:4233.71,4236.21 3 0
github.com/zpenka/grit/engine.go:4236.21,4238.3 1 0
github.com/zpenka/grit/engine.go:4238.8,4240.3 1 0
github.com/zpenka/grit/engine.go:4241.2,4246.3 1 0
github.com/zpenka/grit/engine.go:4252.87,4254.28 2 0
github.com/zpenka/grit/engine.go:4254.28,4261.3 1 0
github.com/zpenka/grit/engine.go:4262.2,4262.17 1 0
github.com/zpenka/grit/engine.go:4266.55,4270.2 1 0
github.com/zpenka/grit/engine.go:4273.73,4275.118 2 0
github.com/zpenka/grit/engine.go:4275.118,4282.3 1 0
github.com/zpenka/grit/engine.go:4283.2,4283.15 1 0
github.com/zpenka/grit/engine.go:4287.66,4295.2 2 0
github.com/zpenka/grit/engine.go:4298.67,4300.82 2 0
github.com/zpenka/grit/engine.go:4300.82,4307.3 1 0
github.com/zpenka/grit/engine.go:4308.2,4308.16 1 0
github.com/zpenka/grit/engine.go:4314.50,4316.28 2 0
github.com/zpenka/grit/engine.go:4316.28,4317.40 1 0
github.com/zpenka/grit/engine.go:4317.40,4319.22 2 0
github.com/zpenka/grit/engine.go:4319.22,4327.5 2 0
github.com/zpenka/grit/engine.go:4330.2,4330.17 1 0
github.com/zpenka/grit/engine.go:4334.74,4337.28 3 0
github.com/zpenka/grit/engine.go:4337.28,4338.59 1 0
github.com/zpenka/grit/engine.go:4338.59,4340.4 1 0
github.com/zpenka/grit/engine.go:4340.9,4340.65 1 0
github.com/zpenka/grit/engine.go:4340.65,4342.4 1 0
github.com/zpenka/grit/engine.go:4344.2,4350.3 1 0
github.com/zpenka/grit/engine.go:4354.70,4362.2 1 0
github.com/zpenka/grit/engine.go:4365.56,4367.28 2 0
github.com/zpenka/grit/engine.go:4367.28,4368.118 1 0
github.com/zpenka/grit/engine.go:4368.118,4376.4 1 0
github.com/zpenka/grit/engine.go:4378.2,4378.14 1 0
github.com/zpenka/grit/engine.go:4382.68,4389.2 2 0
github.com/zpenka/grit/engine.go:4394.70,4402.2 1 0
github.com/zpenka/grit/engine.go:4405.64,4407.27 2 0
github.com/zpenka/grit/engine.go:4407.27,4413.3 1 0
github.com/zpenka/grit/engine.go:4414.2,4414.13 1 0
github.com/zpenka/grit/engine.go:4418.55,4425.2 1 0
github.com/zpenka/grit/engine.go:4428.59,4432.2 1 0
github.com/zpenka/grit/engine.go:4435.53,4442.2 1 0
github.com/zpenka/grit/engine.go:4446.63,4448.16 2 1
github.com/zpenka/grit/engine.go:4448.16,4450.3 1 1
github.com/zpenka/grit/engine.go:4452.2,4453.28 2 1
github.com/zpenka/grit/engine.go:4453.28,4454.32 1 1
github.com/zpenka/grit/engine.go:4454.32,4456.4 1 1
github.com/zpenka/grit/engine.go:4458.2,4458.15 1 1
github.com/zpenka/grit/engine.go:4461.75,4463.28 2 1
github.com/zpenka/grit/engine.go:4463.28,4465.49 2 1
github.com/zpenka/grit/engine.go:4465.49,4467.4 1 1
github.com/zpenka/grit/engine.go:4469.2,4469.15 1 1
github.com/zpenka/grit/engine.go:4472.69,4474.28 2 1
github.com/zpenka/grit/engine.go:4474.28,4475.45 1 1
github.com/zpenka/grit/engine.go:4475.45,4477.4 1 1
github.com/zpenka/grit/engine.go:4479.2,4479.15 1 1
github.com/zpenka/grit/engine.go:4482.63,4484.28 2 1
github.com/zpenka/grit/engine.go:4484.28,4485.25 1 1
github.com/zpenka/grit/engine.go:4485.25,4487.4 1 1
github.com/zpenka/grit/engine.go:4489.2,4489.15 1 1
github.com/zpenka/grit/engine.go:4500.76,4501.17 1 1
github.com/zpenka/grit/engine.go:4501.17,4503.3 1 0
github.com/zpenka/grit/engine.go:4505.2,4506.23 2 1
github.com/zpenka/grit/engine.go:4506.23,4508.3 1 1
github.com/zpenka/grit/engine.go:4509.2,4509.23 1 1
github.com/zpenka/grit/engine.go:4509.23,4511.28 2 1
github.com/zpenka/grit/engine.go:4511.28,4512.82 1 1
github.com/zpenka/grit/engine.go:4512.82,4514.5 1 1
github.com/zpenka/grit/engine.go:4516.3,4516.20 1 1
github.com/zpenka/grit/engine.go:4518.2,4518.22 1 1
github.com/zpenka/grit/engine.go:4518.22,4520.3 1 0
github.com/zpenka/grit/engine.go:4521.2,4521.44 1 1
github.com/zpenka/grit/engine.go:4521.44,4523.3 1 0
github.com/zpenka/grit/engine.go:4524.2,4524.15 1 1
github.com/zpenka/grit/engine.go:4527.36,4529.20 2 1
github.com/zpenka/grit/engine.go:4529.20,4531.3 1 0
github.com/zpenka/grit/engine.go:4532.2,4533.13 2 1
github.com/zpenka/grit/engine.go:4536.62,4538.2 1 1
github.com/zpenka/grit/engine.go:4547.59,4549.2 1 0
github.com/zpenka/grit/engine.go:4551.51,4557.2 1 0
github.com/zpenka/grit/engine.go:4568.62,4574.2 1 0
github.com/zpenka/grit/engine.go:4576.43,4578.2 1 0
github.com/zpenka/grit/engine.go:4581.53,4583.28 2 0
github.com/zpenka/grit/engine.go:4583.28,4586.3 2 0
github.com/zpenka/grit/engine.go:4587.2,4587.74 1 0
github.com/zpenka/grit/engine.go:4612.60,4619.2 1 0
github.com/zpenka/grit/engine.go:4621.70,4627.2 1 0
github.com/zpenka/grit/engine.go:4629.72,4631.28 2 0
github.com/zpenka/grit/engine.go:4631.28,4633.3 1 0
github.com/zpenka/grit/engine.go:4634.2,4639.3 1 0
github.com/zpenka/grit/engine.go:4643.53,4650.2 6 0
github.com/zpenka/grit/engine.go:4664.52,4669.2 1 0
github.com/zpenka/grit/engine.go:4671.62,4676.2 1 0
github.com/zpenka/grit/engine.go:4679.50,4683.2 3 0
github.com/zpenka/grit/engine.go:4686.55,4690.2 3 0
github.com/zpenka/grit/engine.go:4699.41,4700.36 1 0
github.com/zpenka/grit/engine.go:4700.36,4703.3 2 0
github.com/zpenka/grit/engine.go:4704.2,4704.14 1 0
github.com/zpenka/grit/engine.go:4707.45,4708.20 1 0
github.com/zpenka/grit/engine.go:4708.20,4711.3 2 0
github.com/zpenka/grit/engine.go:4712.2,4712.14 1 0
github.com/zpenka/grit/engine.go:4715.72,4720.2 1 0
github.com/zpenka/grit/engine.go:4723.48,4725.28 2 0
github.com/zpenka/grit/engine.go:4725.28,4727.3 1 0
github.com/zpenka/grit/engine.go:4728.2,4731.4 1 0
github.com/zpenka/grit/engine.go:4743.59,4751.2 2 0
github.com/zpenka/grit/engine.go:4754.58,4762.2 2 0
github.com/zpenka/grit/engine.go:4767.30,4776.2 2 0
github.com/zpenka/grit/engine.go:4779.38,4790.2 2 0
github.com/zpenka/grit/engine.go:4802.63,4804.28 2 0
github.com/zpenka/grit/engine.go:4804.28,4805.48 1 0
github.com/zpenka/grit/engine.go:4805.48,4810.4 1 0
github.com/zpenka/grit/engine.go:4811.3,4812.43 2 0
github.com/zpenka/grit/engine.go:4814.2,4814.17 1 0
github.com/zpenka/grit/engine.go:4817.68,4820.26 3 0
github.com/zpenka/grit/engine.go:4820.26,4822.3 1 0
github.com/zpenka/grit/engine.go:4823.2,4823.24 1 0
github.com/zpenka/grit/engine.go:4823.24,4825.3 1 0
github.com/zpenka/grit/engine.go:4826.2,4826.14 1 0
github.com/zpenka/grit/engine.go:4829.81,4836.2 1 0
github.com/zpenka/grit/engine.go:4839.53,4843.35 4 0
github.com/zpenka/grit/engine.go:4843.35,4845.3 1 0
github.com/zpenka/grit/engine.go:4846.2,4846.54 1 0
github.com/zpenka/grit/engine.go:4859.74,4861.28 2 0
github.com/zpenka/grit/engine.go:4861.28,4862.48 1 0
github.com/zpenka/grit/engine.go:4862.48,4868.4 1 0
github.com/zpenka/grit/engine.go:4869.3,4869.41 1 0
github.com/zpenka/grit/engine.go:4871.2,4871.18 1 0
github.com/zpenka/grit/engine.go:4874.80,4877.28 3 0
github.com/zpenka/grit/engine.go:4877.28,4878.28 1 0
github.com/zpenka/grit/engine.go:4878.28,4880.4 1 0
github.com/zpenka/grit/engine.go:4882.2,4882.43 1 0
github.com/zpenka/grit/engine.go:4882.43,4884.3 1 0
github.com/zpenka/grit/engine.go:4885.2,4885.18 1 0
github.com/zpenka/grit/engine.go:4888.96,4889.18 1 0
github.com/zpenka/grit/engine.go:4889.18,4891.3 1 0
github.com/zpenka/grit/engine.go:4892.2,4892.60 1 0
github.com/zpenka/grit/engine.go:4895.69,4897.28 2 0
github.com/zpenka/grit/engine.go:4897.28,4898.25 1 0
github.com/zpenka/grit/engine.go:4898.25,4900.4 1 0
github.com/zpenka/grit/engine.go:4902.2,4903.28 2 0
github.com/zpenka/grit/engine.go:4903.28,4905.3 1 0
github.com/zpenka/grit/engine.go:4906.2,4906.20 1 0
github.com/zpenka/grit/engine.go:4910.52,4913.37 3 0
github.com/zpenka/grit/engine.go:4913.37,4915.3 1 0
github.com/zpenka/grit/engine.go:4916.2,4916.55 1 0
github.com/zpenka/grit/engine.go:4930.58,4932.28 2 0
github.com/zpenka/grit/engine.go:4932.28,4934.3 1 0
github.com/zpenka/grit/engine.go:4935.2,4936.35 2 0
github.com/zpenka/grit/engine.go:4936.35,4941.3 1 0
github.com/zpenka/grit/engine.go:4942.2,4942.17 1 0
github.com/zpenka/grit/engine.go:4945.69,4947.28 2 0
github.com/zpenka/grit/engine.go:4947.28,4948.53 1 0
github.com/zpenka/grit/engine.go:4948.53,4950.4 1 0
github.com/zpenka/grit/engine.go:4952.2,4952.22 1 0
github.com/zpenka/grit/engine.go:4955.58,4956.20 1 0
github.com/zpenka/grit/engine.go:4956.20,4958.3 1 0
github.com/zpenka/grit/engine.go:4959.2,4959.82 1 0
github.com/zpenka/grit/engine.go:4962.66,4964.28 2 0
github.com/zpenka/grit/engine.go:4964.28,4965.49 1 0
github.com/zpenka/grit/engine.go:4965.49,4967.4 1 0
github.com/zpenka/grit/engine.go:4969.2,4969.16 1 0
github.com/zpenka/grit/engine.go:4973.47,4976.29 3 0
github.com/zpenka/grit/engine.go:4976.29,4978.3 1 0
github.com/zpenka/grit/engine.go:4979.2,4979.48 1 0
github.com/zpenka/grit/engine.go:4993.77,4995.28 2 0
github.com/zpenka/grit/engine.go:4995.28,4996.12 1 0
github.com/zpenka/grit/engine.go:4996.12,5004.4 1 0
github.com/zpenka/grit/engine.go:5006.2,5006.20 1 0
github.com/zpenka/grit/engine.go:5009.107,5015.2 1 0
github.com/zpenka/grit/engine.go:5017.77,5019.28 2 0
github.com/zpenka/grit/engine.go:5019.28,5020.42 1 0
github.com/zpenka/grit/engine.go:5020.42,5022.4 1 0
github.com/zpenka/grit/engine.go:5024.2,5024.15 1 0
github.com/zpenka/grit/engine.go:5027.83,5029.28 2 0
github.com/zpenka/grit/engine.go:5029.28,5030.42 1 0
github.com/zpenka/grit/engine.go:5030.42,5032.4 1 0
github.com/zpenka/grit/engine.go:5034.2,5034.15 1 0
github.com/zpenka/grit/engine.go:5038.58,5042.32 4 0
github.com/zpenka/grit/engine.go:5042.32,5044.20 2 0
github.com/zpenka/grit/engine.go:5044.20,5046.4 1 0
github.com/zpenka/grit/engine.go:5047.3,5047.67 1 0
github.com/zpenka/grit/engine.go:5049.2,5049.66 1 0
github.com/zpenka/grit/engine.go:5070.82,5072.28 2 0
github.com/zpenka/grit/engine.go:5072.28,5079.3 1 0
github.com/zpenka/grit/engine.go:5080.2,5080.21 1 0
github.com/zpenka/grit/engine.go:5083.71,5085.28 2 0
github.com/zpenka/grit/engine.go:5085.28,5086.48 1 0
github.com/zpenka/grit/engine.go:5086.48,5094.4 1 0
github.com/zpenka/grit/engine.go:5096.2,5096.17 1 0
github.com/zpenka/grit/engine.go:5099.69,5101.28 2 0
github.com/zpenka/grit/engine.go:5101.28,5103.3 1 0
github.com/zpenka/grit/engine.go:5104.2,5104.18 1 0
github.com/zpenka/grit/engine.go:5107.72,5109.28 2 0
github.com/zpenka/grit/engine.go:5109.28,5110.67 1 0
github.com/zpenka/grit/engine.go:5110.67,5112.4 1 0
github.com/zpenka/grit/engine.go:5114.2,5114.15 1 0
github.com/zpenka/grit/engine.go:5117.90,5118.21 1 0
github.com/zpenka/grit/engine.go:5118.21,5120.3 1 0
github.com/zpenka/grit/engine.go:5121.2,5122.42 2 0
github.com/zpenka/grit/engine.go:5126.56,5129.37 3 0
github.com/zpenka/grit/engine.go:5129.37,5131.3 1 0
github.com/zpenka/grit/engine.go:5132.2,5132.57 1 0
github.com/zpenka/grit/engine.go:5145.61,5151.37 2 0
github.com/zpenka/grit/engine.go:5151.37,5153.3 1 0
github.com/zpenka/grit/engine.go:5154.2,5154.37 1 0
github.com/zpenka/grit/engine.go:5154.37,5156.3 1 0
github.com/zpenka/grit/engine.go:5157.2,5157.17 1 0
github.com/zpenka/grit/engine.go:5160.39,5163.29 3 0
github.com/zpenka/grit/engine.go:5163.29,5164.20 1 0
github.com/zpenka/grit/engine.go:5164.20,5166.4 1 0
github.com/zpenka/grit/engine.go:5168.2,5168.28 1 0
github.com/zpenka/grit/engine.go:5178.49,5180.67 2 0
github.com/zpenka/grit/engine.go:5180.67,5186.3 1 0
github.com/zpenka/grit/engine.go:5187.2,5187.15 1 0
github.com/zpenka/grit/engine.go:5197.66,5203.38 2 0
github.com/zpenka/grit/engine.go:5203.38,5205.3 1 0
github.com/zpenka/grit/engine.go:5206.2,5206.15 1 0
github.com/zpenka/grit/engine.go:5209.58,5213.2 3 0
github.com/zpenka/grit/engine.go:5215.47,5218.37 3 0
github.com/zpenka/grit/engine.go:5218.37,5220.3 1 0
github.com/zpenka/grit/engine.go:5221.2,5221.37 1 0
github.com/zpenka/grit/engine.go:5221.37,5223.3 1 0
github.com/zpenka/grit/engine.go:5224.2,5225.20 2 0
github.com/zpenka/grit/engine.go:5228.51,5231.29 3 0
github.com/zpenka/grit/engine.go:5231.29,5232.38 1 0
github.com/zpenka/grit/engine.go:5232.38,5234.4 1 0
github.com/zpenka/grit/engine.go:5236.2,5236.18 1 0
github.com/zpenka/grit/engine.go:5240.47,5247.2 6 0
github.com/zpenka/grit/engine.go:5259.50,5261.37 2 0
github.com/zpenka/grit/engine.go:5261.37,5263.3 1 0
github.com/zpenka/grit/engine.go:5263.8,5263.44 1 0
github.com/zpenka/grit/engine.go:5263.44,5265.3 1 0
github.com/zpenka/grit/engine.go:5265.8,5267.3 1 0
github.com/zpenka/grit/engine.go:5268.2,5268.21 1 0
github.com/zpenka/grit/engine.go:5271.67,5273.22 2 0
github.com/zpenka/grit/engine.go:5273.22,5278.3 1 0
github.com/zpenka/grit/engine.go:5279.2,5279.18 1 0
github.com/zpenka/grit/engine.go:5282.40,5283.14 1 0
github.com/zpenka/grit/engine.go:5283.14,5285.3 1 0
github.com/zpenka/grit/engine.go:5286.2,5287.83 2 0
github.com/zpenka/grit/engine.go:5287.83,5289.3 1 0
github.com/zpenka/grit/engine.go:5290.2,5290.27 1 0
github.com/zpenka/grit/engine.go:5290.27,5292.3 1 0
github.com/zpenka/grit/engine.go:5293.2,5293.20 1 0
github.com/zpenka/grit/engine.go:5293.20,5295.3 1 0
github.com/zpenka/grit/engine.go:5296.2,5296.17 1 0
github.com/zpenka/grit/engine.go:5299.69,5301.28 2 0
github.com/zpenka/grit/engine.go:5301.28,5302.40 1 0
github.com/zpenka/grit/engine.go:5302.40,5304.4 1 0
github.com/zpenka/grit/engine.go:5306.2,5307.32 2 0
github.com/zpenka/grit/engine.go:5307.32,5309.26 2 0
github.com/zpenka/grit/engine.go:5309.26,5310.9 1 0
github.com/zpenka/grit/engine.go:5313.2,5313.18 1 0
github.com/zpenka/grit/engine.go:5323.68,5326.28 3 0
github.com/zpenka/grit/engine.go:5326.28,5328.3 1 0
github.com/zpenka/grit/engine.go:5329.2,5329.35 1 0
github.com/zpenka/grit/engine.go:5329.35,5330.16 1 0
github.com/zpenka/grit/engine.go:5330.16,5336.4 1 0
github.com/zpenka/grit/engine.go:5338.2,5338.20 1 0
github.com/zpenka/grit/engine.go:5341.61,5343.22 2 0
github.com/zpenka/grit/engine.go:5343.22,5345.3 1 0
github.com/zpenka/grit/engine.go:5346.2,5346.17 1 0
github.com/zpenka/grit/engine.go:5349.61,5356.2 1 0
github.com/zpenka/grit/engine.go:5359.50,5364.28 4 0
github.com/zpenka/grit/engine.go:5364.28,5366.17 2 0
github.com/zpenka/grit/engine.go:5366.17,5368.4 1 0
github.com/zpenka/grit/engine.go:5370.2,5375.54 4 0
github.com/zpenka/grit/engine.go:5387.61,5394.2 1 0
github.com/zpenka/grit/engine.go:5403.64,5410.2 1 0
github.com/zpenka/grit/engine.go:5412.62,5414.2 1 0
github.com/zpenka/grit/engine.go:5422.42,5427.2 1 0
github.com/zpenka/grit/engine.go:5435.64,5443.2 3 0
github.com/zpenka/grit/engine.go:5451.57,5457.2 1 0
github.com/zpenka/grit/engine.go:5466.80,5468.47 2 0
github.com/zpenka/grit/engine.go:5468.47,5470.25 2 0
github.com/zpenka/grit/engine.go:5470.25,5472.4 1 0
github.com/zpenka/grit/engine.go:5473.3,5478.5 1 0
github.com/zpenka/grit/engine.go:5480.2,5480.16 1 0
github.com/zpenka/grit/engine.go:5483.67,5486.28 3 0
github.com/zpenka/grit/engine.go:5486.28,5488.3 1 0
github.com/zpenka/grit/engine.go:5489.2,5492.18 4 0
github.com/zpenka/grit/engine.go:5495.58,5501.2 1 0
github.com/zpenka/grit/engine.go:5504.47,5511.2 6 0
github.com/zpenka/grit/engine.go:5523.98,5531.2 1 0
github.com/zpenka/grit/engine.go:5541.109,5549.2 1 0
github.com/zpenka/grit/engine.go:5551.93,5552.22 1 0
github.com/zpenka/grit/engine.go:5552.22,5554.3 1 0
github.com/zpenka/grit/engine.go:5555.2,5555.27 1 0
github.com/zpenka/grit/engine.go:5565.90,5572.2 1 0
github.com/zpenka/grit/engine.go:5582.43,5587.2 1 0
github.com/zpenka/grit/engine.go:5595.55,5601.2 1 0
github.com/zpenka/grit/engine.go:5611.37,5616.2 1 0
github.com/zpenka/grit/engine.go:5624.69,5626.22 2 0
github.com/zpenka/grit/engine.go:5626.22,5632.3 1 0
github.com/zpenka/grit/engine.go:5633.2,5633.24 1 0
github.com/zpenka/grit/engine.go:5643.65,5645.28 2 0
github.com/zpenka/grit/engine.go:5645.28,5646.15 1 0
github.com/zpenka/grit/engine.go:5646.15,5653.4 1 0
github.com/zpenka/grit/engine.go:5655.2,5655.14 1 0
github.com/zpenka/grit/engine.go:5659.53,5666.2 6 0
github.com/zpenka/grit/engine.go:5678.58,5686.2 1 0
github.com/zpenka/grit/engine.go:5696.50,5704.2 1 0
github.com/zpenka/grit/engine.go:5714.47,5718.2 1 0
github.com/zpenka/grit/engine.go:5728.54,5736.2 1 0
github.com/zpenka/grit/engine.go:5746.63,5754.2 1 0
github.com/zpenka/grit/engine.go:5763.64,5770.2 1 0
github.com/zpenka/grit/engine.go:5780.55,5788.2 1 0
github.com/zpenka/grit/engine.go:5796.64,5802.2 1 0
github.com/zpenka/grit/engine.go:5804.56,5806.20 2 0
github.com/zpenka/grit/engine.go:5806.20,5808.3 1 0
github.com/zpenka/grit/engine.go:5809.2,5809.15 1 0
github.com/zpenka/grit/engine.go:5813.44,5821.2 7 0
github.com/zpenka/grit/engine.go:5825.49,5827.2 1 0
github.com/zpenka/grit/engine.go:5829.53,5830.21 1 0
github.com/zpenka/grit/engine.go:5830.21,5832.3 1 0
github.com/zpenka/grit/engine.go:5833.2,5833.37 1 0
github.com/zpenka/grit/engine.go:5836.46,5838.2 1 0
github.com/zpenka/grit/engine.go:5840.43,5842.2 1 0
github.com/zpenka/grit/engine.go:5850.39,5857.2 1 0
github.com/zpenka/grit/engine.go:5864.55,5870.2 1 0
github.com/zpenka/grit/engine.go:5872.49,5874.27 2 0
github.com/zpenka/grit/engine.go:5874.27,5875.28 1 0
github.com/zpenka/grit/engine.go:5875.28,5877.4 1 0
github.com/zpenka/grit/engine.go:5878.3,5878.23 1 0
github.com/zpenka/grit/engine.go:5880.2,5880.20 1 0
github.com/zpenka/grit/engine.go:5889.48,5895.2 1 0
github.com/zpenka/grit/engine.go:5897.51,5900.31 3 0
github.com/zpenka/grit/engine.go:5900.31,5901.12 1 0
github.com/zpenka/grit/engine.go:5901.12,5903.4 1 0
github.com/zpenka/grit/engine.go:5904.3,5904.22 1 0
github.com/zpenka/grit/engine.go:5906.2,5906.20 1 0
github.com/zpenka/grit/engine.go:5910.43,5919.2 8 0
github.com/zpenka/grit/engine.go:5923.58,5925.2 1 0
github.com/zpenka/grit/engine.go:5927.58,5929.2 1 0
github.com/zpenka/grit/engine.go:5939.52,5944.2 1 0
github.com/zpenka/grit/engine.go:5953.40,5957.2 1 0
github.com/zpenka/grit/engine.go:5959.61,5965.2 1 0
github.com/zpenka/grit/engine.go:5967.63,5972.2 1 0
[...]
github.com/zpenka/grit/engine_optimization.go:221.8,223.3 1 1
github.com/zpenka/grit/engine_optimization.go:227.55,229.16 2 1
github.com/zpenka/grit/engine_optimization.go:229.16,231.3 1 0
github.com/zpenka/grit/engine_optimization.go:232.2,232.52 1 1
github.com/zpenka/grit/engine_render_consolidation.go:15.69,17.39 2 1
github.com/zpenka/grit/engine_render_consolidation.go:17.39,20.3 2 1
github.com/zpenka/grit/engine_render_consolidation.go:21.2,21.13 1 1
github.com/zpenka/grit/engine_render_consolidation.go:26.50,30.2 1 0
github.com/zpenka/grit/engine_render_consolidation.go:43.51,48.57 4 1
github.com/zpenka/grit/engine_render_consolidation.go:48.57,50.3 1 1
github.com/zpenka/grit/engine_render_consolidation.go:52.2,52.29 1 1
github.com/zpenka/grit/engine_render_consolidation.go:52.29,53.25 1 1
github.com/zpenka/grit/engine_render_consolidation.go:53.25,55.4 1 1
github.com/zpenka/grit/engine_render_consolidation.go:57.3,57.50 1 1
github.com/zpenka/grit/engine_render_consolidation.go:57.50,59.66 2 1
github.com/zpenka/grit/engine_render_consolidation.go:59.66,61.5 1 1
github.com/zpenka/grit/engine_render_consolidation.go:61.10,61.54 1 1
github.com/zpenka/grit/engine_render_consolidation.go:61.54,63.5 1 1
github.com/zpenka/grit/engine_render_consolidation.go:66.3,67.23 2 1
github.com/zpenka/grit/engine_render_consolidation.go:70.2,70.20 1 1
github.com/zpenka/grit/engine_render_consolidation.go:74.73,78.31 3 1
github.com/zpenka/grit/engine_render_consolidation.go:78.31,79.28 1 1
github.com/zpenka/grit/engine_render_consolidation.go:80.12,81.51 1 1
github.com/zpenka/grit/engine_render_consolidation.go:82.16,83.59 1 1
github.com/zpenka/grit/engine_render_consolidation.go:84.15,85.51 1 0
github.com/zpenka/grit/engine_render_consolidation.go:86.17,87.18 1 1
github.com/zpenka/grit/engine_render_consolidation.go:87.18,89.5 1 1
github.com/zpenka/grit/engine_render_consolidation.go:90.11,91.51 1 0
github.com/zpenka/grit/engine_render_consolidation.go:95.2,95.20 1 1
github.com/zpenka/grit/engine_render_consolidation.go:99.77,105.28 4 1
github.com/zpenka/grit/engine_render_consolidation.go:105.28,107.3 1 1
github.com/zpenka/grit/engine_render_consolidation.go:108.2,108.27 1 1
github.com/zpenka/grit/engine_render_consolidation.go:108.27,109.28 1 1
github.com/zpenka/grit/engine_render_consolidation.go:109.28,110.32 1 1
github.com/zpenka/grit/engine_render_consolidation.go:110.32,112.5 1 1
github.com/zpenka/grit/engine_render_consolidation.go:117.2,117.28 1 1
github.com/zpenka/grit/engine_render_consolidation.go:117.28,119.3 1 1
github.com/zpenka/grit/engine_render_consolidation.go:120.2,123.30 2 1
github.com/zpenka/grit/engine_render_consolidation.go:123.30,125.3 1 1
github.com/zpenka/grit/engine_render_consolidation.go:126.2,129.27 2 1
github.com/zpenka/grit/engine_render_consolidation.go:129.27,130.28 1 1
github.com/zpenka/grit/engine_render_consolidation.go:130.28,132.4 1 1
github.com/zpenka/grit/engine_render_consolidation.go:133.3,133.23 1 1
github.com/zpenka/grit/engine_render_consolidation.go:136.2,136.20 1 1
github.com/zpenka/grit/engine_render_consolidation.go:140.73,141.14 1 1
github.com/zpenka/grit/engine_render_consolidation.go:141.14,143.3 1 0
github.com/zpenka/grit/engine_render_consolidation.go:145.2,150.79 5 1
github.com/zpenka/grit/engine_render_consolidation.go:154.105,160.33 5 1
github.com/zpenka/grit/engine_render_consolidation.go:160.33,162.3 1 1
github.com/zpenka/grit/engine_render_consolidation.go:164.2,164.20 1 1
github.com/zpenka/grit/engine_render_consolidation.go:168.68,172.30 3 1
github.com/zpenka/grit/engine_render_consolidation.go:172.30,174.3 1 1
github.com/zpenka/grit/engine_render_consolidation.go:176.2,176.20 1 1
github.com/zpenka/grit/engine_render_consolidation.go:180.60,184.22 3 1
github.com/zpenka/grit/engine_render_consolidation.go:184.22,187.3 2 1
github.com/zpenka/grit/engine_render_consolidation.go:189.2,189.29 1 1
github.com/zpenka/grit/engine_render_consolidation.go:189.29,191.3 1 1
github.com/zpenka/grit/engine_render_consolidation.go:193.2,193.20 1 1
github.com/zpenka/grit/engine_test_helpers.go:17.36,31.2 1 1
github.com/zpenka/grit/engine_test_helpers.go:34.78,35.24 1 1
github.com/zpenka/grit/engine_test_helpers.go:35.24,37.3 1 0
github.com/zpenka/grit/engine_test_helpers.go:41.69,42.12 1 1
github.com/zpenka/grit/engine_test_helpers.go:42.12,44.3 1 0
github.com/zpenka/grit/engine_test_helpers.go:48.63,49.16 1 1
github.com/zpenka/grit/engine_test_helpers.go:49.16,51.3 1 0
github.com/zpenka/grit/engine_test_helpers.go:55.64,56.15 1 1
github.com/zpenka/grit/engine_test_helpers.go:56.15,58.3 1 0
github.com/zpenka/grit/engine_test_helpers.go:62.68,63.18 1 1
github.com/zpenka/grit/engine_test_helpers.go:63.18,65.3 1 0
github.com/zpenka/grit/engine_test_helpers.go:69.65,70.18 1 0
github.com/zpenka/grit/engine_test_helpers.go:70.18,72.3 1 0
github.com/zpenka/grit/engine_test_helpers.go:76.82,77.27 1 1
github.com/zpenka/grit/engine_test_helpers.go:78.16,79.28 1 1
github.com/zpenka/grit/engine_test_helpers.go:79.28,81.4 1 0
github.com/zpenka/grit/engine_test_helpers.go:82.16,83.28 1 1
github.com/zpenka/grit/engine_test_helpers.go:83.28,85.4 1 0
github.com/zpenka/grit/engine_test_helpers.go:86.18,87.28 1 1
github.com/zpenka/grit/engine_test_helpers.go:87.28,89.4 1 0
github.com/zpenka/grit/engine_test_helpers.go:90.21,91.28 1 1
github.com/zpenka/grit/engine_test_helpers.go:91.28,93.4 1 0
github.com/zpenka/grit/engine_test_helpers.go:94.10,95.61 1 0
github.com/zpenka/grit/engine_test_helpers.go:100.70,102.46 2 1
github.com/zpenka/grit/engine_test_helpers.go:102.46,103.37 1 1
github.com/zpenka/grit/engine_test_helpers.go:103.37,105.9 2 1
github.com/zpenka/grit/engine_test_helpers.go:108.2,108.12 1 1
github.com/zpenka/grit/engine_test_helpers.go:108.12,110.3 1 0
github.com/zpenka/grit/engine_test_helpers.go:114.72,115.32 1 1
github.com/zpenka/grit/engine_test_helpers.go:115.32,117.3 1 0
github.com/zpenka/grit/engine_test_helpers.go:121.78,122.32 1 0
github.com/zpenka/grit/engine_test_helpers.go:122.32,124.3 1 0
github.com/zpenka/grit/engine_test_helpers.go:128.85,129.34 1 1
github.com/zpenka/grit/engine_test_helpers.go:129.34,131.3 1 0
github.com/zpenka/grit/engine_test_helpers.go:135.78,137.26 2 0
github.com/zpenka/grit/engine_test_helpers.go:137.26,138.16 1 0
github.com/zpenka/grit/engine_test_helpers.go:138.16,140.9 2 0
github.com/zpenka/grit/engine_test_helpers.go:143.2,143.12 1 0
github.com/zpenka/grit/engine_test_helpers.go:143.12,145.3 1 0
github.com/zpenka/grit/engine_test_helpers.go:177.40,187.2 1 1
github.com/zpenka/grit/engine_test_helpers.go:190.63,192.20 2 1
github.com/zpenka/grit/engine_test_helpers.go:192.20,194.3 1 1
github.com/zpenka/grit/engine_test_helpers.go:194.8,196.3 1 0
github.com/zpenka/grit/engine_test_helpers.go:197.2,197.11 1 1
github.com/zpenka/grit/engine_test_helpers.go:201.67,204.2 2 1
github.com/zpenka/grit/engine_test_helpers.go:207.69,210.2 2 1
github.com/zpenka/grit/engine_test_helpers.go:213.63,216.2 2 1
github.com/zpenka/grit/engine_test_helpers.go:219.41,221.2 1 1
github.com/zpenka/grit/grit.go:43.49,44.24 1 0
github.com/zpenka/grit/grit.go:44.24,47.16 2 0
github.com/zpenka/grit/grit.go:47.16,49.4 1 0
github.com/zpenka/grit/grit.go:50.3,51.17 2 0
github.com/zpenka/grit/grit.go:51.17,53.4 1 0
github.com/zpenka/grit/grit.go:54.3,54.53 1 0
github.com/zpenka/grit/grit.go:58.47,59.24 1 0
github.com/zpenka/grit/grit.go:59.24,62.17 2 0
github.com/zpenka/grit/grit.go:62.17,64.4 1 0
github.com/zpenka/grit/grit.go:65.3,65.47 1 0
github.com/zpenka/grit/grit.go:69.45,70.24 1 0
github.com/zpenka/grit/grit.go:70.24,72.17 2 0
github.com/zpenka/grit/grit.go:72.17,74.4 1 0
github.com/zpenka/grit/grit.go:75.3,79.4 2 0
github.com/zpenka/grit/grit.go:83.54,84.24 1 0
github.com/zpenka/grit/grit.go:84.24,87.17 2 0
github.com/zpenka/grit/grit.go:87.17,89.4 1 0
github.com/zpenka/grit/grit.go:90.3,90.49 1 0
github.com/zpenka/grit/grit.go:94.25,95.65 1 0
github.com/zpenka/grit/grit.go:95.65,97.3 1 0
github.com/zpenka/grit/grit.go:100.38,106.4 1 0
github.com/zpenka/grit/grit.go:106.4,109.35 3 0
github.com/zpenka/grit/grit.go:109.35,111.4 1 0
github.com/zpenka/grit/grit.go:113.2,113.46 1 0
github.com/zpenka/grit/grit.go:116.50,118.18 2 0
github.com/zpenka/grit/grit.go:118.18,120.3 1 0
github.com/zpenka/grit/grit.go:121.2,124.16 3 0
github.com/zpenka/grit/grit.go:124.16,125.25 1 0
github.com/zpenka/grit/grit.go:125.25,125.51 1 0
github.com/zpenka/grit/grit.go:127.2,131.50 5 0
github.com/zpenka/grit/grit.go:131.50,134.3 2 0
github.com/zpenka/grit/grit.go:137.31,139.2 1 0
github.com/zpenka/grit/grit.go:141.57,142.27 1 0
github.com/zpenka/grit/grit.go:143.25,146.16 3 0
github.com/zpenka/grit/grit.go:148.24,152.18 4 0
github.com/zpenka/grit/grit.go:152.18,155.4 2 0
github.com/zpenka/grit/grit.go:156.3,156.16 1 0
github.com/zpenka/grit/grit.go:158.21,165.16 7 0
github.com/zpenka/grit/grit.go:167.25,171.32 3 0
github.com/zpenka/grit/grit.go:171.32,172.24 1 0
github.com/zpenka/grit/grit.go:172.24,174.10 2 0
github.com/zpenka/grit/grit.go:177.3,178.16 2 0
github.com/zpenka/grit/grit.go:180.22,185.16 5 0
github.com/zpenka/grit/grit.go:187.21,189.16 2 0
github.com/zpenka/grit/grit.go:191.21,192.16 1 0
github.com/zpenka/grit/grit.go:195.2,196.9 2 0
github.com/zpenka/grit/grit.go:196.9,198.3 1 0
github.com/zpenka/grit/grit.go:200.2,200.29 1 0
github.com/zpenka/grit/grit.go:200.29,202.3 1 0
github.com/zpenka/grit/grit.go:205.2,205.17 1 0
github.com/zpenka/grit/grit.go:205.17,207.22 2 0
github.com/zpenka/grit/grit.go:208.12,209.22 1 0
github.com/zpenka/grit/grit.go:210.20,212.18 2 0
github.com/zpenka/grit/grit.go:212.18,214.5 1 0
github.com/zpenka/grit/grit.go:215.4,215.30 1 0
github.com/zpenka/grit/grit.go:215.30,217.5 1 0
github.com/zpenka/grit/grit.go:218.18,219.25 1 0
github.com/zpenka/grit/grit.go:219.25,221.5 1 0
github.com/zpenka/grit/grit.go:222.17,224.18 2 0
github.com/zpenka/grit/grit.go:224.18,226.5 1 0
github.com/zpenka/grit/grit.go:227.4,228.30 2 0
github.com/zpenka/grit/grit.go:228.30,230.5 1 0
github.com/zpenka/grit/grit.go:231.12,233.25 2 0
github.com/zpenka/grit/grit.go:233.25,235.5 1 0
github.com/zpenka/grit/grit.go:236.12,237.21 1 0
github.com/zpenka/grit/grit.go:238.12,239.37 1 0
github.com/zpenka/grit/grit.go:240.19,243.35 2 0
github.com/zpenka/grit/grit.go:243.35,244.34 1 0
github.com/zpenka/grit/grit.go:244.34,246.11 2 0
github.com/zpenka/grit/grit.go:250.3,250.16 1 0
github.com/zpenka/grit/grit.go:254.2,254.17 1 0
github.com/zpenka/grit/grit.go:254.17,255.18 1 0
github.com/zpenka/grit/grit.go:256.19,261.19 5 0
github.com/zpenka/grit/grit.go:261.19,264.5 2 0
github.com/zpenka/grit/grit.go:265.21,266.23 1 0
github.com/zpenka/grit/grit.go:267.25,269.22 2 0
github.com/zpenka/grit/grit.go:269.22,273.60 4 0
github.com/zpenka/grit/grit.go:273.60,276.6 2 0
github.com/zpenka/grit/grit.go:278.11,279.25 1 0
github.com/zpenka/grit/grit.go:279.25,283.60 4 0
github.com/zpenka/grit/grit.go:283.60,286.6 2 0
github.com/zpenka/grit/grit.go:289.3,289.16 1 0
github.com/zpenka/grit/grit.go:292.2,295.21 2 0
github.com/zpenka/grit/grit.go:296.11,297.21 1 0
github.com/zpenka/grit/grit.go:298.13,299.10 1 0
github.com/zpenka/grit/grit.go:300.21,301.27 1 0
github.com/zpenka/grit/grit.go:302.20,303.25 1 0
github.com/zpenka/grit/grit.go:304.11,305.22 1 0
github.com/zpenka/grit/grit.go:307.3,308.16 2 0
github.com/zpenka/grit/grit.go:309.11,312.16 3 0
github.com/zpenka/grit/grit.go:313.11,314.42 1 0
github.com/zpenka/grit/grit.go:314.42,317.4 2 0
github.com/zpenka/grit/grit.go:318.3,319.16 2 0
github.com/zpenka/grit/grit.go:320.11,321.20 1 0
github.com/zpenka/grit/grit.go:321.20,325.4 3 0
github.com/zpenka/grit/grit.go:326.3,328.16 3 0
github.com/zpenka/grit/grit.go:329.11,330.56 1 0
github.com/zpenka/grit/grit.go:330.56,334.4 3 0
github.com/zpenka/grit/grit.go:335.3,335.16 1 0
github.com/zpenka/grit/grit.go:336.11,337.25 1 0
github.com/zpenka/grit/grit.go:337.25,338.61 1 0
github.com/zpenka/grit/grit.go:338.61,340.5 1 0
github.com/zpenka/grit/grit.go:340.10,342.5 1 0
github.com/zpenka/grit/grit.go:343.4,344.24 2 0
github.com/zpenka/grit/grit.go:346.3,346.16 1 0
github.com/zpenka/grit/grit.go:347.11,348.25 1 0
github.com/zpenka/grit/grit.go:348.25,351.4 2 0
github.com/zpenka/grit/grit.go:352.3,352.16 1 0
github.com/zpenka/grit/grit.go:355.2,358.18 2 0
github.com/zpenka/grit/grit.go:358.18,359.22 1 0
github.com/zpenka/grit/grit.go:360.20,361.42 1 0
github.com/zpenka/grit/grit.go:361.42,363.5 1 0
github.com/zpenka/grit/grit.go:364.18,365.26 1 0
github.com/zpenka/grit/grit.go:365.26,367.5 1 0
github.com/zpenka/grit/grit.go:368.21,369.40 1 0
github.com/zpenka/grit/grit.go:369.40,377.5 7 0
github.com/zpenka/grit/grit.go:378.14,379.27 1 0
github.com/zpenka/grit/grit.go:381.3,381.16 1 0
github.com/zpenka/grit/grit.go:385.2,385.17 1 0
github.com/zpenka/grit/grit.go:385.17,386.22 1 0
github.com/zpenka/grit/grit.go:387.20,388.41 1 0
github.com/zpenka/grit/grit.go:388.41,390.5 1 0
github.com/zpenka/grit/grit.go:391.18,392.24 1 0
github.com/zpenka/grit/grit.go:392.24,394.5 1 0
github.com/zpenka/grit/grit.go:395.21,396.39 1 0
github.com/zpenka/grit/grit.go:396.39,400.5 3 0
github.com/zpenka/grit/grit.go:401.14,402.25 1 0
github.com/zpenka/grit/grit.go:404.3,404.16 1 0
github.com/zpenka/grit/grit.go:407.2,407.26 1 0
github.com/zpenka/grit/grit.go:407.26,409.72 1 0
github.com/zpenka/grit/grit.go:409.72,412.4 2 0
github.com/zpenka/grit/grit.go:413.3,416.22 3 0
github.com/zpenka/grit/grit.go:417.20,419.28 2 0
github.com/zpenka/grit/grit.go:419.28,421.5 1 0
github.com/zpenka/grit/grit.go:422.4,422.47 1 0
github.com/zpenka/grit/grit.go:422.47,427.5 4 0
github.com/zpenka/grit/grit.go:428.18,430.21 2 0
github.com/zpenka/grit/grit.go:430.21,432.5 1 0
github.com/zpenka/grit/grit.go:433.4,433.29 1 0
github.com/zpenka/grit/grit.go:433.29,438.5 4 0
github.com/zpenka/grit/grit.go:439.12,440.36 1 0
github.com/zpenka/grit/grit.go:440.36,445.5 4 0
github.com/zpenka/grit/grit.go:446.12,447.58 1 0
github.com/zpenka/grit/grit.go:447.58,452.5 4 0
github.com/zpenka/grit/grit.go:453.12,454.22 1 0
github.com/zpenka/grit/grit.go:456.8,458.22 2 0
github.com/zpenka/grit/grit.go:459.20,460.36 1 0
github.com/zpenka/grit/grit.go:461.18,462.34 1 0
github.com/zpenka/grit/grit.go:463.17,464.43 1 0
github.com/zpenka/grit/grit.go:465.12,466.41 1 0
github.com/zpenka/grit/grit.go:467.12,468.20 1 0
github.com/zpenka/grit/grit.go:469.12,470.51 1 0
github.com/zpenka/grit/grit.go:471.12,472.22 1 0
github.com/zpenka/grit/grit.go:476.2,476.15 1 0
github.com/zpenka/grit/grit.go:479.30,480.35 1 0
github.com/zpenka/grit/grit.go:480.35,482.3 1 0
github.com/zpenka/grit/grit.go:484.2,494.24 8 0
github.com/zpenka/grit/grit.go:494.24,497.3 2 0
github.com/zpenka/grit/grit.go:498.2,504.9 5 0
github.com/zpenka/grit/grit.go:505.20,507.75 2 0
github.com/zpenka/grit/grit.go:508.19,510.75 2 0
github.com/zpenka/grit/grit.go:511.21,513.27 2 0
github.com/zpenka/grit/grit.go:513.27,515.4 1 0
github.com/zpenka/grit/grit.go:515.9,517.4 1 0
github.com/zpenka/grit/grit.go:518.10,519.27 1 0
github.com/zpenka/grit/grit.go:519.27,521.4 1 0
github.com/zpenka/grit/grit.go:521.9,523.4 1 0
github.com/zpenka/grit/grit.go:527.2,528.9 2 0
github.com/zpenka/grit/grit.go:529.19,532.27 3 0
github.com/zpenka/grit/grit.go:532.27,534.4 1 0
github.com/zpenka/grit/grit.go:534.9,536.4 1 0
github.com/zpenka/grit/grit.go:537.17,538.49 1 0
github.com/zpenka/grit/grit.go:539.20,540.49 1 0
github.com/zpenka/grit/grit.go:541.10,545.27 3 0
github.com/zpenka/grit/grit.go:545.27,547.4 1 0
github.com/zpenka/grit/grit.go:547.9,549.4 1 0
github.com/zpenka/grit/grit.go:552.2,559.21 6 0
github.com/zpenka/grit/grit.go:559.21,561.3 1 0
github.com/zpenka/grit/grit.go:562.2,562.34 1 0
github.com/zpenka/grit/grit.go:562.34,564.22 2 0
github.com/zpenka/grit/grit.go:564.22,566.4 1 0
github.com/zpenka/grit/grit.go:570.2,571.19 2 0
github.com/zpenka/grit/grit.go:571.19,573.3 1 0
github.com/zpenka/grit/grit.go:574.2,574.41 1 0
github.com/zpenka/grit/grit.go:574.41,576.20 2 0
github.com/zpenka/grit/grit.go:576.20,578.4 1 0
github.com/zpenka/grit/grit.go:582.2,583.21 2 0
github.com/zpenka/grit/grit.go:583.21,585.3 1 0
github.com/zpenka/grit/grit.go:586.2,586.42 1 0
github.com/zpenka/grit/grit.go:586.42,588.22 2 0
github.com/zpenka/grit/grit.go:588.22,590.4 1 0
github.com/zpenka/grit/grit.go:593.2,593.30 1 0
github.com/zpenka/grit/grit.go:593.30,595.10 2 0
github.com/zpenka/grit/grit.go:596.21,597.55 1 0
github.com/zpenka/grit/grit.go:598.20,599.51 1 0
github.com/zpenka/grit/grit.go:600.11,601.59 1 0
github.com/zpenka/grit/grit.go:604.3,605.18 2 0
github.com/zpenka/grit/grit.go:605.18,607.4 1 0
github.com/zpenka/grit/grit.go:607.9,609.4 1 0
github.com/zpenka/grit/grit.go:611.3,614.23 4 0
github.com/zpenka/grit/grit.go:618.2,619.9 2 0
github.com/zpenka/grit/grit.go:620.21,621.45 1 0
github.com/zpenka/grit/grit.go:622.19,623.88 1 0
github.com/zpenka/grit/grit.go:624.24,625.97 1 0
github.com/zpenka/grit/grit.go:626.19,627.106 1 0
github.com/zpenka/grit/grit.go:628.20,629.88 1 0
github.com/zpenka/grit/grit.go:630.19,631.87 1 0
github.com/zpenka/grit/grit.go:632.28,633.111 1 0
github.com/zpenka/grit/grit.go:634.10,635.158 1 0
github.com/zpenka/grit/grit.go:637.2,640.85 3 0
github.com/zpenka/grit/grit.go:643.67,651.18 3 0
github.com/zpenka/grit/grit.go:651.18,653.3 1 0
github.com/zpenka/grit/grit.go:654.2,654.31 1 0
github.com/zpenka/grit/grit.go:654.31,656.3 1 0
github.com/zpenka/grit/grit.go:657.2,660.47 3 0
github.com/zpenka/grit/grit.go:660.47,661.72 1 0
github.com/zpenka/grit/grit.go:661.72,663.4 1 0
github.com/zpenka/grit/grit.go:664.3,664.12 1 0
github.com/zpenka/grit/grit.go:666.2,667.21 2 0
github.com/zpenka/grit/grit.go:667.21,669.3 1 0
github.com/zpenka/grit/grit.go:669.8,671.3 1 0
github.com/zpenka/grit/grit.go:672.2,676.40 5 0
github.com/zpenka/grit/grit.go:679.52,681.40 2 0
github.com/zpenka/grit/grit.go:681.40,683.3 1 0
github.com/zpenka/grit/grit.go:684.2,686.47 3 0
github.com/zpenka/grit/grit.go:686.47,687.15 1 0
github.com/zpenka/grit/grit.go:687.15,689.4 1 0
github.com/zpenka/grit/grit.go:690.3,690.12 1 0
github.com/zpenka/grit/grit.go:692.2,693.14 2 0
github.com/zpenka/grit/grit.go:693.14,695.3 1 0
github.com/zpenka/grit/grit.go:695.8,697.3 1 0
github.com/zpenka/grit/grit.go:698.2,699.19 2 0
github.com/zpenka/grit/grit.go:702.54,704.39 2 0
github.com/zpenka/grit/grit.go:704.39,706.3 1 0
github.com/zpenka/grit/grit.go:707.2,711.47 4 0
github.com/zpenka/grit/grit.go:711.47,712.15 1 0
github.com/zpenka/grit/grit.go:712.15,714.4 1 0
github.com/zpenka/grit/grit.go:715.3,715.12 1 0
github.com/zpenka/grit/grit.go:717.2,718.14 2 0
github.com/zpenka/grit/grit.go:718.14,720.3 1 0
github.com/zpenka/grit/grit.go:720.8,722.3 1 0
github.com/zpenka/grit/grit.go:724.2,725.15 2 0
github.com/zpenka/grit/grit.go:725.15,727.3 1 0
github.com/zpenka/grit/grit.go:728.2,730.15 3 0
github.com/zpenka/grit/grit.go:730.15,732.3 1 0
github.com/zpenka/grit/grit.go:732.8,734.3 1 0
github.com/zpenka/grit/grit.go:735.2,736.28 2 0
github.com/zpenka/grit/grit.go:739.53,740.41 1 0
github.com/zpenka/grit/grit.go:740.41,742.3 1 0
github.com/zpenka/grit/grit.go:743.2,749.18 7 0
github.com/zpenka/grit/grit.go:749.18,751.3 1 0
github.com/zpenka/grit/grit.go:752.2,757.40 6 0
github.com/zpenka/grit/grit.go:760.52,761.40 1 0
github.com/zpenka/grit/grit.go:761.40,763.3 1 0
github.com/zpenka/grit/grit.go:764.2,766.17 3 0
github.com/zpenka/grit/grit.go:767.17,768.31 1 0
github.com/zpenka/grit/grit.go:769.19,770.34 1 0
github.com/zpenka/grit/grit.go:771.16,772.32 1 0
github.com/zpenka/grit/grit.go:773.16,774.32 1 0
github.com/zpenka/grit/grit.go:775.10,776.14 1 0
github.com/zpenka/grit/grit.go:780.39,782.18 2 0
github.com/zpenka/grit/grit.go:782.18,784.3 1 0
github.com/zpenka/grit/grit.go:785.2,785.19 1 0
github.com/zpenka/grit/grit.go:788.12,791.20 3 0
github.com/zpenka/grit/grit.go:791.20,793.3 1 0
github.com/zpenka/grit/grit.go:794.2,795.35 2 0
github.com/zpenka/grit/grit.go:795.35,797.3 1 0
github.com/zpenka/grit/cmd/grit/main.go:5.13,7.2 1 0
