mode: set
github.com/zpenka/grit/core/filter.go:12.61,13.17 1 1
github.com/zpenka/grit/core/filter.go:13.17,15.3 1 1
github.com/zpenka/grit/core/filter.go:16.2,18.28 3 1
github.com/zpenka/grit/core/filter.go:18.28,21.54 1 1
github.com/zpenka/grit/core/filter.go:21.54,23.4 1 1
github.com/zpenka/grit/core/filter.go:25.2,25.12 1 1
github.com/zpenka/grit/core/filter.go:31.70,32.18 1 1
github.com/zpenka/grit/core/filter.go:32.18,34.3 1 1
github.com/zpenka/grit/core/filter.go:35.2,36.28 2 1
github.com/zpenka/grit/core/filter.go:36.28,37.42 1 1
github.com/zpenka/grit/core/filter.go:37.42,39.4 1 1
github.com/zpenka/grit/core/filter.go:41.2,41.12 1 1
github.com/zpenka/grit/core/filter.go:47.62,48.15 1 1
github.com/zpenka/grit/core/filter.go:48.15,50.3 1 1
github.com/zpenka/grit/core/filter.go:51.2,52.28 2 1
github.com/zpenka/grit/core/filter.go:52.28,53.33 1 1
github.com/zpenka/grit/core/filter.go:53.33,55.4 1 1
github.com/zpenka/grit/core/filter.go:57.2,57.12 1 1
github.com/zpenka/grit/core/filter.go:63.47,69.22 4 1
github.com/zpenka/grit/core/filter.go:69.22,71.3 1 0
github.com/zpenka/grit/core/filter.go:73.2,74.16 2 1
github.com/zpenka/grit/core/filter.go:74.16,76.3 1 0
github.com/zpenka/grit/core/filter.go:78.2,80.14 3 1
github.com/zpenka/grit/core/filter.go:81.13,82.18 1 1
github.com/zpenka/grit/core/filter.go:83.14,84.22 1 1
github.com/zpenka/grit/core/filter.go:85.15,86.23 1 0
github.com/zpenka/grit/core/filter.go:87.14,88.24 1 0
github.com/zpenka/grit/core/filter.go:89.10,90.15 1 0
github.com/zpenka/grit/core/filter.go:93.2,93.26 1 1
github.com/zpenka/grit/core/filter.go:98.63,100.16 2 1
github.com/zpenka/grit/core/filter.go:100.16,102.3 1 1
github.com/zpenka/grit/core/filter.go:104.2,105.28 2 1
github.com/zpenka/grit/core/filter.go:105.28,106.32 1 1
github.com/zpenka/grit/core/filter.go:106.32,108.4 1 1
github.com/zpenka/grit/core/filter.go:110.2,110.15 1 1
github.com/zpenka/grit/core/filter.go:115.75,117.28 2 0
github.com/zpenka/grit/core/filter.go:117.28,119.49 2 0
github.com/zpenka/grit/core/filter.go:119.49,121.4 1 0
github.com/zpenka/grit/core/filter.go:123.2,123.15 1 0
github.com/zpenka/grit/core/filter.go:128.63,130.28 2 1
github.com/zpenka/grit/core/filter.go:130.28,131.39 1 1
github.com/zpenka/grit/core/filter.go:131.39,133.4 1 1
github.com/zpenka/grit/core/filter.go:135.2,135.17 1 1
github.com/zpenka/grit/core/filter.go:140.36,142.20 2 0
github.com/zpenka/grit/core/filter.go:142.20,144.3 1 0
github.com/zpenka/grit/core/filter.go:145.2,146.13 2 0
github.com/zpenka/grit/core/filter.go:150.67,153.28 3 1
github.com/zpenka/grit/core/filter.go:153.28,155.24 2 1
github.com/zpenka/grit/core/filter.go:155.24,157.4 1 0
github.com/zpenka/grit/core/filter.go:157.9,157.33 1 1
github.com/zpenka/grit/core/filter.go:157.33,159.4 1 1
github.com/zpenka/grit/core/filter.go:159.9,159.33 1 0
github.com/zpenka/grit/core/filter.go:159.33,161.22 2 0
github.com/zpenka/grit/core/filter.go:161.22,163.5 1 0
github.com/zpenka/grit/core/filter.go:165.3,165.48 1 1
github.com/zpenka/grit/core/filter.go:168.2,168.29 1 1
github.com/zpenka/grit/core/filter.go:168.29,173.3 1 1
github.com/zpenka/grit/core/filter.go:174.2,174.15 1 1
github.com/zpenka/grit/core/parser.go:11.42,12.17 1 1
github.com/zpenka/grit/core/parser.go:12.17,14.3 1 1
github.com/zpenka/grit/core/parser.go:15.2,15.36 1 1
github.com/zpenka/grit/core/parser.go:15.36,17.3 1 1
github.com/zpenka/grit/core/parser.go:19.2,20.50 2 1
github.com/zpenka/grit/core/parser.go:20.50,21.17 1 1
github.com/zpenka/grit/core/parser.go:21.17,22.12 1 1
github.com/zpenka/grit/core/parser.go:25.3,26.21 2 1
github.com/zpenka/grit/core/parser.go:26.21,27.12 1 1
github.com/zpenka/grit/core/parser.go:30.3,36.5 1 1
github.com/zpenka/grit/core/parser.go:39.2,39.23 1 1
github.com/zpenka/grit/core/parser.go:39.23,41.3 1 0
github.com/zpenka/grit/core/parser.go:42.2,42.16 1 1
github.com/zpenka/grit/core/parser.go:48.40,50.49 2 1
github.com/zpenka/grit/core/parser.go:50.49,51.21 1 1
github.com/zpenka/grit/core/parser.go:51.21,52.12 1 0
github.com/zpenka/grit/core/parser.go:55.3,58.18 3 1
github.com/zpenka/grit/core/parser.go:59.12,61.19 2 1
github.com/zpenka/grit/core/parser.go:62.12,64.19 2 1
github.com/zpenka/grit/core/parser.go:65.12,66.19 1 1
github.com/zpenka/grit/core/parser.go:67.22,68.19 1 0
github.com/zpenka/grit/core/parser.go:71.3,71.58 1 1
github.com/zpenka/grit/core/parser.go:73.2,73.14 1 1
github.com/zpenka/grit/core/parser.go:79.50,81.28 2 1
github.com/zpenka/grit/core/parser.go:81.28,86.3 1 1
github.com/zpenka/grit/core/parser.go:87.2,87.14 1 1
github.com/zpenka/grit/core/utils.go:12.41,14.14 2 1
github.com/zpenka/grit/core/utils.go:14.14,16.3 1 1
github.com/zpenka/grit/core/utils.go:17.2,17.19 1 1
github.com/zpenka/grit/core/utils.go:17.19,19.3 1 1
github.com/zpenka/grit/core/utils.go:20.2,20.14 1 1
github.com/zpenka/grit/core/utils.go:20.14,22.3 1 1
github.com/zpenka/grit/core/utils.go:23.2,23.34 1 1
github.com/zpenka/grit/core/utils.go:28.33,29.40 1 1
github.com/zpenka/grit/core/utils.go:29.40,31.3 1 1
github.com/zpenka/grit/core/utils.go:32.2,32.10 1 1
github.com/zpenka/grit/core/utils.go:38.31,39.13 1 1
github.com/zpenka/grit/core/utils.go:39.13,41.3 1 1
github.com/zpenka/grit/core/utils.go:42.2,43.26 2 1
github.com/zpenka/grit/core/utils.go:43.26,45.3 1 1
github.com/zpenka/grit/core/utils.go:46.2,46.13 1 1
github.com/zpenka/grit/core/utils.go:46.13,48.3 1 1
github.com/zpenka/grit/core/utils.go:49.2,49.10 1 1
github.com/zpenka/grit/core/utils.go:55.46,60.32 5 1
github.com/zpenka/grit/core/utils.go:60.32,61.40 1 1
github.com/zpenka/grit/core/utils.go:61.40,64.4 2 1
github.com/zpenka/grit/core/utils.go:66.2,66.13 1 1
github.com/zpenka/grit/core/utils.go:72.44,74.70 2 1
github.com/zpenka/grit/core/utils.go:74.70,76.17 2 1
github.com/zpenka/grit/core/utils.go:76.17,77.12 1 0
github.com/zpenka/grit/core/utils.go:79.3,80.37 2 1
github.com/zpenka/grit/core/utils.go:80.37,81.12 1 0
github.com/zpenka/grit/core/utils.go:83.3,83.36 1 1
github.com/zpenka/grit/core/utils.go:85.2,85.17 1 1
github.com/zpenka/grit/core/utils.go:91.47,92.70 1 1
github.com/zpenka/grit/core/utils.go:92.70,93.36 1 1
github.com/zpenka/grit/core/utils.go:93.36,95.4 1 1
github.com/zpenka/grit/core/utils.go:97.2,97.11 1 1
github.com/zpenka/grit/core/utils.go:103.52,106.45 3 1
github.com/zpenka/grit/core/utils.go:106.45,108.3 1 1
github.com/zpenka/grit/core/utils.go:109.2,110.19 2 1
github.com/zpenka/grit/core/utils.go:110.19,112.3 1 0
github.com/zpenka/grit/core/utils.go:113.2,114.19 2 1
github.com/zpenka/grit/core/utils.go:114.19,116.3 1 0
github.com/zpenka/grit/core/utils.go:118.2,119.16 2 1
github.com/zpenka/grit/core/utils.go:119.16,121.3 1 0
github.com/zpenka/grit/core/utils.go:122.2,125.26 4 1
github.com/zpenka/grit/core/utils.go:125.26,127.3 1 1
github.com/zpenka/grit/core/utils.go:127.8,127.32 1 0
github.com/zpenka/grit/core/utils.go:127.32,129.3 1 0
github.com/zpenka/grit/core/utils.go:130.2,136.9 1 1
github.com/zpenka/grit/core/utils.go:142.44,144.51 2 1
github.com/zpenka/grit/core/utils.go:144.51,145.41 1 1
github.com/zpenka/grit/core/utils.go:145.41,147.4 1 1
github.com/zpenka/grit/core/utils.go:149.2,149.14 1 1
github.com/zpenka/grit/core/utils.go:155.43,156.29 1 1
github.com/zpenka/grit/core/utils.go:156.29,157.45 1 1
github.com/zpenka/grit/core/utils.go:157.45,159.4 1 1
github.com/zpenka/grit/core/utils.go:160.3,160.67 1 1
github.com/zpenka/grit/core/utils.go:160.67,162.4 1 1
github.com/zpenka/grit/core/utils.go:164.2,164.14 1 1
github.com/zpenka/grit/cmd/grit/main.go:5.13,7.2 1 0
github.com/zpenka/grit/engine.go:12.38,17.2 1 1
github.com/zpenka/grit/engine.go:22.41,24.14 2 1
github.com/zpenka/grit/engine.go:24.14,26.3 1 1
github.com/zpenka/grit/engine.go:27.2,27.19 1 1
github.com/zpenka/grit/engine.go:27.19,29.3 1 1
github.com/zpenka/grit/engine.go:30.2,30.14 1 1
github.com/zpenka/grit/engine.go:30.14,32.3 1 1
github.com/zpenka/grit/engine.go:33.2,33.34 1 1
github.com/zpenka/grit/engine.go:37.33,38.40 1 1
github.com/zpenka/grit/engine.go:38.40,40.3 1 1
github.com/zpenka/grit/engine.go:41.2,41.10 1 1
github.com/zpenka/grit/engine.go:49.44,51.70 2 1
github.com/zpenka/grit/engine.go:51.70,53.17 2 1
github.com/zpenka/grit/engine.go:53.17,54.12 1 1
github.com/zpenka/grit/engine.go:56.3,57.37 2 1
github.com/zpenka/grit/engine.go:57.37,58.12 1 1
github.com/zpenka/grit/engine.go:60.3,60.36 1 1
github.com/zpenka/grit/engine.go:62.2,62.17 1 1
github.com/zpenka/grit/engine.go:67.47,68.70 1 1
github.com/zpenka/grit/engine.go:68.70,69.36 1 1
github.com/zpenka/grit/engine.go:69.36,71.4 1 1
github.com/zpenka/grit/engine.go:73.2,73.11 1 1
github.com/zpenka/grit/engine.go:78.52,81.45 3 1
github.com/zpenka/grit/engine.go:81.45,83.3 1 1
github.com/zpenka/grit/engine.go:84.2,85.19 2 1
github.com/zpenka/grit/engine.go:85.19,87.3 1 1
github.com/zpenka/grit/engine.go:88.2,89.19 2 1
github.com/zpenka/grit/engine.go:89.19,91.3 1 0
github.com/zpenka/grit/engine.go:93.2,94.16 2 1
github.com/zpenka/grit/engine.go:94.16,96.3 1 0
github.com/zpenka/grit/engine.go:97.2,100.26 4 1
github.com/zpenka/grit/engine.go:100.26,102.3 1 1
github.com/zpenka/grit/engine.go:102.8,102.32 1 1
github.com/zpenka/grit/engine.go:102.32,104.3 1 0
github.com/zpenka/grit/engine.go:105.2,111.9 1 1
github.com/zpenka/grit/engine.go:116.44,118.51 2 1
github.com/zpenka/grit/engine.go:118.51,119.41 1 1
github.com/zpenka/grit/engine.go:119.41,121.4 1 1
github.com/zpenka/grit/engine.go:123.2,123.14 1 1
github.com/zpenka/grit/engine.go:129.34,130.27 1 1
github.com/zpenka/grit/engine.go:130.27,132.3 1 1
github.com/zpenka/grit/engine.go:133.2,134.33 2 1
github.com/zpenka/grit/engine.go:134.33,135.33 1 1
github.com/zpenka/grit/engine.go:135.33,137.4 1 1
github.com/zpenka/grit/engine.go:139.2,139.12 1 1
github.com/zpenka/grit/engine.go:144.31,145.13 1 1
github.com/zpenka/grit/engine.go:145.13,147.3 1 1
github.com/zpenka/grit/engine.go:148.2,149.26 2 1
github.com/zpenka/grit/engine.go:149.26,151.3 1 1
github.com/zpenka/grit/engine.go:152.2,152.13 1 1
github.com/zpenka/grit/engine.go:152.13,154.3 1 1
github.com/zpenka/grit/engine.go:155.2,155.10 1 1
github.com/zpenka/grit/engine.go:162.53,164.29 2 1
github.com/zpenka/grit/engine.go:164.29,165.74 1 1
github.com/zpenka/grit/engine.go:165.74,167.4 1 1
github.com/zpenka/grit/engine.go:168.3,168.29 1 1
github.com/zpenka/grit/engine.go:168.29,170.4 1 1
github.com/zpenka/grit/engine.go:171.3,171.31 1 1
github.com/zpenka/grit/engine.go:171.31,173.4 1 1
github.com/zpenka/grit/engine.go:175.2,175.14 1 1
github.com/zpenka/grit/engine.go:179.70,185.29 5 1
github.com/zpenka/grit/engine.go:185.29,186.51 1 1
github.com/zpenka/grit/engine.go:186.51,188.4 1 1
github.com/zpenka/grit/engine.go:189.3,189.55 1 1
github.com/zpenka/grit/engine.go:189.55,191.4 1 1
github.com/zpenka/grit/engine.go:193.3,194.87 1 1
github.com/zpenka/grit/engine.go:194.87,196.4 1 1
github.com/zpenka/grit/engine.go:199.2,202.9 3 1
github.com/zpenka/grit/engine.go:203.17,204.18 1 1
github.com/zpenka/grit/engine.go:205.13,206.15 1 1
github.com/zpenka/grit/engine.go:207.44,208.20 1 1
github.com/zpenka/grit/engine.go:209.10,210.18 1 1
github.com/zpenka/grit/engine.go:213.2,214.17 2 1
github.com/zpenka/grit/engine.go:214.17,216.3 1 1
github.com/zpenka/grit/engine.go:217.2,217.16 1 1
github.com/zpenka/grit/engine.go:217.16,219.3 1 1
github.com/zpenka/grit/engine.go:220.2,222.12 2 1
github.com/zpenka/grit/engine.go:227.46,228.20 1 1
github.com/zpenka/grit/engine.go:228.20,230.3 1 1
github.com/zpenka/grit/engine.go:231.2,232.51 2 1
github.com/zpenka/grit/engine.go:232.51,234.3 1 0
github.com/zpenka/grit/engine.go:235.2,235.50 1 1
github.com/zpenka/grit/engine.go:235.50,237.3 1 1
github.com/zpenka/grit/engine.go:238.2,238.30 1 1
github.com/zpenka/grit/engine.go:242.39,243.17 1 1
github.com/zpenka/grit/engine.go:243.17,245.3 1 0
github.com/zpenka/grit/engine.go:246.2,246.39 1 1
github.com/zpenka/grit/engine.go:251.45,253.55 2 1
github.com/zpenka/grit/engine.go:253.55,255.3 1 1
github.com/zpenka/grit/engine.go:257.2,282.34 2 1
github.com/zpenka/grit/engine.go:282.34,284.3 1 1
github.com/zpenka/grit/engine.go:285.2,285.39 1 1
github.com/zpenka/grit/engine.go:285.39,287.3 1 0
github.com/zpenka/grit/engine.go:290.2,290.15 1 1
github.com/zpenka/grit/engine.go:295.65,296.23 1 1
github.com/zpenka/grit/engine.go:296.23,298.3 1 0
github.com/zpenka/grit/engine.go:299.2,299.22 1 1
github.com/zpenka/grit/engine.go:299.22,301.3 1 0
github.com/zpenka/grit/engine.go:304.2,305.30 2 1
github.com/zpenka/grit/engine.go:305.30,307.3 1 0
github.com/zpenka/grit/engine.go:308.2,308.17 1 1
github.com/zpenka/grit/engine.go:314.51,316.28 2 1
github.com/zpenka/grit/engine.go:316.28,318.3 1 1
github.com/zpenka/grit/engine.go:319.2,319.26 1 1
github.com/zpenka/grit/engine.go:319.26,321.3 1 1
github.com/zpenka/grit/engine.go:322.2,322.25 1 1
github.com/zpenka/grit/engine.go:322.25,324.3 1 1
github.com/zpenka/grit/engine.go:325.2,325.21 1 1
github.com/zpenka/grit/engine.go:325.21,327.3 1 1
github.com/zpenka/grit/engine.go:328.2,328.33 1 1
github.com/zpenka/grit/engine.go:333.34,334.16 1 1
github.com/zpenka/grit/engine.go:334.16,336.3 1 1
github.com/zpenka/grit/engine.go:337.2,337.11 1 1
github.com/zpenka/grit/engine.go:347.56,352.29 5 1
github.com/zpenka/grit/engine.go:352.29,355.3 2 1
github.com/zpenka/grit/engine.go:356.2,356.20 1 1
github.com/zpenka/grit/engine.go:362.46,367.32 5 1
github.com/zpenka/grit/engine.go:367.32,368.40 1 1
github.com/zpenka/grit/engine.go:368.40,371.4 2 1
github.com/zpenka/grit/engine.go:373.2,373.13 1 1
github.com/zpenka/grit/engine.go:380.43,381.29 1 1
github.com/zpenka/grit/engine.go:381.29,382.45 1 1
github.com/zpenka/grit/engine.go:382.45,384.4 1 1
github.com/zpenka/grit/engine.go:385.3,385.67 1 1
github.com/zpenka/grit/engine.go:385.67,387.4 1 1
github.com/zpenka/grit/engine.go:389.2,389.14 1 1
github.com/zpenka/grit/engine.go:396.49,397.29 1 1
github.com/zpenka/grit/engine.go:397.29,398.45 1 1
github.com/zpenka/grit/engine.go:398.45,400.23 2 1
github.com/zpenka/grit/engine.go:400.23,402.5 1 1
github.com/zpenka/grit/engine.go:405.2,405.12 1 1
github.com/zpenka/grit/engine.go:417.42,422.29 4 1
github.com/zpenka/grit/engine.go:422.29,423.28 1 1
github.com/zpenka/grit/engine.go:423.28,424.21 1 1
github.com/zpenka/grit/engine.go:424.21,426.5 1 1
github.com/zpenka/grit/engine.go:427.4,432.15 2 1
github.com/zpenka/grit/engine.go:433.9,433.27 1 1
github.com/zpenka/grit/engine.go:433.27,435.4 1 1
github.com/zpenka/grit/engine.go:437.2,437.19 1 1
github.com/zpenka/grit/engine.go:437.19,439.3 1 1
github.com/zpenka/grit/engine.go:440.2,440.14 1 1
github.com/zpenka/grit/engine.go:446.68,447.23 1 1
github.com/zpenka/grit/engine.go:447.23,449.3 1 0
github.com/zpenka/grit/engine.go:450.2,450.19 1 1
github.com/zpenka/grit/engine.go:450.19,452.3 1 1
github.com/zpenka/grit/engine.go:452.8,454.3 1 1
github.com/zpenka/grit/engine.go:455.2,455.10 1 1
github.com/zpenka/grit/engine.go:465.67,466.17 1 1
github.com/zpenka/grit/engine.go:466.17,468.3 1 1
github.com/zpenka/grit/engine.go:471.2,471.35 1 1
github.com/zpenka/grit/engine.go:471.35,473.22 2 1
github.com/zpenka/grit/engine.go:473.22,475.4 1 0
github.com/zpenka/grit/engine.go:476.3,478.33 3 1
github.com/zpenka/grit/engine.go:478.33,480.4 1 0
github.com/zpenka/grit/engine.go:481.3,481.27 1 1
github.com/zpenka/grit/engine.go:485.2,486.16 2 1
github.com/zpenka/grit/engine.go:486.16,488.3 1 1
github.com/zpenka/grit/engine.go:489.2,489.24 1 1
github.com/zpenka/grit/engine.go:496.66,497.16 1 1
github.com/zpenka/grit/engine.go:497.16,499.3 1 1
github.com/zpenka/grit/engine.go:502.2,502.19 1 1
github.com/zpenka/grit/engine.go:508.40,510.51 2 1
github.com/zpenka/grit/engine.go:510.51,512.17 2 1
github.com/zpenka/grit/engine.go:512.17,513.12 1 1
github.com/zpenka/grit/engine.go:516.3,517.22 2 1
github.com/zpenka/grit/engine.go:517.22,520.36 2 1
github.com/zpenka/grit/engine.go:520.36,522.5 1 1
github.com/zpenka/grit/engine.go:525.2,525.13 1 1
github.com/zpenka/grit/engine_analytics.go:27.60,29.28 2 1
github.com/zpenka/grit/engine_analytics.go:29.28,31.3 1 1
github.com/zpenka/grit/engine_analytics.go:32.2,32.14 1 1
github.com/zpenka/grit/engine_analytics.go:37.64,39.2 1 1
github.com/zpenka/grit/engine_analytics.go:44.58,46.28 2 1
github.com/zpenka/grit/engine_analytics.go:46.28,48.38 1 1
github.com/zpenka/grit/engine_analytics.go:48.38,50.4 1 1
github.com/zpenka/grit/engine_analytics.go:50.9,50.46 1 1
github.com/zpenka/grit/engine_analytics.go:50.46,52.4 1 1
github.com/zpenka/grit/engine_analytics.go:52.9,54.4 1 1
github.com/zpenka/grit/engine_analytics.go:56.2,56.14 1 1
github.com/zpenka/grit/engine_analytics.go:60.55,62.28 2 1
github.com/zpenka/grit/engine_analytics.go:62.28,64.38 1 1
github.com/zpenka/grit/engine_analytics.go:64.38,66.4 1 1
github.com/zpenka/grit/engine_analytics.go:68.2,68.15 1 1
github.com/zpenka/grit/engine_analytics.go:72.62,74.2 1 1
github.com/zpenka/grit/engine_analytics.go:79.48,83.32 4 1
github.com/zpenka/grit/engine_analytics.go:83.32,84.21 1 1
github.com/zpenka/grit/engine_analytics.go:84.21,86.4 1 1
github.com/zpenka/grit/engine_analytics.go:88.2,88.18 1 1
github.com/zpenka/grit/engine_analytics.go:94.48,98.32 4 1
github.com/zpenka/grit/engine_analytics.go:98.32,99.21 1 1
github.com/zpenka/grit/engine_analytics.go:99.21,101.4 1 1
github.com/zpenka/grit/engine_analytics.go:103.2,103.18 1 1
github.com/zpenka/grit/engine_analytics.go:109.69,111.23 2 1
github.com/zpenka/grit/engine_analytics.go:111.23,113.3 1 1
github.com/zpenka/grit/engine_analytics.go:114.2,116.16 3 1
github.com/zpenka/grit/engine_analytics.go:120.82,122.2 1 1
github.com/zpenka/grit/engine_analytics.go:127.48,128.32 1 1
github.com/zpenka/grit/engine_analytics.go:128.32,130.3 1 1
github.com/zpenka/grit/engine_analytics.go:131.2,131.40 1 1
github.com/zpenka/grit/engine_analytics.go:135.54,139.35 3 1
github.com/zpenka/grit/engine_analytics.go:139.35,141.3 1 0
github.com/zpenka/grit/engine_analytics.go:143.2,144.39 2 1
github.com/zpenka/grit/engine_analytics.go:144.39,146.3 1 0
github.com/zpenka/grit/engine_analytics.go:148.2,148.54 1 1
github.com/zpenka/grit/engine_analytics.go:155.36,156.48 1 1
github.com/zpenka/grit/engine_analytics.go:156.48,162.44 6 1
github.com/zpenka/grit/engine_analytics.go:162.44,164.4 1 1
github.com/zpenka/grit/engine_analytics.go:165.3,166.24 2 1
github.com/zpenka/grit/engine_analytics.go:168.2,168.10 1 1
github.com/zpenka/grit/engine_analytics.go:171.36,172.57 1 1
github.com/zpenka/grit/engine_analytics.go:172.57,174.3 1 1
github.com/zpenka/grit/engine_analytics.go:175.2,175.10 1 1
github.com/zpenka/grit/engine_analytics.go:178.35,179.57 1 1
github.com/zpenka/grit/engine_analytics.go:179.57,181.3 1 1
github.com/zpenka/grit/engine_analytics.go:182.2,182.10 1 1
github.com/zpenka/grit/engine_analytics.go:185.78,186.58 1 1
github.com/zpenka/grit/engine_analytics.go:186.58,188.3 1 1
github.com/zpenka/grit/engine_analytics.go:189.2,190.25 2 1
github.com/zpenka/grit/engine_analytics.go:190.25,192.3 1 1
github.com/zpenka/grit/engine_analytics.go:193.2,194.24 2 1
github.com/zpenka/grit/engine_analytics.go:194.24,196.3 1 1
github.com/zpenka/grit/engine_analytics.go:197.2,197.41 1 1
github.com/zpenka/grit/engine_analytics.go:197.41,198.31 1 1
github.com/zpenka/grit/engine_analytics.go:198.31,199.12 1 0
github.com/zpenka/grit/engine_analytics.go:201.3,201.30 1 1
github.com/zpenka/grit/engine_analytics.go:201.30,202.12 1 0
github.com/zpenka/grit/engine_analytics.go:204.3,204.25 1 1
github.com/zpenka/grit/engine_analytics.go:206.2,206.22 1 0
github.com/zpenka/grit/engine_analytics.go:206.22,208.3 1 0
github.com/zpenka/grit/engine_analytics.go:209.2,209.11 1 0
github.com/zpenka/grit/engine_analytics.go:215.48,223.2 2 1
github.com/zpenka/grit/engine_analytics.go:225.53,227.21 2 1
github.com/zpenka/grit/engine_analytics.go:227.21,229.3 1 1
github.com/zpenka/grit/engine_analytics.go:230.2,231.21 2 1
github.com/zpenka/grit/engine_analytics.go:231.21,234.3 2 1
github.com/zpenka/grit/engine_analytics.go:235.2,235.14 1 1
github.com/zpenka/grit/engine_analytics.go:240.62,242.76 2 1
github.com/zpenka/grit/engine_analytics.go:242.76,243.17 1 1
github.com/zpenka/grit/engine_analytics.go:243.17,244.12 1 0
github.com/zpenka/grit/engine_analytics.go:246.3,247.21 2 1
github.com/zpenka/grit/engine_analytics.go:247.21,248.12 1 0
github.com/zpenka/grit/engine_analytics.go:250.3,254.47 4 1
github.com/zpenka/grit/engine_analytics.go:254.47,257.20 3 1
github.com/zpenka/grit/engine_analytics.go:257.20,260.5 2 1
github.com/zpenka/grit/engine_analytics.go:263.3,268.5 1 1
github.com/zpenka/grit/engine_analytics.go:270.2,270.16 1 1
github.com/zpenka/grit/engine_analytics.go:273.42,276.40 3 1
github.com/zpenka/grit/engine_analytics.go:276.40,284.3 1 0
github.com/zpenka/grit/engine_analytics.go:285.2,285.10 1 1
github.com/zpenka/grit/engine_analytics.go:290.54,293.34 3 1
github.com/zpenka/grit/engine_analytics.go:293.34,294.55 1 1
github.com/zpenka/grit/engine_analytics.go:294.55,296.23 2 0
github.com/zpenka/grit/engine_analytics.go:296.23,299.25 3 0
github.com/zpenka/grit/engine_analytics.go:299.25,302.6 2 0
github.com/zpenka/grit/engine_analytics.go:303.5,309.7 1 0
github.com/zpenka/grit/engine_analytics.go:313.2,313.16 1 1
github.com/zpenka/grit/engine_analytics.go:317.53,318.29 1 1
github.com/zpenka/grit/engine_analytics.go:318.29,320.3 1 1
github.com/zpenka/grit/engine_analytics.go:321.2,322.35 2 0
github.com/zpenka/grit/engine_analytics.go:322.35,324.3 1 0
github.com/zpenka/grit/engine_analytics.go:325.2,328.4 1 0
github.com/zpenka/grit/engine_analytics.go:333.43,337.2 3 1
github.com/zpenka/grit/engine_analytics.go:339.33,340.24 1 1
github.com/zpenka/grit/engine_analytics.go:340.24,342.3 1 0
github.com/zpenka/grit/engine_analytics.go:343.2,343.10 1 1
github.com/zpenka/grit/engine_analytics.go:347.48,350.35 3 1
github.com/zpenka/grit/engine_analytics.go:350.35,352.28 2 0
github.com/zpenka/grit/engine_analytics.go:352.28,354.4 1 0
github.com/zpenka/grit/engine_analytics.go:355.3,356.27 2 0
github.com/zpenka/grit/engine_analytics.go:358.2,363.4 1 1
github.com/zpenka/grit/engine_analytics.go:370.74,375.28 4 1
github.com/zpenka/grit/engine_analytics.go:375.28,377.42 2 1
github.com/zpenka/grit/engine_analytics.go:377.42,379.4 1 1
github.com/zpenka/grit/engine_analytics.go:380.3,381.21 2 1
github.com/zpenka/grit/engine_analytics.go:381.21,384.4 2 0
github.com/zpenka/grit/engine_analytics.go:387.2,387.47 1 1
github.com/zpenka/grit/engine_analytics.go:387.47,389.22 2 1
github.com/zpenka/grit/engine_analytics.go:389.22,391.4 1 0
github.com/zpenka/grit/engine_analytics.go:392.3,398.4 1 1
github.com/zpenka/grit/engine_analytics.go:401.2,401.18 1 1
github.com/zpenka/grit/engine_analytics.go:404.70,407.38 3 1
github.com/zpenka/grit/engine_analytics.go:407.38,408.36 1 0
github.com/zpenka/grit/engine_analytics.go:408.36,411.4 2 0
github.com/zpenka/grit/engine_analytics.go:413.2,413.18 1 1
github.com/zpenka/grit/engine_analytics.go:417.55,419.44 2 1
github.com/zpenka/grit/engine_analytics.go:419.44,421.3 1 0
github.com/zpenka/grit/engine_analytics.go:422.2,422.49 1 1
github.com/zpenka/grit/engine_analytics.go:427.53,432.28 4 1
github.com/zpenka/grit/engine_analytics.go:432.28,434.21 2 1
github.com/zpenka/grit/engine_analytics.go:434.21,437.13 3 1
github.com/zpenka/grit/engine_analytics.go:437.13,439.5 1 1
github.com/zpenka/grit/engine_analytics.go:440.4,440.39 1 1
github.com/zpenka/grit/engine_analytics.go:440.39,442.5 1 1
github.com/zpenka/grit/engine_analytics.go:443.4,443.38 1 1
github.com/zpenka/grit/engine_analytics.go:447.2,448.41 2 1
github.com/zpenka/grit/engine_analytics.go:448.41,451.19 3 1
github.com/zpenka/grit/engine_analytics.go:451.19,453.4 1 0
github.com/zpenka/grit/engine_analytics.go:453.9,453.25 1 1
github.com/zpenka/grit/engine_analytics.go:453.25,455.4 1 0
github.com/zpenka/grit/engine_analytics.go:456.3,463.5 1 1
github.com/zpenka/grit/engine_analytics.go:466.2,466.17 1 1
github.com/zpenka/grit/engine_analytics.go:469.50,470.34 1 1
github.com/zpenka/grit/engine_analytics.go:470.34,472.3 1 0
github.com/zpenka/grit/engine_analytics.go:473.2,473.33 1 1
github.com/zpenka/grit/engine_analytics.go:473.33,475.3 1 0
github.com/zpenka/grit/engine_analytics.go:476.2,476.14 1 1
github.com/zpenka/grit/engine_analytics.go:480.50,483.31 3 1
github.com/zpenka/grit/engine_analytics.go:483.31,487.3 3 0
github.com/zpenka/grit/engine_analytics.go:488.2,493.4 1 1
github.com/zpenka/grit/engine_analytics.go:498.67,501.15 3 1
github.com/zpenka/grit/engine_analytics.go:501.15,503.3 1 0
github.com/zpenka/grit/engine_analytics.go:504.2,509.3 1 1
github.com/zpenka/grit/engine_analytics.go:512.52,514.23 2 1
github.com/zpenka/grit/engine_analytics.go:514.23,517.3 2 1
github.com/zpenka/grit/engine_analytics.go:518.2,518.23 1 1
github.com/zpenka/grit/engine_analytics.go:518.23,520.3 1 0
github.com/zpenka/grit/engine_analytics.go:521.2,521.44 1 1
github.com/zpenka/grit/engine_analytics.go:521.44,523.3 1 0
github.com/zpenka/grit/engine_analytics.go:524.2,524.97 1 1
github.com/zpenka/grit/engine_analytics.go:524.97,526.3 1 0
github.com/zpenka/grit/engine_analytics.go:527.2,527.15 1 1
github.com/zpenka/grit/engine_analytics.go:531.49,533.42 2 1
github.com/zpenka/grit/engine_analytics.go:533.42,534.39 1 0
github.com/zpenka/grit/engine_analytics.go:534.39,536.4 1 0
github.com/zpenka/grit/engine_analytics.go:538.2,538.58 1 1
github.com/zpenka/grit/engine_analytics.go:543.39,545.30 2 1
github.com/zpenka/grit/engine_analytics.go:545.30,548.19 3 0
github.com/zpenka/grit/engine_analytics.go:548.19,550.4 1 0
github.com/zpenka/grit/engine_analytics.go:551.3,559.22 3 0
github.com/zpenka/grit/engine_analytics.go:559.22,561.4 1 0
github.com/zpenka/grit/engine_analytics.go:563.2,563.10 1 1
github.com/zpenka/grit/engine_analytics.go:566.92,575.2 1 1
github.com/zpenka/grit/engine_analytics.go:578.54,580.36 2 1
github.com/zpenka/grit/engine_analytics.go:580.36,582.3 1 0
github.com/zpenka/grit/engine_analytics.go:583.2,583.48 1 1
github.com/zpenka/grit/engine_analytics.go:588.39,590.30 2 1
github.com/zpenka/grit/engine_analytics.go:590.30,603.3 7 0
github.com/zpenka/grit/engine_analytics.go:604.2,604.10 1 1
github.com/zpenka/grit/engine_analytics.go:607.58,609.17 2 1
github.com/zpenka/grit/engine_analytics.go:609.17,611.3 1 1
github.com/zpenka/grit/engine_analytics.go:612.2,612.14 1 1
github.com/zpenka/grit/engine_analytics.go:616.52,618.37 2 1
github.com/zpenka/grit/engine_analytics.go:618.37,620.3 1 0
github.com/zpenka/grit/engine_analytics.go:621.2,621.52 1 1
github.com/zpenka/grit/engine_analytics.go:627.76,629.28 2 1
github.com/zpenka/grit/engine_analytics.go:629.28,630.75 1 1
github.com/zpenka/grit/engine_analytics.go:630.75,637.4 1 1
github.com/zpenka/grit/engine_analytics.go:639.2,639.16 1 1
github.com/zpenka/grit/engine_analytics.go:643.56,645.44 2 1
github.com/zpenka/grit/engine_analytics.go:645.44,647.3 1 0
github.com/zpenka/grit/engine_analytics.go:648.2,648.58 1 1
github.com/zpenka/grit/engine_analytics.go:652.75,654.28 2 1
github.com/zpenka/grit/engine_analytics.go:654.28,655.38 1 1
github.com/zpenka/grit/engine_analytics.go:655.38,661.4 1 1
github.com/zpenka/grit/engine_analytics.go:662.3,664.27 3 1
github.com/zpenka/grit/engine_analytics.go:666.2,666.16 1 1
github.com/zpenka/grit/engine_analytics.go:669.48,672.42 3 1
github.com/zpenka/grit/engine_analytics.go:672.42,673.23 1 0
github.com/zpenka/grit/engine_analytics.go:673.23,676.4 2 0
github.com/zpenka/grit/engine_analytics.go:678.2,678.16 1 1
github.com/zpenka/grit/engine_analytics.go:682.57,684.51 2 1
github.com/zpenka/grit/engine_analytics.go:684.51,686.3 1 0
github.com/zpenka/grit/engine_analytics.go:687.2,687.58 1 1
github.com/zpenka/grit/engine_analytics.go:691.54,693.28 2 1
github.com/zpenka/grit/engine_analytics.go:693.28,694.60 1 1
github.com/zpenka/grit/engine_analytics.go:694.60,702.4 1 0
github.com/zpenka/grit/engine_analytics.go:704.2,704.17 1 1
github.com/zpenka/grit/engine_analytics.go:708.55,710.44 2 1
github.com/zpenka/grit/engine_analytics.go:710.44,712.3 1 0
github.com/zpenka/grit/engine_analytics.go:713.2,713.49 1 1
github.com/zpenka/grit/engine_analytics.go:717.63,720.28 3 1
github.com/zpenka/grit/engine_analytics.go:720.28,722.37 2 1
github.com/zpenka/grit/engine_analytics.go:722.37,723.40 1 0
github.com/zpenka/grit/engine_analytics.go:723.40,726.5 2 0
github.com/zpenka/grit/engine_analytics.go:729.2,729.37 1 1
github.com/zpenka/grit/engine_analytics.go:729.37,731.35 2 0
github.com/zpenka/grit/engine_analytics.go:731.35,738.4 1 0
github.com/zpenka/grit/engine_analytics.go:740.2,740.18 1 1
github.com/zpenka/grit/engine_analytics.go:743.55,746.26 3 1
github.com/zpenka/grit/engine_analytics.go:746.26,747.31 1 1
github.com/zpenka/grit/engine_analytics.go:747.31,749.4 1 1
github.com/zpenka/grit/engine_analytics.go:751.2,751.14 1 1
github.com/zpenka/grit/engine_analytics.go:755.58,757.38 2 1
github.com/zpenka/grit/engine_analytics.go:757.38,760.3 2 0
github.com/zpenka/grit/engine_analytics.go:761.2,761.52 1 1
github.com/zpenka/grit/engine_analytics.go:767.63,769.28 2 1
github.com/zpenka/grit/engine_analytics.go:769.28,770.39 1 1
github.com/zpenka/grit/engine_analytics.go:770.39,772.4 1 1
github.com/zpenka/grit/engine_analytics.go:774.2,774.17 1 1
github.com/zpenka/grit/engine_analytics.go:777.55,780.2 2 1
github.com/zpenka/grit/engine_analytics.go:783.57,786.39 3 1
github.com/zpenka/grit/engine_analytics.go:786.39,788.16 2 0
github.com/zpenka/grit/engine_analytics.go:788.16,790.4 1 0
github.com/zpenka/grit/engine_analytics.go:790.9,792.4 1 0
github.com/zpenka/grit/engine_analytics.go:794.2,799.4 1 1
github.com/zpenka/grit/engine_analytics.go:803.67,806.28 3 0
github.com/zpenka/grit/engine_analytics.go:806.28,808.24 2 0
github.com/zpenka/grit/engine_analytics.go:808.24,810.4 1 0
github.com/zpenka/grit/engine_analytics.go:810.9,810.33 1 0
github.com/zpenka/grit/engine_analytics.go:810.33,812.22 2 0
github.com/zpenka/grit/engine_analytics.go:812.22,814.5 1 0
github.com/zpenka/grit/engine_analytics.go:816.3,816.48 1 0
github.com/zpenka/grit/engine_analytics.go:818.2,818.37 1 0
github.com/zpenka/grit/engine_analytics.go:818.37,824.3 1 0
github.com/zpenka/grit/engine_analytics.go:825.2,825.15 1 0
github.com/zpenka/grit/engine_analytics.go:829.54,831.35 2 1
github.com/zpenka/grit/engine_analytics.go:831.35,833.3 1 0
github.com/zpenka/grit/engine_analytics.go:834.2,834.48 1 1
github.com/zpenka/grit/engine_analytics.go:838.64,841.29 3 1
github.com/zpenka/grit/engine_analytics.go:841.29,842.22 1 0
github.com/zpenka/grit/engine_analytics.go:842.22,844.4 1 0
github.com/zpenka/grit/engine_analytics.go:846.2,846.17 1 1
github.com/zpenka/grit/engine_analytics.go:850.54,852.44 2 1
github.com/zpenka/grit/engine_analytics.go:852.44,853.26 1 0
github.com/zpenka/grit/engine_analytics.go:853.26,855.4 1 0
github.com/zpenka/grit/engine_analytics.go:857.2,860.4 1 1
github.com/zpenka/grit/engine_analytics.go:864.66,866.28 2 1
github.com/zpenka/grit/engine_analytics.go:866.28,868.59 1 1
github.com/zpenka/grit/engine_analytics.go:868.59,875.4 1 0
github.com/zpenka/grit/engine_analytics.go:877.2,877.13 1 1
github.com/zpenka/grit/engine_analytics.go:881.54,883.40 2 1
github.com/zpenka/grit/engine_analytics.go:883.40,885.3 1 0
github.com/zpenka/grit/engine_analytics.go:886.2,886.53 1 1
github.com/zpenka/grit/engine_cache.go:21.40,27.2 1 1
github.com/zpenka/grit/engine_cache.go:30.56,31.40 1 1
github.com/zpenka/grit/engine_cache.go:31.40,33.33 2 1
github.com/zpenka/grit/engine_cache.go:33.33,37.4 3 1
github.com/zpenka/grit/engine_cache.go:39.2,39.22 1 1
github.com/zpenka/grit/engine_cache.go:43.57,45.8 2 1
github.com/zpenka/grit/engine_cache.go:45.8,47.3 1 1
github.com/zpenka/grit/engine_cache.go:48.2,48.18 1 1
github.com/zpenka/grit/engine_cache.go:52.40,54.2 1 1
github.com/zpenka/grit/engine_cache.go:57.40,63.2 1 1
github.com/zpenka/grit/engine_cache.go:66.82,67.35 1 1
github.com/zpenka/grit/engine_cache.go:67.35,70.3 2 1
github.com/zpenka/grit/engine_cache.go:71.2,73.32 3 1
github.com/zpenka/grit/engine_cache.go:73.32,77.3 3 0
github.com/zpenka/grit/engine_cache.go:78.2,79.14 2 1
github.com/zpenka/grit/engine_cache.go:83.40,85.2 1 1
github.com/zpenka/grit/engine_cache.go:88.42,93.2 1 1
github.com/zpenka/grit/engine_cache.go:96.71,97.36 1 1
github.com/zpenka/grit/engine_cache.go:97.36,100.3 2 1
github.com/zpenka/grit/engine_cache.go:101.2,102.16 2 1
github.com/zpenka/grit/engine_cache.go:102.16,104.3 1 1
github.com/zpenka/grit/engine_cache.go:105.2,105.31 1 1
github.com/zpenka/grit/engine_cache.go:105.31,107.3 1 1
github.com/zpenka/grit/engine_cache.go:108.2,108.16 1 1
github.com/zpenka/grit/engine_cache.go:112.59,114.2 1 1
github.com/zpenka/grit/engine_cache.go:117.34,118.56 1 1
github.com/zpenka/grit/engine_cache.go:118.56,120.3 1 1
github.com/zpenka/grit/engine_cache.go:121.2,121.10 1 1
github.com/zpenka/grit/engine_cache.go:125.35,126.51 1 1
github.com/zpenka/grit/engine_cache.go:126.51,128.3 1 1
github.com/zpenka/grit/engine_cache.go:129.2,129.10 1 1
github.com/zpenka/grit/engine_cache.go:133.46,135.2 1 1
github.com/zpenka/grit/engine_cache.go:138.49,139.30 1 1
github.com/zpenka/grit/engine_cache.go:139.30,141.3 1 0
github.com/zpenka/grit/engine_cache.go:142.2,142.43 1 1
github.com/zpenka/grit/engine_cache.go:146.57,147.20 1 1
github.com/zpenka/grit/engine_cache.go:147.20,149.3 1 1
github.com/zpenka/grit/engine_cache.go:150.2,150.34 1 1
github.com/zpenka/grit/engine_filtering.go:25.61,26.17 1 1
github.com/zpenka/grit/engine_filtering.go:26.17,28.3 1 1
github.com/zpenka/grit/engine_filtering.go:29.2,32.28 3 1
github.com/zpenka/grit/engine_filtering.go:32.28,35.54 1 1
github.com/zpenka/grit/engine_filtering.go:35.54,37.4 1 1
github.com/zpenka/grit/engine_filtering.go:39.2,39.12 1 1
github.com/zpenka/grit/engine_filtering.go:43.90,44.17 1 1
github.com/zpenka/grit/engine_filtering.go:44.17,46.3 1 0
github.com/zpenka/grit/engine_filtering.go:49.2,49.50 1 1
github.com/zpenka/grit/engine_filtering.go:49.50,52.3 2 1
github.com/zpenka/grit/engine_filtering.go:55.2,59.48 3 1
github.com/zpenka/grit/engine_filtering.go:59.48,62.3 2 1
github.com/zpenka/grit/engine_filtering.go:64.2,64.15 1 1
github.com/zpenka/grit/engine_filtering.go:70.39,71.25 1 1
github.com/zpenka/grit/engine_filtering.go:71.25,73.3 1 1
github.com/zpenka/grit/engine_filtering.go:76.2,76.65 1 1
github.com/zpenka/grit/engine_filtering.go:76.65,78.3 1 1
github.com/zpenka/grit/engine_filtering.go:82.2,85.30 3 1
github.com/zpenka/grit/engine_filtering.go:85.30,87.64 1 1
github.com/zpenka/grit/engine_filtering.go:87.64,88.12 1 0
github.com/zpenka/grit/engine_filtering.go:91.3,91.75 1 1
github.com/zpenka/grit/engine_filtering.go:91.75,92.12 1 0
github.com/zpenka/grit/engine_filtering.go:95.3,95.20 1 1
github.com/zpenka/grit/engine_filtering.go:95.20,98.56 1 1
github.com/zpenka/grit/engine_filtering.go:98.56,99.13 1 1
github.com/zpenka/grit/engine_filtering.go:103.3,103.23 1 1
github.com/zpenka/grit/engine_filtering.go:105.2,105.12 1 1
github.com/zpenka/grit/engine_filtering.go:110.70,111.18 1 1
github.com/zpenka/grit/engine_filtering.go:111.18,113.3 1 1
github.com/zpenka/grit/engine_filtering.go:115.2,116.28 2 1
github.com/zpenka/grit/engine_filtering.go:116.28,117.42 1 1
github.com/zpenka/grit/engine_filtering.go:117.42,119.4 1 1
github.com/zpenka/grit/engine_filtering.go:121.2,121.12 1 1
github.com/zpenka/grit/engine_filtering.go:127.62,128.15 1 1
github.com/zpenka/grit/engine_filtering.go:128.15,130.3 1 1
github.com/zpenka/grit/engine_filtering.go:132.2,133.28 2 1
github.com/zpenka/grit/engine_filtering.go:133.28,134.33 1 1
github.com/zpenka/grit/engine_filtering.go:134.33,136.4 1 1
github.com/zpenka/grit/engine_filtering.go:138.2,138.12 1 1
github.com/zpenka/grit/engine_filtering.go:143.47,149.22 4 1
github.com/zpenka/grit/engine_filtering.go:149.22,151.3 1 0
github.com/zpenka/grit/engine_filtering.go:153.2,154.16 2 1
github.com/zpenka/grit/engine_filtering.go:154.16,156.3 1 0
github.com/zpenka/grit/engine_filtering.go:158.2,160.14 3 1
github.com/zpenka/grit/engine_filtering.go:161.13,162.18 1 1
github.com/zpenka/grit/engine_filtering.go:163.14,164.22 1 0
github.com/zpenka/grit/engine_filtering.go:165.15,166.23 1 0
github.com/zpenka/grit/engine_filtering.go:167.14,168.24 1 0
github.com/zpenka/grit/engine_filtering.go:169.10,170.15 1 0
github.com/zpenka/grit/engine_filtering.go:173.2,173.26 1 1
github.com/zpenka/grit/engine_filtering.go:178.42,180.26 2 1
github.com/zpenka/grit/engine_filtering.go:180.26,182.3 1 1
github.com/zpenka/grit/engine_filtering.go:183.2,183.23 1 1
github.com/zpenka/grit/engine_filtering.go:183.23,185.3 1 1
github.com/zpenka/grit/engine_filtering.go:186.2,186.23 1 1
github.com/zpenka/grit/engine_filtering.go:186.23,188.3 1 1
github.com/zpenka/grit/engine_filtering.go:189.2,189.49 1 1
github.com/zpenka/grit/engine_git_ops.go:27.55,29.28 2 1
github.com/zpenka/grit/engine_git_ops.go:29.28,35.3 1 1
github.com/zpenka/grit/engine_git_ops.go:36.2,36.12 1 1
github.com/zpenka/grit/engine_git_ops.go:40.61,41.62 1 1
github.com/zpenka/grit/engine_git_ops.go:41.62,43.3 1 0
github.com/zpenka/grit/engine_git_ops.go:44.2,44.16 1 1
github.com/zpenka/grit/engine_git_ops.go:44.16,46.3 1 1
github.com/zpenka/grit/engine_git_ops.go:47.2,49.24 3 1
github.com/zpenka/grit/engine_git_ops.go:49.24,50.16 1 1
github.com/zpenka/grit/engine_git_ops.go:50.16,51.12 1 1
github.com/zpenka/grit/engine_git_ops.go:53.3,53.27 1 1
github.com/zpenka/grit/engine_git_ops.go:53.27,56.4 2 1
github.com/zpenka/grit/engine_git_ops.go:56.9,56.34 1 1
github.com/zpenka/grit/engine_git_ops.go:56.34,59.4 2 1
github.com/zpenka/grit/engine_git_ops.go:59.9,61.4 1 1
github.com/zpenka/grit/engine_git_ops.go:63.2,63.15 1 1
github.com/zpenka/grit/engine_git_ops.go:67.55,68.32 1 1
github.com/zpenka/grit/engine_git_ops.go:68.32,70.3 1 1
github.com/zpenka/grit/engine_git_ops.go:71.2,71.12 1 1
github.com/zpenka/grit/engine_git_ops.go:75.54,76.32 1 1
github.com/zpenka/grit/engine_git_ops.go:76.32,78.3 1 1
github.com/zpenka/grit/engine_git_ops.go:79.2,79.12 1 1
github.com/zpenka/grit/engine_git_ops.go:83.43,86.25 3 1
github.com/zpenka/grit/engine_git_ops.go:86.25,88.20 2 1
github.com/zpenka/grit/engine_git_ops.go:88.20,90.4 1 0
github.com/zpenka/grit/engine_git_ops.go:91.3,91.82 1 1
github.com/zpenka/grit/engine_git_ops.go:93.2,93.20 1 1
github.com/zpenka/grit/engine_git_ops.go:99.51,101.37 2 1
github.com/zpenka/grit/engine_git_ops.go:101.37,102.16 1 1
github.com/zpenka/grit/engine_git_ops.go:102.16,105.9 3 1
github.com/zpenka/grit/engine_git_ops.go:108.2,108.12 1 1
github.com/zpenka/grit/engine_git_ops.go:108.12,110.3 1 1
github.com/zpenka/grit/engine_git_ops.go:111.2,111.10 1 1
github.com/zpenka/grit/engine_git_ops.go:115.65,118.29 3 1
github.com/zpenka/grit/engine_git_ops.go:118.29,119.29 1 1
github.com/zpenka/grit/engine_git_ops.go:119.29,120.45 1 1
github.com/zpenka/grit/engine_git_ops.go:120.45,122.22 2 1
github.com/zpenka/grit/engine_git_ops.go:122.22,124.6 1 0
github.com/zpenka/grit/engine_git_ops.go:125.5,126.10 2 1
github.com/zpenka/grit/engine_git_ops.go:130.2,130.20 1 1
github.com/zpenka/grit/engine_git_ops.go:136.46,137.16 1 1
github.com/zpenka/grit/engine_git_ops.go:137.16,139.3 1 0
github.com/zpenka/grit/engine_git_ops.go:140.2,140.53 1 1
github.com/zpenka/grit/engine_git_ops.go:146.39,148.2 1 1
github.com/zpenka/grit/engine_git_ops.go:153.53,154.31 1 1
github.com/zpenka/grit/engine_git_ops.go:154.31,157.3 2 1
github.com/zpenka/grit/engine_git_ops.go:158.2,158.10 1 1
github.com/zpenka/grit/engine_integration.go:26.64,28.28 2 0
github.com/zpenka/grit/engine_integration.go:28.28,31.30 2 0
github.com/zpenka/grit/engine_integration.go:31.30,32.53 1 0
github.com/zpenka/grit/engine_integration.go:32.53,38.10 2 0
github.com/zpenka/grit/engine_integration.go:42.2,42.14 1 0
github.com/zpenka/grit/engine_integration.go:46.49,48.36 2 0
github.com/zpenka/grit/engine_integration.go:48.36,51.3 2 0
github.com/zpenka/grit/engine_integration.go:52.2,52.43 1 0
github.com/zpenka/grit/engine_integration.go:56.60,58.28 2 1
github.com/zpenka/grit/engine_integration.go:58.28,60.30 2 1
github.com/zpenka/grit/engine_integration.go:60.30,61.52 1 1
github.com/zpenka/grit/engine_integration.go:61.52,67.10 2 0
github.com/zpenka/grit/engine_integration.go:71.2,71.16 1 1
github.com/zpenka/grit/engine_integration.go:75.51,77.35 2 0
github.com/zpenka/grit/engine_integration.go:77.35,79.3 1 0
github.com/zpenka/grit/engine_integration.go:80.2,80.45 1 0
github.com/zpenka/grit/engine_integration.go:84.52,87.28 3 0
github.com/zpenka/grit/engine_integration.go:87.28,89.3 1 0
github.com/zpenka/grit/engine_integration.go:90.2,95.3 1 0
github.com/zpenka/grit/engine_integration.go:99.48,104.2 2 0
github.com/zpenka/grit/engine_integration.go:107.53,110.28 3 0
github.com/zpenka/grit/engine_integration.go:110.28,112.3 1 0
github.com/zpenka/grit/engine_integration.go:113.2,118.3 1 0
github.com/zpenka/grit/engine_integration.go:122.64,125.28 3 1
github.com/zpenka/grit/engine_integration.go:125.28,128.30 3 1
github.com/zpenka/grit/engine_integration.go:128.30,129.53 1 1
github.com/zpenka/grit/engine_integration.go:129.53,131.5 1 0
github.com/zpenka/grit/engine_integration.go:133.3,133.22 1 1
github.com/zpenka/grit/engine_integration.go:133.22,139.4 1 0
github.com/zpenka/grit/engine_integration.go:141.2,141.13 1 1
github.com/zpenka/grit/engine_integration.go:145.51,147.40 2 0
github.com/zpenka/grit/engine_integration.go:147.40,149.3 1 0
github.com/zpenka/grit/engine_integration.go:150.2,150.51 1 0
github.com/zpenka/grit/engine_navigation.go:18.36,19.33 1 1
github.com/zpenka/grit/engine_navigation.go:19.33,22.3 2 1
github.com/zpenka/grit/engine_navigation.go:23.2,23.10 1 1
github.com/zpenka/grit/engine_navigation.go:27.34,28.18 1 1
github.com/zpenka/grit/engine_navigation.go:28.18,31.3 2 1
github.com/zpenka/grit/engine_navigation.go:32.2,32.10 1 1
github.com/zpenka/grit/engine_navigation.go:36.43,38.16 2 1
github.com/zpenka/grit/engine_navigation.go:38.16,40.3 1 1
github.com/zpenka/grit/engine_navigation.go:41.2,42.27 2 1
github.com/zpenka/grit/engine_navigation.go:42.27,44.3 1 1
github.com/zpenka/grit/engine_navigation.go:45.2,45.10 1 1
github.com/zpenka/grit/engine_navigation.go:49.41,51.22 2 1
github.com/zpenka/grit/engine_navigation.go:51.22,53.3 1 1
github.com/zpenka/grit/engine_navigation.go:54.2,54.10 1 1
github.com/zpenka/grit/engine_navigation.go:58.33,59.26 1 1
github.com/zpenka/grit/engine_navigation.go:59.26,61.3 1 1
github.com/zpenka/grit/engine_navigation.go:61.8,63.3 1 1
github.com/zpenka/grit/engine_navigation.go:64.2,64.10 1 1
github.com/zpenka/grit/engine_navigation.go:68.41,70.12 2 1
github.com/zpenka/grit/engine_navigation.go:70.12,72.3 1 1
github.com/zpenka/grit/engine_navigation.go:73.2,73.12 1 1
github.com/zpenka/grit/engine_navigation.go:73.12,75.3 1 1
github.com/zpenka/grit/engine_navigation.go:76.2,76.10 1 1
github.com/zpenka/grit/engine_navigation.go:80.41,82.2 1 1
github.com/zpenka/grit/engine_navigation.go:86.35,88.11 2 1
github.com/zpenka/grit/engine_navigation.go:88.11,90.3 1 1
github.com/zpenka/grit/engine_navigation.go:91.2,91.10 1 1
github.com/zpenka/grit/engine_navigation.go:95.51,98.16 3 1
github.com/zpenka/grit/engine_navigation.go:98.16,100.3 1 0
github.com/zpenka/grit/engine_navigation.go:101.2,101.27 1 1
github.com/zpenka/grit/engine_navigation.go:101.27,103.3 1 1
github.com/zpenka/grit/engine_navigation.go:104.2,104.22 1 1
github.com/zpenka/grit/engine_navigation.go:104.22,106.3 1 1
github.com/zpenka/grit/engine_navigation.go:107.2,107.10 1 1
github.com/zpenka/grit/engine_navigation.go:112.36,114.18 2 1
github.com/zpenka/grit/engine_navigation.go:114.18,116.3 1 1
github.com/zpenka/grit/engine_navigation.go:117.2,117.10 1 1
github.com/zpenka/grit/engine_navigation.go:122.38,124.19 2 1
github.com/zpenka/grit/engine_navigation.go:124.19,126.3 1 1
github.com/zpenka/grit/engine_navigation.go:127.2,127.10 1 1
github.com/zpenka/grit/engine_navigation.go:131.51,133.43 1 1
github.com/zpenka/grit/engine_navigation.go:133.43,135.3 1 0
github.com/zpenka/grit/engine_navigation.go:136.2,138.10 3 1
github.com/zpenka/grit/engine_navigation.go:142.37,143.25 1 1
github.com/zpenka/grit/engine_navigation.go:143.25,146.3 2 1
github.com/zpenka/grit/engine_navigation.go:147.2,147.10 1 1
github.com/zpenka/grit/engine_navigation.go:151.40,152.43 1 1
github.com/zpenka/grit/engine_navigation.go:152.43,155.3 2 1
github.com/zpenka/grit/engine_navigation.go:156.2,156.10 1 1
github.com/zpenka/grit/engine_navigation.go:160.36,161.32 1 1
github.com/zpenka/grit/engine_navigation.go:161.32,163.3 1 0
github.com/zpenka/grit/engine_navigation.go:164.2,165.31 2 1
github.com/zpenka/grit/engine_navigation.go:165.31,168.33 2 0
github.com/zpenka/grit/engine_navigation.go:168.33,169.17 1 0
github.com/zpenka/grit/engine_navigation.go:169.17,171.5 1 0
github.com/zpenka/grit/engine_navigation.go:173.3,173.29 1 0
github.com/zpenka/grit/engine_navigation.go:174.8,177.3 1 1
github.com/zpenka/grit/engine_navigation.go:178.2,178.10 1 1
github.com/zpenka/grit/engine_navigation.go:182.42,183.27 1 1
github.com/zpenka/grit/engine_navigation.go:183.27,185.3 1 1
github.com/zpenka/grit/engine_navigation.go:186.2,187.32 2 1
github.com/zpenka/grit/engine_navigation.go:187.32,188.16 1 1
github.com/zpenka/grit/engine_navigation.go:188.16,190.4 1 1
github.com/zpenka/grit/engine_navigation.go:192.2,192.14 1 1
github.com/zpenka/grit/engine_navigation.go:196.40,197.49 1 1
github.com/zpenka/grit/engine_navigation.go:197.49,198.25 1 1
github.com/zpenka/grit/engine_navigation.go:198.25,201.4 2 1
github.com/zpenka/grit/engine_navigation.go:203.2,203.10 1 1
github.com/zpenka/grit/engine_navigation.go:207.40,208.37 1 1
github.com/zpenka/grit/engine_navigation.go:208.37,209.25 1 1
github.com/zpenka/grit/engine_navigation.go:209.25,212.4 2 0
github.com/zpenka/grit/engine_navigation.go:214.2,214.10 1 1
github.com/zpenka/grit/engine_navigation.go:219.53,221.28 2 1
github.com/zpenka/grit/engine_navigation.go:221.28,222.46 1 1
github.com/zpenka/grit/engine_navigation.go:222.46,224.4 1 1
github.com/zpenka/grit/engine_navigation.go:225.3,225.56 1 1
github.com/zpenka/grit/engine_navigation.go:225.56,227.4 1 1
github.com/zpenka/grit/engine_navigation.go:228.3,228.46 1 1
github.com/zpenka/grit/engine_navigation.go:228.46,230.4 1 0
github.com/zpenka/grit/engine_navigation.go:232.3,232.37 1 1
github.com/zpenka/grit/engine_navigation.go:232.37,234.36 2 1
github.com/zpenka/grit/engine_navigation.go:234.36,237.18 3 1
github.com/zpenka/grit/engine_navigation.go:237.18,239.6 1 1
github.com/zpenka/grit/engine_navigation.go:240.5,240.18 1 1
github.com/zpenka/grit/engine_navigation.go:240.18,242.6 1 1
github.com/zpenka/grit/engine_navigation.go:243.5,243.17 1 1
github.com/zpenka/grit/engine_navigation.go:243.17,245.11 2 1
github.com/zpenka/grit/engine_navigation.go:248.4,248.15 1 1
github.com/zpenka/grit/engine_navigation.go:248.15,250.5 1 1
github.com/zpenka/grit/engine_navigation.go:252.3,252.32 1 1
github.com/zpenka/grit/engine_navigation.go:252.32,254.36 2 0
github.com/zpenka/grit/engine_navigation.go:254.36,257.18 3 0
github.com/zpenka/grit/engine_navigation.go:257.18,259.6 1 0
github.com/zpenka/grit/engine_navigation.go:260.5,260.18 1 0
github.com/zpenka/grit/engine_navigation.go:260.18,262.6 1 0
github.com/zpenka/grit/engine_navigation.go:263.5,263.17 1 0
github.com/zpenka/grit/engine_navigation.go:263.17,265.11 2 0
github.com/zpenka/grit/engine_navigation.go:268.4,268.15 1 0
github.com/zpenka/grit/engine_navigation.go:268.15,270.5 1 0
github.com/zpenka/grit/engine_navigation.go:273.2,273.11 1 1
github.com/zpenka/grit/engine_navigation.go:277.57,279.14 2 1
github.com/zpenka/grit/engine_navigation.go:279.14,282.3 2 1
github.com/zpenka/grit/engine_navigation.go:283.2,283.10 1 1
github.com/zpenka/grit/engine_optimization.go:28.44,30.16 2 1
github.com/zpenka/grit/engine_optimization.go:30.16,32.3 1 1
github.com/zpenka/grit/engine_optimization.go:33.2,33.41 1 1
github.com/zpenka/grit/engine_optimization.go:37.42,39.2 1 1
github.com/zpenka/grit/engine_optimization.go:49.55,55.2 1 1
github.com/zpenka/grit/engine_optimization.go:58.41,59.36 1 1
github.com/zpenka/grit/engine_optimization.go:59.36,62.3 2 1
github.com/zpenka/grit/engine_optimization.go:63.2,63.15 1 1
github.com/zpenka/grit/engine_optimization.go:67.38,69.2 1 1
github.com/zpenka/grit/engine_optimization.go:72.30,75.2 2 1
github.com/zpenka/grit/engine_optimization.go:84.42,89.2 1 1
github.com/zpenka/grit/engine_optimization.go:92.62,93.9 1 1
github.com/zpenka/grit/engine_optimization.go:94.26,95.14 1 1
github.com/zpenka/grit/engine_optimization.go:96.10,97.14 1 1
github.com/zpenka/grit/engine_optimization.go:102.45,103.9 1 1
github.com/zpenka/grit/engine_optimization.go:104.24,104.24 0 1
github.com/zpenka/grit/engine_optimization.go:105.10,105.10 0 1
github.com/zpenka/grit/engine_optimization.go:118.63,124.2 1 1
github.com/zpenka/grit/engine_optimization.go:127.54,130.2 2 1
github.com/zpenka/grit/engine_optimization.go:133.41,135.2 1 1
github.com/zpenka/grit/engine_optimization.go:138.47,142.2 3 1
github.com/zpenka/grit/engine_optimization.go:153.50,157.2 1 1
github.com/zpenka/grit/engine_optimization.go:160.50,164.29 3 1
github.com/zpenka/grit/engine_optimization.go:164.29,166.3 1 1
github.com/zpenka/grit/engine_optimization.go:166.8,168.3 1 1
github.com/zpenka/grit/engine_optimization.go:172.50,174.32 2 1
github.com/zpenka/grit/engine_optimization.go:174.32,176.3 1 1
github.com/zpenka/grit/engine_optimization.go:177.2,177.15 1 1
github.com/zpenka/grit/engine_optimization.go:181.38,183.2 1 1
github.com/zpenka/grit/engine_optimization.go:194.43,200.2 1 1
github.com/zpenka/grit/engine_optimization.go:203.37,204.19 1 1
github.com/zpenka/grit/engine_optimization.go:204.19,207.3 2 1
github.com/zpenka/grit/engine_optimization.go:208.2,208.14 1 1
github.com/zpenka/grit/engine_optimization.go:220.28,227.2 1 1
github.com/zpenka/grit/engine_optimization.go:230.62,232.13 2 1
github.com/zpenka/grit/engine_optimization.go:232.13,234.3 1 1
github.com/zpenka/grit/engine_optimization.go:234.8,236.3 1 1
github.com/zpenka/grit/engine_optimization.go:240.55,242.16 2 1
github.com/zpenka/grit/engine_optimization.go:242.16,244.3 1 1
github.com/zpenka/grit/engine_optimization.go:245.2,245.52 1 1
github.com/zpenka/grit/engine_parsing.go:24.43,26.70 2 1
github.com/zpenka/grit/engine_parsing.go:26.70,27.36 1 1
github.com/zpenka/grit/engine_parsing.go:27.36,28.12 1 1
github.com/zpenka/grit/engine_parsing.go:30.3,31.21 2 1
github.com/zpenka/grit/engine_parsing.go:31.21,32.12 1 1
github.com/zpenka/grit/engine_parsing.go:34.3,40.5 1 1
github.com/zpenka/grit/engine_parsing.go:42.2,42.16 1 1
github.com/zpenka/grit/engine_parsing.go:46.51,50.70 3 0
github.com/zpenka/grit/engine_parsing.go:50.70,51.36 1 0
github.com/zpenka/grit/engine_parsing.go:51.36,52.12 1 0
github.com/zpenka/grit/engine_parsing.go:54.3,55.21 2 0
github.com/zpenka/grit/engine_parsing.go:55.21,56.12 1 0
github.com/zpenka/grit/engine_parsing.go:60.3,60.36 1 0
github.com/zpenka/grit/engine_parsing.go:60.36,62.4 1 0
github.com/zpenka/grit/engine_parsing.go:65.3,74.14 7 0
github.com/zpenka/grit/engine_parsing.go:76.2,76.16 1 0
github.com/zpenka/grit/engine_parsing.go:80.39,82.48 2 1
github.com/zpenka/grit/engine_parsing.go:82.48,84.10 2 1
github.com/zpenka/grit/engine_parsing.go:85.38,86.19 1 1
github.com/zpenka/grit/engine_parsing.go:94.38,95.19 1 1
github.com/zpenka/grit/engine_parsing.go:96.37,97.20 1 1
github.com/zpenka/grit/engine_parsing.go:98.37,99.22 1 1
github.com/zpenka/grit/engine_parsing.go:100.11,101.22 1 1
github.com/zpenka/grit/engine_parsing.go:103.3,103.46 1 1
github.com/zpenka/grit/engine_parsing.go:105.2,105.14 1 1
github.com/zpenka/grit/engine_parsing.go:109.79,112.29 2 0
github.com/zpenka/grit/engine_parsing.go:112.29,116.25 2 0
github.com/zpenka/grit/engine_parsing.go:116.25,118.31 2 0
github.com/zpenka/grit/engine_parsing.go:118.31,119.38 1 0
github.com/zpenka/grit/engine_parsing.go:119.38,121.6 1 0
github.com/zpenka/grit/engine_parsing.go:127.2,128.33 2 0
github.com/zpenka/grit/engine_parsing.go:128.33,129.36 1 0
github.com/zpenka/grit/engine_parsing.go:129.36,131.4 1 0
github.com/zpenka/grit/engine_parsing.go:134.2,134.16 1 0
github.com/zpenka/grit/engine_parsing.go:139.58,141.29 2 1
github.com/zpenka/grit/engine_parsing.go:141.29,142.76 1 1
github.com/zpenka/grit/engine_parsing.go:142.76,143.12 1 1
github.com/zpenka/grit/engine_parsing.go:145.3,146.21 2 1
github.com/zpenka/grit/engine_parsing.go:146.21,147.12 1 0
github.com/zpenka/grit/engine_parsing.go:149.3,150.58 2 1
github.com/zpenka/grit/engine_parsing.go:152.2,152.14 1 1
github.com/zpenka/grit/engine_render_consolidation.go:30.69,32.39 2 1
github.com/zpenka/grit/engine_render_consolidation.go:32.39,35.3 2 1
github.com/zpenka/grit/engine_render_consolidation.go:36.2,36.13 1 1
github.com/zpenka/grit/engine_render_consolidation.go:41.50,45.2 1 0
github.com/zpenka/grit/engine_render_consolidation.go:58.51,63.57 4 1
github.com/zpenka/grit/engine_render_consolidation.go:63.57,65.3 1 1
github.com/zpenka/grit/engine_render_consolidation.go:67.2,67.29 1 1
github.com/zpenka/grit/engine_render_consolidation.go:67.29,68.25 1 1
github.com/zpenka/grit/engine_render_consolidation.go:68.25,70.4 1 1
github.com/zpenka/grit/engine_render_consolidation.go:72.3,72.50 1 1
github.com/zpenka/grit/engine_render_consolidation.go:72.50,74.66 2 1
github.com/zpenka/grit/engine_render_consolidation.go:74.66,76.5 1 1
github.com/zpenka/grit/engine_render_consolidation.go:76.10,76.54 1 1
github.com/zpenka/grit/engine_render_consolidation.go:76.54,78.5 1 1
github.com/zpenka/grit/engine_render_consolidation.go:81.3,82.23 2 1
github.com/zpenka/grit/engine_render_consolidation.go:85.2,85.20 1 1
github.com/zpenka/grit/engine_render_consolidation.go:89.73,93.31 3 1
github.com/zpenka/grit/engine_render_consolidation.go:93.31,94.28 1 1
github.com/zpenka/grit/engine_render_consolidation.go:95.12,96.51 1 1
github.com/zpenka/grit/engine_render_consolidation.go:97.16,98.59 1 1
github.com/zpenka/grit/engine_render_consolidation.go:99.15,100.51 1 1
github.com/zpenka/grit/engine_render_consolidation.go:101.17,102.18 1 1
github.com/zpenka/grit/engine_render_consolidation.go:102.18,104.5 1 1
github.com/zpenka/grit/engine_render_consolidation.go:105.11,106.51 1 0
github.com/zpenka/grit/engine_render_consolidation.go:110.2,110.20 1 1
github.com/zpenka/grit/engine_render_consolidation.go:114.77,120.28 4 1
github.com/zpenka/grit/engine_render_consolidation.go:120.28,122.3 1 1
github.com/zpenka/grit/engine_render_consolidation.go:123.2,123.27 1 1
github.com/zpenka/grit/engine_render_consolidation.go:123.27,124.28 1 1
github.com/zpenka/grit/engine_render_consolidation.go:124.28,125.32 1 1
github.com/zpenka/grit/engine_render_consolidation.go:125.32,127.5 1 1
github.com/zpenka/grit/engine_render_consolidation.go:132.2,132.28 1 1
github.com/zpenka/grit/engine_render_consolidation.go:132.28,134.3 1 1
github.com/zpenka/grit/engine_render_consolidation.go:135.2,138.30 2 1
github.com/zpenka/grit/engine_render_consolidation.go:138.30,140.3 1 1
github.com/zpenka/grit/engine_render_consolidation.go:141.2,144.27 2 1
github.com/zpenka/grit/engine_render_consolidation.go:144.27,145.28 1 1
github.com/zpenka/grit/engine_render_consolidation.go:145.28,147.4 1 1
github.com/zpenka/grit/engine_render_consolidation.go:148.3,148.23 1 1
github.com/zpenka/grit/engine_render_consolidation.go:151.2,151.20 1 1
github.com/zpenka/grit/engine_render_consolidation.go:155.73,156.14 1 1
github.com/zpenka/grit/engine_render_consolidation.go:156.14,158.3 1 0
github.com/zpenka/grit/engine_render_consolidation.go:160.2,165.79 5 1
github.com/zpenka/grit/engine_render_consolidation.go:169.105,175.33 5 1
github.com/zpenka/grit/engine_render_consolidation.go:175.33,177.3 1 1
github.com/zpenka/grit/engine_render_consolidation.go:179.2,179.20 1 1
github.com/zpenka/grit/engine_render_consolidation.go:183.68,187.30 3 1
github.com/zpenka/grit/engine_render_consolidation.go:187.30,189.3 1 1
github.com/zpenka/grit/engine_render_consolidation.go:191.2,191.20 1 1
github.com/zpenka/grit/engine_render_consolidation.go:195.60,199.22 3 1
github.com/zpenka/grit/engine_render_consolidation.go:199.22,202.3 2 1
github.com/zpenka/grit/engine_render_consolidation.go:204.2,204.29 1 1
github.com/zpenka/grit/engine_render_consolidation.go:204.29,206.3 1 1
github.com/zpenka/grit/engine_render_consolidation.go:208.2,208.20 1 1
github.com/zpenka/grit/engine_rendering.go:25.74,27.27 2 1
github.com/zpenka/grit/engine_rendering.go:27.27,29.3 1 0
github.com/zpenka/grit/engine_rendering.go:30.2,30.14 1 1
github.com/zpenka/grit/engine_rendering.go:34.48,36.2 1 1
github.com/zpenka/grit/engine_rendering.go:39.52,40.26 1 1
github.com/zpenka/grit/engine_rendering.go:40.26,42.3 1 0
github.com/zpenka/grit/engine_rendering.go:43.2,43.11 1 1
github.com/zpenka/grit/engine_rendering.go:48.59,49.23 1 1
github.com/zpenka/grit/engine_rendering.go:49.23,50.39 1 1
github.com/zpenka/grit/engine_rendering.go:50.39,52.4 1 0
github.com/zpenka/grit/engine_rendering.go:54.2,54.11 1 1
github.com/zpenka/grit/engine_rendering.go:60.53,62.28 2 1
github.com/zpenka/grit/engine_rendering.go:62.28,69.60 2 1
github.com/zpenka/grit/engine_rendering.go:69.60,71.4 1 1
github.com/zpenka/grit/engine_rendering.go:73.3,74.30 2 1
github.com/zpenka/grit/engine_rendering.go:76.2,76.14 1 1
github.com/zpenka/grit/engine_rendering.go:80.48,84.28 3 1
github.com/zpenka/grit/engine_rendering.go:84.28,85.60 1 1
github.com/zpenka/grit/engine_rendering.go:85.60,87.9 2 1
github.com/zpenka/grit/engine_rendering.go:90.2,90.14 1 1
github.com/zpenka/grit/engine_rendering.go:90.14,92.3 1 1
github.com/zpenka/grit/engine_rendering.go:92.8,94.3 1 1
github.com/zpenka/grit/engine_rendering.go:95.2,95.17 1 1
github.com/zpenka/grit/engine_rendering.go:100.49,101.21 1 1
github.com/zpenka/grit/engine_rendering.go:101.21,103.3 1 1
github.com/zpenka/grit/engine_rendering.go:104.2,105.29 2 1
github.com/zpenka/grit/engine_rendering.go:105.29,107.19 2 1
github.com/zpenka/grit/engine_rendering.go:107.19,109.4 1 1
github.com/zpenka/grit/engine_rendering.go:110.3,111.20 2 1
github.com/zpenka/grit/engine_rendering.go:111.20,113.4 1 1
github.com/zpenka/grit/engine_rendering.go:114.3,114.59 1 1
github.com/zpenka/grit/engine_rendering.go:116.2,119.4 1 1
github.com/zpenka/grit/engine_rendering.go:123.82,124.21 1 1
github.com/zpenka/grit/engine_rendering.go:124.21,126.3 1 1
github.com/zpenka/grit/engine_rendering.go:127.2,127.19 1 1
github.com/zpenka/grit/engine_rendering.go:128.14,129.32 1 1
github.com/zpenka/grit/engine_rendering.go:129.32,131.4 1 1
github.com/zpenka/grit/engine_rendering.go:132.12,133.21 1 1
github.com/zpenka/grit/engine_rendering.go:133.21,135.4 1 1
github.com/zpenka/grit/engine_rendering.go:137.2,137.19 1 1
github.com/zpenka/grit/engine_rendering.go:141.67,145.2 2 1
github.com/zpenka/grit/engine_rendering.go:150.63,151.16 1 1
github.com/zpenka/grit/engine_rendering.go:151.16,153.3 1 1
github.com/zpenka/grit/engine_rendering.go:155.2,155.19 1 1
github.com/zpenka/grit/engine_rendering.go:159.74,160.23 1 1
github.com/zpenka/grit/engine_rendering.go:160.23,162.3 1 0
github.com/zpenka/grit/engine_rendering.go:163.2,164.28 2 1
github.com/zpenka/grit/engine_rendering.go:164.28,166.3 1 1
github.com/zpenka/grit/engine_rendering.go:167.2,170.4 1 1
github.com/zpenka/grit/engine_rendering.go:174.72,178.2 2 1
github.com/zpenka/grit/engine_rendering.go:181.72,182.16 1 1
github.com/zpenka/grit/engine_rendering.go:182.16,184.3 1 1
github.com/zpenka/grit/engine_rendering.go:185.2,186.28 2 1
github.com/zpenka/grit/engine_rendering.go:186.28,187.43 1 1
github.com/zpenka/grit/engine_rendering.go:187.43,189.4 1 0
github.com/zpenka/grit/engine_rendering.go:191.2,191.15 1 1
github.com/zpenka/grit/engine_rendering.go:195.53,198.2 1 1
github.com/zpenka/grit/engine_rendering.go:203.49,205.51 2 1
github.com/zpenka/grit/engine_rendering.go:205.51,207.17 2 1
github.com/zpenka/grit/engine_rendering.go:207.17,208.12 1 1
github.com/zpenka/grit/engine_rendering.go:211.3,212.22 2 1
github.com/zpenka/grit/engine_rendering.go:212.22,218.29 5 1
github.com/zpenka/grit/engine_rendering.go:218.29,220.5 1 1
github.com/zpenka/grit/engine_rendering.go:221.4,225.6 1 1
github.com/zpenka/grit/engine_rendering.go:228.2,228.16 1 1
github.com/zpenka/grit/engine_rendering.go:232.47,234.51 2 1
github.com/zpenka/grit/engine_rendering.go:234.51,236.17 2 1
github.com/zpenka/grit/engine_rendering.go:236.17,237.12 1 1
github.com/zpenka/grit/engine_rendering.go:240.3,241.22 2 1
github.com/zpenka/grit/engine_rendering.go:241.22,247.29 6 1
github.com/zpenka/grit/engine_rendering.go:247.29,249.5 1 1
github.com/zpenka/grit/engine_rendering.go:250.4,250.29 1 1
github.com/zpenka/grit/engine_rendering.go:250.29,252.5 1 1
github.com/zpenka/grit/engine_rendering.go:253.4,257.6 1 1
github.com/zpenka/grit/engine_rendering.go:260.2,260.16 1 1
github.com/zpenka/grit/engine_rendering.go:265.62,267.28 2 1
github.com/zpenka/grit/engine_rendering.go:267.28,269.3 1 1
github.com/zpenka/grit/engine_rendering.go:271.2,276.33 2 1
github.com/zpenka/grit/engine_rendering.go:280.64,282.28 2 1
github.com/zpenka/grit/engine_rendering.go:282.28,284.3 1 1
github.com/zpenka/grit/engine_rendering.go:286.2,290.33 2 1
github.com/zpenka/grit/engine_rendering.go:294.49,302.2 1 1
github.com/zpenka/grit/engine_rendering.go:305.51,313.2 1 1
github.com/zpenka/grit/engine_rendering.go:316.52,320.2 3 1
github.com/zpenka/grit/engine_rendering.go:323.66,324.36 1 1
github.com/zpenka/grit/engine_rendering.go:324.36,326.3 1 1
github.com/zpenka/grit/engine_rendering.go:327.2,327.22 1 1
github.com/zpenka/grit/engine_rendering.go:333.50,334.13 1 1
github.com/zpenka/grit/engine_rendering.go:335.11,336.24 1 1
github.com/zpenka/grit/engine_rendering.go:337.11,338.28 1 1
github.com/zpenka/grit/engine_rendering.go:339.12,341.25 2 1
github.com/zpenka/grit/engine_rendering.go:342.11,344.22 2 1
github.com/zpenka/grit/engine_rendering.go:345.11,346.33 1 1
github.com/zpenka/grit/engine_rendering.go:347.11,348.34 1 1
github.com/zpenka/grit/engine_rendering.go:349.11,351.45 2 1
github.com/zpenka/grit/engine_rendering.go:351.45,353.4 1 1
github.com/zpenka/grit/engine_rendering.go:354.11,355.24 1 1
github.com/zpenka/grit/engine_rendering.go:356.11,358.51 2 1
github.com/zpenka/grit/engine_rendering.go:358.51,360.4 1 1
github.com/zpenka/grit/engine_rendering.go:361.11,362.43 1 1
github.com/zpenka/grit/engine_rendering.go:363.11,365.22 2 1
github.com/zpenka/grit/engine_rendering.go:365.22,368.4 2 1
github.com/zpenka/grit/engine_rendering.go:370.11,371.28 1 0
github.com/zpenka/grit/engine_rendering.go:371.28,373.4 1 0
github.com/zpenka/grit/engine_rendering.go:373.9,376.4 2 0
github.com/zpenka/grit/engine_rendering.go:377.11,379.51 2 0
github.com/zpenka/grit/engine_rendering.go:379.51,381.4 1 0
github.com/zpenka/grit/engine_rendering.go:382.11,383.21 1 0
github.com/zpenka/grit/engine_rendering.go:383.21,385.4 1 0
github.com/zpenka/grit/engine_rendering.go:386.3,386.35 1 0
github.com/zpenka/grit/engine_rendering.go:388.11,390.55 2 0
github.com/zpenka/grit/engine_rendering.go:390.55,392.4 1 0
github.com/zpenka/grit/engine_rendering.go:393.11,395.45 2 0
github.com/zpenka/grit/engine_rendering.go:395.45,397.4 1 0
github.com/zpenka/grit/engine_rendering.go:398.11,400.50 2 0
github.com/zpenka/grit/engine_rendering.go:400.50,401.32 1 0
github.com/zpenka/grit/engine_rendering.go:401.32,404.5 2 0
github.com/zpenka/grit/engine_rendering.go:406.11,408.53 2 0
github.com/zpenka/grit/engine_rendering.go:408.53,410.4 1 0
github.com/zpenka/grit/engine_rendering.go:411.11,413.52 2 0
github.com/zpenka/grit/engine_rendering.go:413.52,415.4 1 0
github.com/zpenka/grit/engine_rendering.go:417.11,419.64 2 0
github.com/zpenka/grit/engine_rendering.go:419.64,421.4 1 0
github.com/zpenka/grit/engine_rendering.go:422.11,424.65 2 0
github.com/zpenka/grit/engine_rendering.go:424.65,426.4 1 0
github.com/zpenka/grit/engine_rendering.go:427.11,429.59 2 0
github.com/zpenka/grit/engine_rendering.go:429.59,431.4 1 0
github.com/zpenka/grit/engine_rendering.go:432.11,434.52 2 0
github.com/zpenka/grit/engine_rendering.go:434.52,436.4 1 0
github.com/zpenka/grit/engine_rendering.go:438.11,439.31 1 0
github.com/zpenka/grit/engine_rendering.go:439.31,441.4 1 0
github.com/zpenka/grit/engine_rendering.go:441.9,443.4 1 0
github.com/zpenka/grit/engine_rendering.go:444.11,445.27 1 0
github.com/zpenka/grit/engine_rendering.go:445.27,448.4 2 0
github.com/zpenka/grit/engine_rendering.go:448.9,450.4 1 0
github.com/zpenka/grit/engine_rendering.go:451.11,453.58 2 0
github.com/zpenka/grit/engine_rendering.go:453.58,455.4 1 0
github.com/zpenka/grit/engine_rendering.go:457.11,459.47 2 0
github.com/zpenka/grit/engine_rendering.go:459.47,461.4 1 0
github.com/zpenka/grit/engine_rendering.go:462.11,464.49 2 0
github.com/zpenka/grit/engine_rendering.go:464.49,466.4 1 0
github.com/zpenka/grit/engine_rendering.go:467.11,468.43 1 0
github.com/zpenka/grit/engine_rendering.go:469.11,470.33 1 0
github.com/zpenka/grit/engine_rendering.go:471.11,473.49 2 0
github.com/zpenka/grit/engine_rendering.go:473.49,475.4 1 0
github.com/zpenka/grit/engine_rendering.go:477.11,479.59 2 0
github.com/zpenka/grit/engine_rendering.go:479.59,481.4 1 0
github.com/zpenka/grit/engine_rendering.go:482.11,484.51 2 0
github.com/zpenka/grit/engine_rendering.go:484.51,486.4 1 0
github.com/zpenka/grit/engine_rendering.go:487.11,489.42 2 0
github.com/zpenka/grit/engine_rendering.go:489.42,491.4 1 0
github.com/zpenka/grit/engine_rendering.go:492.11,494.62 2 0
github.com/zpenka/grit/engine_rendering.go:494.62,496.4 1 0
github.com/zpenka/grit/engine_rendering.go:497.11,499.51 2 0
github.com/zpenka/grit/engine_rendering.go:499.51,501.4 1 0
github.com/zpenka/grit/engine_rendering.go:503.11,505.48 2 0
github.com/zpenka/grit/engine_rendering.go:505.48,507.4 1 0
github.com/zpenka/grit/engine_rendering.go:508.11,510.47 2 1
github.com/zpenka/grit/engine_rendering.go:510.47,512.4 1 1
github.com/zpenka/grit/engine_rendering.go:513.11,514.35 1 0
github.com/zpenka/grit/engine_rendering.go:515.11,517.53 2 1
github.com/zpenka/grit/engine_rendering.go:517.53,519.4 1 1
github.com/zpenka/grit/engine_rendering.go:520.10,522.83 1 1
github.com/zpenka/grit/engine_rendering.go:522.83,524.35 2 1
github.com/zpenka/grit/engine_rendering.go:524.35,525.28 1 1
github.com/zpenka/grit/engine_rendering.go:525.28,527.6 1 1
github.com/zpenka/grit/engine_rendering.go:528.10,529.28 1 0
github.com/zpenka/grit/engine_rendering.go:529.28,531.6 1 0
github.com/zpenka/grit/engine_rendering.go:535.2,535.10 1 1
github.com/zpenka/grit/engine_rendering.go:539.54,540.15 1 1
github.com/zpenka/grit/engine_rendering.go:540.15,542.3 1 0
github.com/zpenka/grit/engine_rendering.go:543.2,543.33 1 1
github.com/zpenka/grit/engine_rendering.go:549.67,550.23 1 1
github.com/zpenka/grit/engine_rendering.go:550.23,552.3 1 1
github.com/zpenka/grit/engine_rendering.go:553.2,554.14 2 0
github.com/zpenka/grit/engine_rendering.go:559.52,561.35 2 1
github.com/zpenka/grit/engine_rendering.go:561.35,562.31 1 0
github.com/zpenka/grit/engine_rendering.go:562.31,563.27 1 0
github.com/zpenka/grit/engine_rendering.go:563.27,565.10 2 0
github.com/zpenka/grit/engine_rendering.go:570.2,575.33 2 1
github.com/zpenka/grit/engine_rendering.go:579.49,580.29 1 1
github.com/zpenka/grit/engine_rendering.go:580.29,582.3 1 1
github.com/zpenka/grit/engine_rendering.go:583.2,583.40 1 0
github.com/zpenka/grit/engine_rendering.go:587.48,588.20 1 1
github.com/zpenka/grit/engine_rendering.go:589.15,590.43 1 0
github.com/zpenka/grit/engine_rendering.go:591.16,592.50 1 0
github.com/zpenka/grit/engine_rendering.go:593.10,594.12 1 1
github.com/zpenka/grit/engine_rendering.go:599.69,601.72 2 1
github.com/zpenka/grit/engine_rendering.go:601.72,604.19 3 0
github.com/zpenka/grit/engine_rendering.go:604.19,606.4 1 0
github.com/zpenka/grit/engine_rendering.go:607.3,607.30 1 0
github.com/zpenka/grit/engine_rendering.go:609.2,612.4 1 1
github.com/zpenka/grit/engine_rendering.go:616.38,620.2 3 1
github.com/zpenka/grit/engine_rendering.go:623.37,627.2 3 1
github.com/zpenka/grit/engine_rendering.go:639.70,647.2 1 1
github.com/zpenka/grit/engine_rendering.go:650.64,652.27 2 1
github.com/zpenka/grit/engine_rendering.go:652.27,658.3 1 1
github.com/zpenka/grit/engine_rendering.go:659.2,659.13 1 1
github.com/zpenka/grit/engine_rendering.go:663.55,670.2 1 1
github.com/zpenka/grit/engine_rendering.go:673.59,677.2 1 1
github.com/zpenka/grit/engine_rendering.go:680.53,687.2 1 1
github.com/zpenka/grit/engine_rendering.go:691.63,693.16 2 1
github.com/zpenka/grit/engine_rendering.go:693.16,695.3 1 1
github.com/zpenka/grit/engine_rendering.go:697.2,698.28 2 1
github.com/zpenka/grit/engine_rendering.go:698.28,699.32 1 1
github.com/zpenka/grit/engine_rendering.go:699.32,701.4 1 1
github.com/zpenka/grit/engine_rendering.go:703.2,703.15 1 1
github.com/zpenka/grit/engine_rendering.go:706.75,708.28 2 1
github.com/zpenka/grit/engine_rendering.go:708.28,710.49 2 1
github.com/zpenka/grit/engine_rendering.go:710.49,712.4 1 1
github.com/zpenka/grit/engine_rendering.go:714.2,714.15 1 1
github.com/zpenka/grit/engine_rendering.go:717.69,719.28 2 1
github.com/zpenka/grit/engine_rendering.go:719.28,720.45 1 1
github.com/zpenka/grit/engine_rendering.go:720.45,722.4 1 1
github.com/zpenka/grit/engine_rendering.go:724.2,724.15 1 1
github.com/zpenka/grit/engine_rendering.go:727.63,729.28 2 1
github.com/zpenka/grit/engine_rendering.go:729.28,730.25 1 1
github.com/zpenka/grit/engine_rendering.go:730.25,732.4 1 1
github.com/zpenka/grit/engine_rendering.go:734.2,734.15 1 1
github.com/zpenka/grit/engine_rendering.go:745.76,746.17 1 1
github.com/zpenka/grit/engine_rendering.go:746.17,748.3 1 0
github.com/zpenka/grit/engine_rendering.go:750.2,751.23 2 1
github.com/zpenka/grit/engine_rendering.go:751.23,753.3 1 1
github.com/zpenka/grit/engine_rendering.go:754.2,754.23 1 1
github.com/zpenka/grit/engine_rendering.go:754.23,756.28 2 1
github.com/zpenka/grit/engine_rendering.go:756.28,757.82 1 1
github.com/zpenka/grit/engine_rendering.go:757.82,759.5 1 1
github.com/zpenka/grit/engine_rendering.go:761.3,761.20 1 1
github.com/zpenka/grit/engine_rendering.go:763.2,763.22 1 1
github.com/zpenka/grit/engine_rendering.go:763.22,765.3 1 0
github.com/zpenka/grit/engine_rendering.go:766.2,766.44 1 1
github.com/zpenka/grit/engine_rendering.go:766.44,768.3 1 0
github.com/zpenka/grit/engine_rendering.go:769.2,769.15 1 1
github.com/zpenka/grit/engine_rendering.go:772.36,774.20 2 1
github.com/zpenka/grit/engine_rendering.go:774.20,776.3 1 0
github.com/zpenka/grit/engine_rendering.go:777.2,778.13 2 1
github.com/zpenka/grit/engine_rendering.go:781.62,783.2 1 1
github.com/zpenka/grit/engine_rendering.go:792.59,794.2 1 1
github.com/zpenka/grit/engine_rendering.go:796.51,802.2 1 1
github.com/zpenka/grit/engine_rendering.go:813.62,819.2 1 1
github.com/zpenka/grit/engine_rendering.go:821.43,823.2 1 1
github.com/zpenka/grit/engine_rendering.go:826.53,828.28 2 1
github.com/zpenka/grit/engine_rendering.go:828.28,831.3 2 1
github.com/zpenka/grit/engine_rendering.go:832.2,832.74 1 1
github.com/zpenka/grit/engine_rendering.go:857.60,864.2 1 1
github.com/zpenka/grit/engine_rendering.go:866.70,872.2 1 1
github.com/zpenka/grit/engine_rendering.go:874.72,876.28 2 1
github.com/zpenka/grit/engine_rendering.go:876.28,878.3 1 1
github.com/zpenka/grit/engine_rendering.go:879.2,884.3 1 1
github.com/zpenka/grit/engine_rendering.go:888.53,895.2 6 1
github.com/zpenka/grit/engine_rendering.go:909.52,914.2 1 1
github.com/zpenka/grit/engine_rendering.go:916.62,921.2 1 1
github.com/zpenka/grit/engine_rendering.go:924.50,928.2 3 1
github.com/zpenka/grit/engine_rendering.go:931.55,935.2 3 1
github.com/zpenka/grit/engine_rendering.go:944.41,945.36 1 1
github.com/zpenka/grit/engine_rendering.go:945.36,948.3 2 0
github.com/zpenka/grit/engine_rendering.go:949.2,949.14 1 1
github.com/zpenka/grit/engine_rendering.go:952.45,953.20 1 1
github.com/zpenka/grit/engine_rendering.go:953.20,956.3 2 0
github.com/zpenka/grit/engine_rendering.go:957.2,957.14 1 1
github.com/zpenka/grit/engine_rendering.go:960.72,965.2 1 1
github.com/zpenka/grit/engine_rendering.go:968.48,970.28 2 1
github.com/zpenka/grit/engine_rendering.go:970.28,972.3 1 1
github.com/zpenka/grit/engine_rendering.go:973.2,976.4 1 1
github.com/zpenka/grit/engine_rendering.go:988.59,996.2 2 1
github.com/zpenka/grit/engine_rendering.go:999.58,1007.2 2 1
github.com/zpenka/grit/engine_rendering.go:1012.30,1021.2 2 1
github.com/zpenka/grit/engine_rendering.go:1024.38,1035.2 2 1
github.com/zpenka/grit/engine_rendering.go:1047.63,1049.28 2 1
github.com/zpenka/grit/engine_rendering.go:1049.28,1050.48 1 1
github.com/zpenka/grit/engine_rendering.go:1050.48,1055.4 1 1
github.com/zpenka/grit/engine_rendering.go:1056.3,1057.43 2 1
github.com/zpenka/grit/engine_rendering.go:1059.2,1059.17 1 1
github.com/zpenka/grit/engine_rendering.go:1062.68,1065.26 3 1
github.com/zpenka/grit/engine_rendering.go:1065.26,1067.3 1 1
github.com/zpenka/grit/engine_rendering.go:1068.2,1068.24 1 1
github.com/zpenka/grit/engine_rendering.go:1068.24,1070.3 1 0
github.com/zpenka/grit/engine_rendering.go:1071.2,1071.14 1 1
github.com/zpenka/grit/engine_rendering.go:1074.81,1081.2 1 1
github.com/zpenka/grit/engine_rendering.go:1084.53,1088.35 4 1
github.com/zpenka/grit/engine_rendering.go:1088.35,1090.3 1 1
github.com/zpenka/grit/engine_rendering.go:1091.2,1091.54 1 1
github.com/zpenka/grit/engine_rendering.go:1104.74,1106.28 2 1
github.com/zpenka/grit/engine_rendering.go:1106.28,1107.48 1 1
github.com/zpenka/grit/engine_rendering.go:1107.48,1113.4 1 1
github.com/zpenka/grit/engine_rendering.go:1114.3,1114.41 1 1
github.com/zpenka/grit/engine_rendering.go:1116.2,1116.18 1 1
github.com/zpenka/grit/engine_rendering.go:1119.80,1122.28 3 1
github.com/zpenka/grit/engine_rendering.go:1122.28,1123.28 1 1
github.com/zpenka/grit/engine_rendering.go:1123.28,1125.4 1 0
github.com/zpenka/grit/engine_rendering.go:1127.2,1127.43 1 1
github.com/zpenka/grit/engine_rendering.go:1127.43,1129.3 1 0
github.com/zpenka/grit/engine_rendering.go:1130.2,1130.18 1 1
github.com/zpenka/grit/engine_rendering.go:1133.96,1134.18 1 1
github.com/zpenka/grit/engine_rendering.go:1134.18,1136.3 1 0
github.com/zpenka/grit/engine_rendering.go:1137.2,1137.60 1 1
github.com/zpenka/grit/engine_rendering.go:1140.69,1142.28 2 1
github.com/zpenka/grit/engine_rendering.go:1142.28,1143.25 1 1
github.com/zpenka/grit/engine_rendering.go:1143.25,1145.4 1 1
github.com/zpenka/grit/engine_rendering.go:1147.2,1148.28 2 1
github.com/zpenka/grit/engine_rendering.go:1148.28,1150.3 1 1
github.com/zpenka/grit/engine_rendering.go:1151.2,1151.20 1 1
github.com/zpenka/grit/engine_rendering.go:1155.52,1158.37 3 1
github.com/zpenka/grit/engine_rendering.go:1158.37,1160.3 1 1
github.com/zpenka/grit/engine_rendering.go:1161.2,1161.55 1 1
github.com/zpenka/grit/engine_rendering.go:1175.58,1177.28 2 1
github.com/zpenka/grit/engine_rendering.go:1177.28,1179.3 1 1
github.com/zpenka/grit/engine_rendering.go:1180.2,1181.35 2 1
github.com/zpenka/grit/engine_rendering.go:1181.35,1186.3 1 1
github.com/zpenka/grit/engine_rendering.go:1187.2,1187.17 1 1
github.com/zpenka/grit/engine_rendering.go:1190.69,1192.28 2 1
github.com/zpenka/grit/engine_rendering.go:1192.28,1193.53 1 1
github.com/zpenka/grit/engine_rendering.go:1193.53,1195.4 1 1
github.com/zpenka/grit/engine_rendering.go:1197.2,1197.22 1 1
github.com/zpenka/grit/engine_rendering.go:1200.58,1201.20 1 1
github.com/zpenka/grit/engine_rendering.go:1201.20,1203.3 1 0
github.com/zpenka/grit/engine_rendering.go:1204.2,1204.82 1 1
github.com/zpenka/grit/engine_rendering.go:1207.66,1209.28 2 1
github.com/zpenka/grit/engine_rendering.go:1209.28,1210.49 1 1
github.com/zpenka/grit/engine_rendering.go:1210.49,1212.4 1 0
github.com/zpenka/grit/engine_rendering.go:1214.2,1214.16 1 1
github.com/zpenka/grit/engine_rendering.go:1218.47,1221.29 3 1
github.com/zpenka/grit/engine_rendering.go:1221.29,1223.3 1 1
github.com/zpenka/grit/engine_rendering.go:1224.2,1224.48 1 1
github.com/zpenka/grit/engine_rendering.go:1238.77,1240.28 2 1
github.com/zpenka/grit/engine_rendering.go:1240.28,1241.12 1 1
github.com/zpenka/grit/engine_rendering.go:1241.12,1249.4 1 0
github.com/zpenka/grit/engine_rendering.go:1251.2,1251.20 1 1
github.com/zpenka/grit/engine_rendering.go:1254.107,1260.2 1 1
github.com/zpenka/grit/engine_rendering.go:1262.77,1264.28 2 1
github.com/zpenka/grit/engine_rendering.go:1264.28,1265.42 1 1
github.com/zpenka/grit/engine_rendering.go:1265.42,1267.4 1 0
github.com/zpenka/grit/engine_rendering.go:1269.2,1269.15 1 1
github.com/zpenka/grit/engine_rendering.go:1272.83,1274.28 2 1
github.com/zpenka/grit/engine_rendering.go:1274.28,1275.42 1 1
github.com/zpenka/grit/engine_rendering.go:1275.42,1277.4 1 0
github.com/zpenka/grit/engine_rendering.go:1279.2,1279.15 1 1
github.com/zpenka/grit/engine_rendering.go:1283.58,1287.32 4 1
github.com/zpenka/grit/engine_rendering.go:1287.32,1289.20 2 0
github.com/zpenka/grit/engine_rendering.go:1289.20,1291.4 1 0
github.com/zpenka/grit/engine_rendering.go:1292.3,1292.67 1 0
github.com/zpenka/grit/engine_rendering.go:1294.2,1294.66 1 1
github.com/zpenka/grit/engine_rendering.go:1315.82,1317.28 2 1
github.com/zpenka/grit/engine_rendering.go:1317.28,1324.3 1 1
github.com/zpenka/grit/engine_rendering.go:1325.2,1325.21 1 1
github.com/zpenka/grit/engine_rendering.go:1328.71,1330.28 2 1
github.com/zpenka/grit/engine_rendering.go:1330.28,1331.48 1 1
github.com/zpenka/grit/engine_rendering.go:1331.48,1339.4 1 1
github.com/zpenka/grit/engine_rendering.go:1341.2,1341.17 1 1
github.com/zpenka/grit/engine_rendering.go:1344.69,1346.28 2 1
github.com/zpenka/grit/engine_rendering.go:1346.28,1348.3 1 1
github.com/zpenka/grit/engine_rendering.go:1349.2,1349.18 1 1
github.com/zpenka/grit/engine_rendering.go:1352.72,1354.28 2 1
github.com/zpenka/grit/engine_rendering.go:1354.28,1355.67 1 1
github.com/zpenka/grit/engine_rendering.go:1355.67,1357.4 1 0
github.com/zpenka/grit/engine_rendering.go:1359.2,1359.15 1 1
github.com/zpenka/grit/engine_rendering.go:1362.90,1363.21 1 1
github.com/zpenka/grit/engine_rendering.go:1363.21,1365.3 1 0
github.com/zpenka/grit/engine_rendering.go:1366.2,1367.42 2 1
github.com/zpenka/grit/engine_rendering.go:1371.56,1374.37 3 1
github.com/zpenka/grit/engine_rendering.go:1374.37,1376.3 1 1
github.com/zpenka/grit/engine_rendering.go:1377.2,1377.57 1 1
github.com/zpenka/grit/engine_rendering.go:1390.61,1396.37 2 1
github.com/zpenka/grit/engine_rendering.go:1396.37,1398.3 1 0
github.com/zpenka/grit/engine_rendering.go:1399.2,1399.37 1 1
github.com/zpenka/grit/engine_rendering.go:1399.37,1401.3 1 0
github.com/zpenka/grit/engine_rendering.go:1402.2,1402.17 1 1
github.com/zpenka/grit/engine_rendering.go:1405.39,1408.29 3 1
github.com/zpenka/grit/engine_rendering.go:1408.29,1409.20 1 1
github.com/zpenka/grit/engine_rendering.go:1409.20,1411.4 1 1
github.com/zpenka/grit/engine_rendering.go:1413.2,1413.28 1 1
github.com/zpenka/grit/engine_rendering.go:1423.49,1425.67 2 1
github.com/zpenka/grit/engine_rendering.go:1425.67,1431.3 1 0
github.com/zpenka/grit/engine_rendering.go:1432.2,1432.15 1 1
github.com/zpenka/grit/engine_rendering.go:1442.66,1448.38 2 1
github.com/zpenka/grit/engine_rendering.go:1448.38,1450.3 1 0
github.com/zpenka/grit/engine_rendering.go:1451.2,1451.15 1 1
github.com/zpenka/grit/engine_rendering.go:1454.58,1458.2 3 1
github.com/zpenka/grit/engine_rendering.go:1460.47,1463.37 3 1
github.com/zpenka/grit/engine_rendering.go:1463.37,1465.3 1 0
github.com/zpenka/grit/engine_rendering.go:1466.2,1466.37 1 1
github.com/zpenka/grit/engine_rendering.go:1466.37,1468.3 1 0
github.com/zpenka/grit/engine_rendering.go:1469.2,1470.20 2 1
github.com/zpenka/grit/engine_rendering.go:1473.51,1476.29 3 1
github.com/zpenka/grit/engine_rendering.go:1476.29,1477.38 1 1
github.com/zpenka/grit/engine_rendering.go:1477.38,1479.4 1 0
github.com/zpenka/grit/engine_rendering.go:1481.2,1481.18 1 1
github.com/zpenka/grit/engine_rendering.go:1485.47,1492.2 6 1
[...]
github.com/zpenka/grit/engine_test_helpers.go:122.32,124.3 1 0
github.com/zpenka/grit/engine_test_helpers.go:128.85,129.34 1 1
github.com/zpenka/grit/engine_test_helpers.go:129.34,131.3 1 0
github.com/zpenka/grit/engine_test_helpers.go:135.78,137.26 2 0
github.com/zpenka/grit/engine_test_helpers.go:137.26,138.16 1 0
github.com/zpenka/grit/engine_test_helpers.go:138.16,140.9 2 0
github.com/zpenka/grit/engine_test_helpers.go:143.2,143.12 1 0
github.com/zpenka/grit/engine_test_helpers.go:143.12,145.3 1 0
github.com/zpenka/grit/engine_test_helpers.go:177.40,187.2 1 1
github.com/zpenka/grit/engine_test_helpers.go:190.63,192.20 2 1
github.com/zpenka/grit/engine_test_helpers.go:192.20,194.3 1 1
github.com/zpenka/grit/engine_test_helpers.go:194.8,196.3 1 0
github.com/zpenka/grit/engine_test_helpers.go:197.2,197.11 1 1
github.com/zpenka/grit/engine_test_helpers.go:201.67,204.2 2 1
github.com/zpenka/grit/engine_test_helpers.go:207.69,210.2 2 1
github.com/zpenka/grit/engine_test_helpers.go:213.63,216.2 2 1
github.com/zpenka/grit/engine_test_helpers.go:219.41,221.2 1 1
github.com/zpenka/grit/engine_types.go:81.36,91.2 1 1
github.com/zpenka/grit/engine_visualization.go:26.69,28.28 2 1
github.com/zpenka/grit/engine_visualization.go:28.28,30.3 1 1
github.com/zpenka/grit/engine_visualization.go:31.2,32.39 2 1
github.com/zpenka/grit/engine_visualization.go:32.39,39.3 2 1
github.com/zpenka/grit/engine_visualization.go:41.2,41.36 1 1
github.com/zpenka/grit/engine_visualization.go:41.36,42.39 1 1
github.com/zpenka/grit/engine_visualization.go:42.39,43.43 1 1
github.com/zpenka/grit/engine_visualization.go:43.43,45.5 1 0
github.com/zpenka/grit/engine_visualization.go:48.2,48.14 1 1
github.com/zpenka/grit/engine_visualization.go:52.52,54.44 2 1
github.com/zpenka/grit/engine_visualization.go:54.44,56.3 1 0
github.com/zpenka/grit/engine_visualization.go:57.2,57.57 1 1
github.com/zpenka/grit/engine_visualization.go:61.54,65.28 4 1
github.com/zpenka/grit/engine_visualization.go:65.28,67.32 2 1
github.com/zpenka/grit/engine_visualization.go:67.32,69.4 1 1
github.com/zpenka/grit/engine_visualization.go:71.2,71.35 1 1
github.com/zpenka/grit/engine_visualization.go:71.35,77.3 1 1
github.com/zpenka/grit/engine_visualization.go:78.2,78.17 1 1
github.com/zpenka/grit/engine_visualization.go:82.56,84.38 2 1
github.com/zpenka/grit/engine_visualization.go:84.38,86.3 1 0
github.com/zpenka/grit/engine_visualization.go:87.2,87.43 1 1
github.com/zpenka/grit/engine_visualization.go:91.48,92.23 1 1
github.com/zpenka/grit/engine_visualization.go:92.23,98.3 1 1
github.com/zpenka/grit/engine_visualization.go:101.2,108.36 3 1
github.com/zpenka/grit/engine_visualization.go:108.36,116.36 3 1
github.com/zpenka/grit/engine_visualization.go:116.36,118.4 1 1
github.com/zpenka/grit/engine_visualization.go:120.2,120.13 1 1
github.com/zpenka/grit/engine_visualization.go:124.50,126.23 2 1
github.com/zpenka/grit/engine_visualization.go:126.23,128.3 1 0
github.com/zpenka/grit/engine_visualization.go:129.2,132.4 1 1
github.com/zpenka/grit/engine_visualization.go:135.55,138.38 3 1
github.com/zpenka/grit/engine_visualization.go:138.38,140.3 1 1
github.com/zpenka/grit/engine_visualization.go:144.49,148.93 2 1
github.com/zpenka/grit/engine_visualization.go:148.93,157.3 2 0
github.com/zpenka/grit/engine_visualization.go:160.2,161.30 2 1
github.com/zpenka/grit/engine_visualization.go:161.30,163.3 1 1
github.com/zpenka/grit/engine_visualization.go:165.2,166.32 2 1
github.com/zpenka/grit/engine_visualization.go:166.32,168.24 2 1
github.com/zpenka/grit/engine_visualization.go:168.24,169.9 1 1
github.com/zpenka/grit/engine_visualization.go:173.2,173.23 1 1
github.com/zpenka/grit/engine_visualization.go:173.23,181.3 1 1
github.com/zpenka/grit/engine_visualization.go:183.2,183.20 1 1
github.com/zpenka/grit/engine_visualization.go:187.58,188.35 1 1
github.com/zpenka/grit/engine_visualization.go:188.35,190.3 1 1
github.com/zpenka/grit/engine_visualization.go:191.2,196.86 3 0
github.com/zpenka/grit/engine_visualization.go:200.60,202.28 2 1
github.com/zpenka/grit/engine_visualization.go:202.28,204.27 2 1
github.com/zpenka/grit/engine_visualization.go:204.27,206.4 1 1
github.com/zpenka/grit/engine_visualization.go:208.2,209.34 2 1
github.com/zpenka/grit/engine_visualization.go:209.34,211.16 2 1
github.com/zpenka/grit/engine_visualization.go:211.16,213.4 1 0
github.com/zpenka/grit/engine_visualization.go:213.9,213.22 1 1
github.com/zpenka/grit/engine_visualization.go:213.22,215.4 1 0
github.com/zpenka/grit/engine_visualization.go:216.3,220.5 1 1
github.com/zpenka/grit/engine_visualization.go:222.2,222.16 1 1
github.com/zpenka/grit/engine_visualization.go:226.53,229.35 3 1
github.com/zpenka/grit/engine_visualization.go:229.35,233.3 3 0
github.com/zpenka/grit/engine_visualization.go:234.2,239.4 1 1
github.com/zpenka/grit/engine_workflows.go:25.50,27.51 2 1
github.com/zpenka/grit/engine_workflows.go:27.51,28.17 1 1
github.com/zpenka/grit/engine_workflows.go:28.17,29.12 1 1
github.com/zpenka/grit/engine_workflows.go:31.3,34.5 1 1
github.com/zpenka/grit/engine_workflows.go:36.2,36.18 1 1
github.com/zpenka/grit/engine_workflows.go:39.49,42.2 2 1
github.com/zpenka/grit/engine_workflows.go:45.51,47.33 2 1
github.com/zpenka/grit/engine_workflows.go:47.33,49.3 1 1
github.com/zpenka/grit/engine_workflows.go:50.2,50.44 1 1
github.com/zpenka/grit/engine_workflows.go:54.53,57.34 3 1
github.com/zpenka/grit/engine_workflows.go:57.34,58.46 1 1
github.com/zpenka/grit/engine_workflows.go:58.46,64.4 1 1
github.com/zpenka/grit/engine_workflows.go:66.2,66.13 1 1
github.com/zpenka/grit/engine_workflows.go:70.52,72.34 2 1
github.com/zpenka/grit/engine_workflows.go:72.34,74.3 1 1
github.com/zpenka/grit/engine_workflows.go:75.2,75.45 1 1
github.com/zpenka/grit/engine_workflows.go:79.75,87.2 2 1
github.com/zpenka/grit/engine_workflows.go:90.54,92.36 2 1
github.com/zpenka/grit/engine_workflows.go:92.36,94.3 1 1
github.com/zpenka/grit/engine_workflows.go:95.2,95.48 1 1
github.com/zpenka/grit/engine_workflows.go:99.92,107.2 2 1
github.com/zpenka/grit/engine_workflows.go:110.49,112.37 2 1
github.com/zpenka/grit/engine_workflows.go:112.37,114.3 1 1
github.com/zpenka/grit/engine_workflows.go:115.2,115.49 1 1
github.com/zpenka/grit/engine_workflows.go:119.77,121.51 2 1
github.com/zpenka/grit/engine_workflows.go:121.51,122.17 1 1
github.com/zpenka/grit/engine_workflows.go:122.17,123.12 1 0
github.com/zpenka/grit/engine_workflows.go:125.3,126.22 2 1
github.com/zpenka/grit/engine_workflows.go:126.22,133.4 2 1
github.com/zpenka/grit/engine_workflows.go:135.2,135.17 1 1
github.com/zpenka/grit/engine_workflows.go:139.51,141.39 2 1
github.com/zpenka/grit/engine_workflows.go:141.39,143.20 2 1
github.com/zpenka/grit/engine_workflows.go:143.20,145.4 1 1
github.com/zpenka/grit/engine_workflows.go:146.3,146.29 1 1
github.com/zpenka/grit/engine_workflows.go:148.2,148.49 1 1
github.com/zpenka/grit/grit.go:43.49,44.24 1 1
github.com/zpenka/grit/grit.go:44.24,47.16 2 0
github.com/zpenka/grit/grit.go:47.16,49.4 1 0
github.com/zpenka/grit/grit.go:50.3,51.17 2 0
github.com/zpenka/grit/grit.go:51.17,53.4 1 0
github.com/zpenka/grit/grit.go:54.3,54.53 1 0
github.com/zpenka/grit/grit.go:58.47,59.24 1 1
github.com/zpenka/grit/grit.go:59.24,62.17 2 0
github.com/zpenka/grit/grit.go:62.17,64.4 1 0
github.com/zpenka/grit/grit.go:65.3,65.47 1 0
github.com/zpenka/grit/grit.go:69.45,70.24 1 1
github.com/zpenka/grit/grit.go:70.24,72.17 2 0
github.com/zpenka/grit/grit.go:72.17,74.4 1 0
github.com/zpenka/grit/grit.go:75.3,79.4 2 0
github.com/zpenka/grit/grit.go:83.54,84.24 1 1
github.com/zpenka/grit/grit.go:84.24,87.17 2 0
github.com/zpenka/grit/grit.go:87.17,89.4 1 0
github.com/zpenka/grit/grit.go:90.3,90.49 1 0
github.com/zpenka/grit/grit.go:94.25,95.65 1 1
github.com/zpenka/grit/grit.go:95.65,97.3 1 0
github.com/zpenka/grit/grit.go:100.38,106.4 1 1
github.com/zpenka/grit/grit.go:106.4,109.35 3 1
github.com/zpenka/grit/grit.go:109.35,111.4 1 0
github.com/zpenka/grit/grit.go:113.2,113.46 1 1
github.com/zpenka/grit/grit.go:116.50,118.18 2 1
github.com/zpenka/grit/grit.go:118.18,120.3 1 1
github.com/zpenka/grit/grit.go:121.2,124.16 3 1
github.com/zpenka/grit/grit.go:124.16,125.25 1 0
github.com/zpenka/grit/grit.go:125.25,125.51 1 0
github.com/zpenka/grit/grit.go:127.2,131.50 5 1
github.com/zpenka/grit/grit.go:131.50,134.3 2 0
github.com/zpenka/grit/grit.go:137.31,139.2 1 1
github.com/zpenka/grit/grit.go:141.57,142.27 1 1
github.com/zpenka/grit/grit.go:143.25,146.16 3 1
github.com/zpenka/grit/grit.go:148.24,152.18 4 1
github.com/zpenka/grit/grit.go:152.18,155.4 2 1
github.com/zpenka/grit/grit.go:156.3,156.16 1 1
github.com/zpenka/grit/grit.go:158.21,165.16 7 1
github.com/zpenka/grit/grit.go:167.25,171.32 3 1
github.com/zpenka/grit/grit.go:171.32,172.24 1 1
github.com/zpenka/grit/grit.go:172.24,174.10 2 1
github.com/zpenka/grit/grit.go:177.3,178.16 2 1
github.com/zpenka/grit/grit.go:180.22,185.16 5 1
github.com/zpenka/grit/grit.go:187.21,189.16 2 1
github.com/zpenka/grit/grit.go:191.21,192.16 1 1
github.com/zpenka/grit/grit.go:195.2,196.9 2 1
github.com/zpenka/grit/grit.go:196.9,198.3 1 1
github.com/zpenka/grit/grit.go:200.2,200.29 1 1
github.com/zpenka/grit/grit.go:200.29,202.3 1 1
github.com/zpenka/grit/grit.go:205.2,205.17 1 1
github.com/zpenka/grit/grit.go:205.17,207.22 2 0
github.com/zpenka/grit/grit.go:208.12,209.22 1 0
github.com/zpenka/grit/grit.go:210.20,212.18 2 0
github.com/zpenka/grit/grit.go:212.18,214.5 1 0
github.com/zpenka/grit/grit.go:215.4,215.30 1 0
github.com/zpenka/grit/grit.go:215.30,217.5 1 0
github.com/zpenka/grit/grit.go:218.18,219.25 1 0
github.com/zpenka/grit/grit.go:219.25,221.5 1 0
github.com/zpenka/grit/grit.go:222.17,224.18 2 0
github.com/zpenka/grit/grit.go:224.18,226.5 1 0
github.com/zpenka/grit/grit.go:227.4,228.30 2 0
github.com/zpenka/grit/grit.go:228.30,230.5 1 0
github.com/zpenka/grit/grit.go:231.12,233.25 2 0
github.com/zpenka/grit/grit.go:233.25,235.5 1 0
github.com/zpenka/grit/grit.go:236.12,237.21 1 0
github.com/zpenka/grit/grit.go:238.12,239.37 1 0
github.com/zpenka/grit/grit.go:240.19,243.35 2 0
github.com/zpenka/grit/grit.go:243.35,244.34 1 0
github.com/zpenka/grit/grit.go:244.34,246.11 2 0
github.com/zpenka/grit/grit.go:250.3,250.16 1 0
github.com/zpenka/grit/grit.go:254.2,254.17 1 1
github.com/zpenka/grit/grit.go:254.17,255.18 1 0
github.com/zpenka/grit/grit.go:256.19,261.19 5 0
github.com/zpenka/grit/grit.go:261.19,264.5 2 0
github.com/zpenka/grit/grit.go:265.21,266.23 1 0
github.com/zpenka/grit/grit.go:267.25,269.22 2 0
github.com/zpenka/grit/grit.go:269.22,273.60 4 0
github.com/zpenka/grit/grit.go:273.60,276.6 2 0
github.com/zpenka/grit/grit.go:278.11,279.25 1 0
github.com/zpenka/grit/grit.go:279.25,283.60 4 0
github.com/zpenka/grit/grit.go:283.60,286.6 2 0
github.com/zpenka/grit/grit.go:289.3,289.16 1 0
github.com/zpenka/grit/grit.go:292.2,295.21 2 1
github.com/zpenka/grit/grit.go:296.11,297.21 1 1
github.com/zpenka/grit/grit.go:298.13,299.10 1 0
github.com/zpenka/grit/grit.go:300.21,301.27 1 0
github.com/zpenka/grit/grit.go:302.20,303.25 1 0
github.com/zpenka/grit/grit.go:304.11,305.22 1 0
github.com/zpenka/grit/grit.go:307.3,308.16 2 0
github.com/zpenka/grit/grit.go:309.11,312.16 3 0
github.com/zpenka/grit/grit.go:313.11,314.42 1 0
github.com/zpenka/grit/grit.go:314.42,317.4 2 0
github.com/zpenka/grit/grit.go:318.3,319.16 2 0
github.com/zpenka/grit/grit.go:320.11,321.20 1 0
github.com/zpenka/grit/grit.go:321.20,325.4 3 0
github.com/zpenka/grit/grit.go:326.3,328.16 3 0
github.com/zpenka/grit/grit.go:329.11,330.56 1 0
github.com/zpenka/grit/grit.go:330.56,334.4 3 0
github.com/zpenka/grit/grit.go:335.3,335.16 1 0
github.com/zpenka/grit/grit.go:336.11,337.25 1 0
github.com/zpenka/grit/grit.go:337.25,338.61 1 0
github.com/zpenka/grit/grit.go:338.61,340.5 1 0
github.com/zpenka/grit/grit.go:340.10,342.5 1 0
github.com/zpenka/grit/grit.go:343.4,344.24 2 0
github.com/zpenka/grit/grit.go:346.3,346.16 1 0
github.com/zpenka/grit/grit.go:347.11,348.25 1 0
github.com/zpenka/grit/grit.go:348.25,351.4 2 0
github.com/zpenka/grit/grit.go:352.3,352.16 1 0
github.com/zpenka/grit/grit.go:355.2,358.18 2 0
github.com/zpenka/grit/grit.go:358.18,359.22 1 0
github.com/zpenka/grit/grit.go:360.20,361.42 1 0
github.com/zpenka/grit/grit.go:361.42,363.5 1 0
github.com/zpenka/grit/grit.go:364.18,365.26 1 0
github.com/zpenka/grit/grit.go:365.26,367.5 1 0
github.com/zpenka/grit/grit.go:368.21,369.40 1 0
github.com/zpenka/grit/grit.go:369.40,377.5 7 0
github.com/zpenka/grit/grit.go:378.14,379.27 1 0
github.com/zpenka/grit/grit.go:381.3,381.16 1 0
github.com/zpenka/grit/grit.go:385.2,385.17 1 0
github.com/zpenka/grit/grit.go:385.17,386.22 1 0
github.com/zpenka/grit/grit.go:387.20,388.41 1 0
github.com/zpenka/grit/grit.go:388.41,390.5 1 0
github.com/zpenka/grit/grit.go:391.18,392.24 1 0
github.com/zpenka/grit/grit.go:392.24,394.5 1 0
github.com/zpenka/grit/grit.go:395.21,396.39 1 0
github.com/zpenka/grit/grit.go:396.39,400.5 3 0
github.com/zpenka/grit/grit.go:401.14,402.25 1 0
github.com/zpenka/grit/grit.go:404.3,404.16 1 0
github.com/zpenka/grit/grit.go:407.2,407.26 1 0
github.com/zpenka/grit/grit.go:407.26,409.72 1 0
github.com/zpenka/grit/grit.go:409.72,412.4 2 0
github.com/zpenka/grit/grit.go:413.3,416.22 3 0
github.com/zpenka/grit/grit.go:417.20,419.28 2 0
github.com/zpenka/grit/grit.go:419.28,421.5 1 0
github.com/zpenka/grit/grit.go:422.4,422.47 1 0
github.com/zpenka/grit/grit.go:422.47,427.5 4 0
github.com/zpenka/grit/grit.go:428.18,430.21 2 0
github.com/zpenka/grit/grit.go:430.21,432.5 1 0
github.com/zpenka/grit/grit.go:433.4,433.29 1 0
github.com/zpenka/grit/grit.go:433.29,438.5 4 0
github.com/zpenka/grit/grit.go:439.12,440.36 1 0
github.com/zpenka/grit/grit.go:440.36,445.5 4 0
github.com/zpenka/grit/grit.go:446.12,447.58 1 0
github.com/zpenka/grit/grit.go:447.58,452.5 4 0
github.com/zpenka/grit/grit.go:453.12,454.22 1 0
github.com/zpenka/grit/grit.go:456.8,458.22 2 0
github.com/zpenka/grit/grit.go:459.20,460.36 1 0
github.com/zpenka/grit/grit.go:461.18,462.34 1 0
github.com/zpenka/grit/grit.go:463.17,464.43 1 0
github.com/zpenka/grit/grit.go:465.12,466.41 1 0
github.com/zpenka/grit/grit.go:467.12,468.20 1 0
github.com/zpenka/grit/grit.go:469.12,470.51 1 0
github.com/zpenka/grit/grit.go:471.12,472.22 1 0
github.com/zpenka/grit/grit.go:476.2,476.15 1 0
github.com/zpenka/grit/grit.go:479.30,480.35 1 1
github.com/zpenka/grit/grit.go:480.35,482.3 1 1
github.com/zpenka/grit/grit.go:484.2,494.24 8 1
github.com/zpenka/grit/grit.go:494.24,497.3 2 1
github.com/zpenka/grit/grit.go:498.2,504.9 5 1
github.com/zpenka/grit/grit.go:505.20,507.75 2 0
github.com/zpenka/grit/grit.go:508.19,510.75 2 0
github.com/zpenka/grit/grit.go:511.21,513.27 2 0
github.com/zpenka/grit/grit.go:513.27,515.4 1 0
github.com/zpenka/grit/grit.go:515.9,517.4 1 0
github.com/zpenka/grit/grit.go:518.10,519.27 1 1
github.com/zpenka/grit/grit.go:519.27,521.4 1 1
github.com/zpenka/grit/grit.go:521.9,523.4 1 0
github.com/zpenka/grit/grit.go:527.2,528.9 2 1
github.com/zpenka/grit/grit.go:529.19,532.27 3 0
github.com/zpenka/grit/grit.go:532.27,534.4 1 0
github.com/zpenka/grit/grit.go:534.9,536.4 1 0
github.com/zpenka/grit/grit.go:537.17,538.49 1 0
github.com/zpenka/grit/grit.go:539.20,540.49 1 1
github.com/zpenka/grit/grit.go:541.10,545.27 3 1
github.com/zpenka/grit/grit.go:545.27,547.4 1 0
github.com/zpenka/grit/grit.go:547.9,549.4 1 1
github.com/zpenka/grit/grit.go:552.2,559.21 6 1
github.com/zpenka/grit/grit.go:559.21,561.3 1 1
github.com/zpenka/grit/grit.go:562.2,562.34 1 1
github.com/zpenka/grit/grit.go:562.34,564.22 2 1
github.com/zpenka/grit/grit.go:564.22,566.4 1 1
github.com/zpenka/grit/grit.go:570.2,571.19 2 1
github.com/zpenka/grit/grit.go:571.19,573.3 1 1
github.com/zpenka/grit/grit.go:574.2,574.41 1 1
github.com/zpenka/grit/grit.go:574.41,576.20 2 1
github.com/zpenka/grit/grit.go:576.20,578.4 1 1
github.com/zpenka/grit/grit.go:582.2,583.21 2 1
github.com/zpenka/grit/grit.go:583.21,585.3 1 1
github.com/zpenka/grit/grit.go:586.2,586.42 1 1
github.com/zpenka/grit/grit.go:586.42,588.22 2 1
github.com/zpenka/grit/grit.go:588.22,590.4 1 1
github.com/zpenka/grit/grit.go:593.2,593.30 1 1
github.com/zpenka/grit/grit.go:593.30,595.10 2 1
github.com/zpenka/grit/grit.go:596.21,597.55 1 0
github.com/zpenka/grit/grit.go:598.20,599.51 1 0
github.com/zpenka/grit/grit.go:600.11,601.59 1 1
github.com/zpenka/grit/grit.go:604.3,605.18 2 1
github.com/zpenka/grit/grit.go:605.18,607.4 1 0
github.com/zpenka/grit/grit.go:607.9,609.4 1 1
github.com/zpenka/grit/grit.go:611.3,614.23 4 1
github.com/zpenka/grit/grit.go:618.2,619.9 2 1
github.com/zpenka/grit/grit.go:620.21,621.45 1 0
github.com/zpenka/grit/grit.go:622.19,623.88 1 0
github.com/zpenka/grit/grit.go:624.24,625.97 1 0
github.com/zpenka/grit/grit.go:626.19,627.106 1 0
github.com/zpenka/grit/grit.go:628.20,629.88 1 0
github.com/zpenka/grit/grit.go:630.19,631.87 1 0
github.com/zpenka/grit/grit.go:632.28,633.111 1 0
github.com/zpenka/grit/grit.go:634.10,635.158 1 1
github.com/zpenka/grit/grit.go:637.2,640.85 3 1
github.com/zpenka/grit/grit.go:643.67,651.18 3 1
github.com/zpenka/grit/grit.go:651.18,653.3 1 1
github.com/zpenka/grit/grit.go:654.2,654.31 1 1
github.com/zpenka/grit/grit.go:654.31,656.3 1 1
github.com/zpenka/grit/grit.go:657.2,660.47 3 1
github.com/zpenka/grit/grit.go:660.47,661.72 1 1
github.com/zpenka/grit/grit.go:661.72,663.4 1 1
github.com/zpenka/grit/grit.go:664.3,664.12 1 1
github.com/zpenka/grit/grit.go:666.2,667.21 2 1
github.com/zpenka/grit/grit.go:667.21,669.3 1 1
github.com/zpenka/grit/grit.go:669.8,671.3 1 1
github.com/zpenka/grit/grit.go:672.2,676.40 5 1
github.com/zpenka/grit/grit.go:679.52,681.40 2 1
github.com/zpenka/grit/grit.go:681.40,683.3 1 1
github.com/zpenka/grit/grit.go:684.2,686.47 3 1
github.com/zpenka/grit/grit.go:686.47,687.15 1 1
github.com/zpenka/grit/grit.go:687.15,689.4 1 1
github.com/zpenka/grit/grit.go:690.3,690.12 1 0
github.com/zpenka/grit/grit.go:692.2,693.14 2 1
github.com/zpenka/grit/grit.go:693.14,695.3 1 1
github.com/zpenka/grit/grit.go:695.8,697.3 1 0
github.com/zpenka/grit/grit.go:698.2,699.19 2 1
github.com/zpenka/grit/grit.go:702.54,704.39 2 1
github.com/zpenka/grit/grit.go:704.39,706.3 1 1
github.com/zpenka/grit/grit.go:707.2,711.47 4 1
github.com/zpenka/grit/grit.go:711.47,712.15 1 1
github.com/zpenka/grit/grit.go:712.15,714.4 1 1
github.com/zpenka/grit/grit.go:715.3,715.12 1 0
github.com/zpenka/grit/grit.go:717.2,718.14 2 1
github.com/zpenka/grit/grit.go:718.14,720.3 1 1
github.com/zpenka/grit/grit.go:720.8,722.3 1 0
github.com/zpenka/grit/grit.go:724.2,725.15 2 1
github.com/zpenka/grit/grit.go:725.15,727.3 1 0
github.com/zpenka/grit/grit.go:728.2,730.15 3 1
github.com/zpenka/grit/grit.go:730.15,732.3 1 1
github.com/zpenka/grit/grit.go:732.8,734.3 1 0
github.com/zpenka/grit/grit.go:735.2,736.28 2 1
github.com/zpenka/grit/grit.go:739.53,740.41 1 1
github.com/zpenka/grit/grit.go:740.41,742.3 1 1
github.com/zpenka/grit/grit.go:743.2,749.18 7 1
github.com/zpenka/grit/grit.go:749.18,751.3 1 0
github.com/zpenka/grit/grit.go:752.2,757.40 6 1
github.com/zpenka/grit/grit.go:760.52,761.40 1 1
github.com/zpenka/grit/grit.go:761.40,763.3 1 1
github.com/zpenka/grit/grit.go:764.2,766.17 3 1
github.com/zpenka/grit/grit.go:767.17,768.31 1 1
github.com/zpenka/grit/grit.go:769.19,770.34 1 1
github.com/zpenka/grit/grit.go:771.16,772.32 1 1
github.com/zpenka/grit/grit.go:773.16,774.32 1 1
github.com/zpenka/grit/grit.go:775.10,776.14 1 1
github.com/zpenka/grit/grit.go:780.39,782.18 2 1
github.com/zpenka/grit/grit.go:782.18,784.3 1 1
github.com/zpenka/grit/grit.go:785.2,785.19 1 1
github.com/zpenka/grit/grit.go:790.12,792.22 1 0
github.com/zpenka/grit/grit.go:792.22,793.21 1 0
github.com/zpenka/grit/grit.go:794.26,796.10 2 0
github.com/zpenka/grit/grit.go:797.23,803.10 6 0
github.com/zpenka/grit/grit.go:807.2,809.20 3 0
github.com/zpenka/grit/grit.go:809.20,811.3 1 0
github.com/zpenka/grit/grit.go:812.2,813.35 2 0
github.com/zpenka/grit/grit.go:813.35,815.3 1 0
